2024-01-17 22:07:18.366  INFO 87516 --- [main] com.dreamchaser.Application : Starting Application on Chaos-Mac-mini.charter.com with PID 87516 (/Users/chaowan/Downloads/myblog-master/target/classes started by chaowan in /Users/chaowan/Downloads/myblog-master)
2024-01-17 22:07:18.367  INFO 87516 --- [main] com.dreamchaser.Application : The following profiles are active: server
2024-01-17 22:07:19.427  INFO 87516 --- [main] org.springframework.boot.web.embedded.tomcat.TomcatWebServer : Tomcat initialized with port(s): 9090 (http)
2024-01-17 22:07:19.432  INFO 87516 --- [main] org.apache.catalina.core.StandardService : Starting service [Tomcat]
2024-01-17 22:07:19.434  INFO 87516 --- [main] org.apache.catalina.core.StandardEngine : Starting Servlet engine: [Apache Tomcat/9.0.36]
2024-01-17 22:07:19.481  INFO 87516 --- [main] org.apache.catalina.core.ContainerBase.[Tomcat].[localhost].[/] : Initializing Spring embedded WebApplicationContext
2024-01-17 22:07:19.481  INFO 87516 --- [main] org.springframework.boot.web.servlet.context.ServletWebServerApplicationContext : Root WebApplicationContext: initialization completed in 1080 ms
2024-01-17 22:07:19.586  INFO 87516 --- [main] com.alibaba.druid.spring.boot.autoconfigure.DruidDataSourceAutoConfigure : Init DruidDataSource
2024-01-17 22:07:19.679  INFO 87516 --- [main] com.alibaba.druid.pool.DruidDataSource : {dataSource-1} inited
2024-01-17 22:07:20.358  INFO 87516 --- [main] org.springframework.scheduling.concurrent.ThreadPoolTaskExecutor : Initializing ExecutorService 'applicationTaskExecutor'
2024-01-17 22:07:20.457  INFO 87516 --- [main] org.springframework.boot.autoconfigure.web.servlet.WelcomePageHandlerMapping : Adding welcome page template: index
2024-01-17 22:07:20.673  INFO 87516 --- [main] org.springframework.boot.web.embedded.tomcat.TomcatWebServer : Tomcat started on port(s): 9090 (http) with context path ''
2024-01-17 22:07:20.681  INFO 87516 --- [main] com.dreamchaser.Application : Started Application in 2.705 seconds (JVM running for 3.25)
2024-01-17 22:07:29.177  INFO 87516 --- [http-nio-9090-exec-1] org.apache.catalina.core.ContainerBase.[Tomcat].[localhost].[/] : Initializing Spring DispatcherServlet 'dispatcherServlet'
2024-01-17 22:07:29.181  INFO 87516 --- [http-nio-9090-exec-1] org.springframework.web.servlet.DispatcherServlet : Initializing Servlet 'dispatcherServlet'
2024-01-17 22:07:29.192  INFO 87516 --- [http-nio-9090-exec-1] org.springframework.web.servlet.DispatcherServlet : Completed initialization in 11 ms
2024-01-17 22:07:29.221  INFO 87516 --- [http-nio-9090-exec-1] com.dreamchaser.aop.WebLogAspect : ################URL : http://localhost:9090/
2024-01-17 22:07:29.222  INFO 87516 --- [http-nio-9090-exec-1] com.dreamchaser.aop.WebLogAspect : ################HTTP_METHOD : GET
2024-01-17 22:07:29.222  INFO 87516 --- [http-nio-9090-exec-1] com.dreamchaser.aop.WebLogAspect : ################IP : 0:0:0:0:0:0:0:1
2024-01-17 22:07:29.222  INFO 87516 --- [http-nio-9090-exec-1] com.dreamchaser.aop.WebLogAspect : ################THE ARGS OF THE CONTROLLER : [{}]
2024-01-17 22:07:29.223  INFO 87516 --- [http-nio-9090-exec-1] com.dreamchaser.aop.WebLogAspect : ################CLASS_METHOD : com.dreamchaser.controller.PageController.index
2024-01-17 22:07:41.050  INFO 87516 --- [http-nio-9090-exec-2] com.dreamchaser.aop.WebLogAspect : ################URL : http://localhost:9090/about
2024-01-17 22:07:41.052  INFO 87516 --- [http-nio-9090-exec-2] com.dreamchaser.aop.WebLogAspect : ################HTTP_METHOD : GET
2024-01-17 22:07:41.052  INFO 87516 --- [http-nio-9090-exec-2] com.dreamchaser.aop.WebLogAspect : ################IP : 0:0:0:0:0:0:0:1
2024-01-17 22:07:41.052  INFO 87516 --- [http-nio-9090-exec-2] com.dreamchaser.aop.WebLogAspect : ################THE ARGS OF THE CONTROLLER : []
2024-01-17 22:07:41.052  INFO 87516 --- [http-nio-9090-exec-2] com.dreamchaser.aop.WebLogAspect : ################CLASS_METHOD : com.dreamchaser.controller.PageController.about
2024-01-17 22:07:43.485  INFO 87516 --- [http-nio-9090-exec-8] com.dreamchaser.aop.WebLogAspect : ################URL : http://localhost:9090/
2024-01-17 22:07:43.486  INFO 87516 --- [http-nio-9090-exec-8] com.dreamchaser.aop.WebLogAspect : ################HTTP_METHOD : GET
2024-01-17 22:07:43.487  INFO 87516 --- [http-nio-9090-exec-8] com.dreamchaser.aop.WebLogAspect : ################IP : 0:0:0:0:0:0:0:1
2024-01-17 22:07:43.487  INFO 87516 --- [http-nio-9090-exec-8] com.dreamchaser.aop.WebLogAspect : ################THE ARGS OF THE CONTROLLER : [{}]
2024-01-17 22:07:43.487  INFO 87516 --- [http-nio-9090-exec-8] com.dreamchaser.aop.WebLogAspect : ################CLASS_METHOD : com.dreamchaser.controller.PageController.index
2024-01-17 22:07:45.595  INFO 87516 --- [http-nio-9090-exec-7] com.dreamchaser.aop.WebLogAspect : ################URL : http://localhost:9090/search
2024-01-17 22:07:45.599  INFO 87516 --- [http-nio-9090-exec-7] com.dreamchaser.aop.WebLogAspect : ################HTTP_METHOD : GET
2024-01-17 22:07:45.599  INFO 87516 --- [http-nio-9090-exec-7] com.dreamchaser.aop.WebLogAspect : ################IP : 0:0:0:0:0:0:0:1
2024-01-17 22:07:45.599  INFO 87516 --- [http-nio-9090-exec-7] com.dreamchaser.aop.WebLogAspect : ################THE ARGS OF THE CONTROLLER : [{title=}]
2024-01-17 22:07:45.600  INFO 87516 --- [http-nio-9090-exec-7] com.dreamchaser.aop.WebLogAspect : ################CLASS_METHOD : com.dreamchaser.controller.PageController.index_search
2024-01-17 22:08:30.423  INFO 87516 --- [http-nio-9090-exec-5] com.dreamchaser.aop.WebLogAspect : ################URL : http://localhost:9090/
2024-01-17 22:08:30.425  INFO 87516 --- [http-nio-9090-exec-5] com.dreamchaser.aop.WebLogAspect : ################HTTP_METHOD : GET
2024-01-17 22:08:30.425  INFO 87516 --- [http-nio-9090-exec-5] com.dreamchaser.aop.WebLogAspect : ################IP : 0:0:0:0:0:0:0:1
2024-01-17 22:08:30.425  INFO 87516 --- [http-nio-9090-exec-5] com.dreamchaser.aop.WebLogAspect : ################THE ARGS OF THE CONTROLLER : [{}]
2024-01-17 22:08:30.426  INFO 87516 --- [http-nio-9090-exec-5] com.dreamchaser.aop.WebLogAspect : ################CLASS_METHOD : com.dreamchaser.controller.PageController.index
2024-01-17 22:08:37.062  INFO 87516 --- [http-nio-9090-exec-2] com.dreamchaser.aop.WebLogAspect : ################URL : http://localhost:9090/page_types
2024-01-17 22:08:37.063  INFO 87516 --- [http-nio-9090-exec-2] com.dreamchaser.aop.WebLogAspect : ################HTTP_METHOD : GET
2024-01-17 22:08:37.063  INFO 87516 --- [http-nio-9090-exec-2] com.dreamchaser.aop.WebLogAspect : ################IP : 0:0:0:0:0:0:0:1
2024-01-17 22:08:37.063  INFO 87516 --- [http-nio-9090-exec-2] com.dreamchaser.aop.WebLogAspect : ################THE ARGS OF THE CONTROLLER : [{}]
2024-01-17 22:08:37.063  INFO 87516 --- [http-nio-9090-exec-2] com.dreamchaser.aop.WebLogAspect : ################CLASS_METHOD : com.dreamchaser.controller.PageController.page_types
2024-01-17 22:08:38.265  INFO 87516 --- [http-nio-9090-exec-3] com.dreamchaser.aop.WebLogAspect : ################URL : http://localhost:9090/
2024-01-17 22:08:38.270  INFO 87516 --- [http-nio-9090-exec-3] com.dreamchaser.aop.WebLogAspect : ################HTTP_METHOD : GET
2024-01-17 22:08:38.271  INFO 87516 --- [http-nio-9090-exec-3] com.dreamchaser.aop.WebLogAspect : ################IP : 0:0:0:0:0:0:0:1
2024-01-17 22:08:38.271  INFO 87516 --- [http-nio-9090-exec-3] com.dreamchaser.aop.WebLogAspect : ################THE ARGS OF THE CONTROLLER : [{}]
2024-01-17 22:08:38.271  INFO 87516 --- [http-nio-9090-exec-3] com.dreamchaser.aop.WebLogAspect : ################CLASS_METHOD : com.dreamchaser.controller.PageController.index
2024-01-17 22:11:56.902  INFO 87516 --- [http-nio-9090-exec-7] com.dreamchaser.aop.WebLogAspect : ################URL : http://localhost:9090/login
2024-01-17 22:11:56.903  INFO 87516 --- [http-nio-9090-exec-7] com.dreamchaser.aop.WebLogAspect : ################HTTP_METHOD : GET
2024-01-17 22:11:56.903  INFO 87516 --- [http-nio-9090-exec-7] com.dreamchaser.aop.WebLogAspect : ################IP : 0:0:0:0:0:0:0:1
2024-01-17 22:11:56.903  INFO 87516 --- [http-nio-9090-exec-7] com.dreamchaser.aop.WebLogAspect : ################THE ARGS OF THE CONTROLLER : []
2024-01-17 22:11:56.904  INFO 87516 --- [http-nio-9090-exec-7] com.dreamchaser.aop.WebLogAspect : ################CLASS_METHOD : com.dreamchaser.controller.PageController.login
2024-01-17 22:15:55.032  INFO 87516 --- [SpringContextShutdownHook] org.springframework.scheduling.concurrent.ThreadPoolTaskExecutor : Shutting down ExecutorService 'applicationTaskExecutor'
2024-01-17 22:15:55.036  INFO 87516 --- [SpringContextShutdownHook] com.alibaba.druid.pool.DruidDataSource : {dataSource-1} closing ...
2024-01-17 22:15:55.043  INFO 87516 --- [SpringContextShutdownHook] com.alibaba.druid.pool.DruidDataSource : {dataSource-1} closed
2024-01-17 22:15:57.375  INFO 98223 --- [main] com.dreamchaser.Application : Starting Application on Chaos-Mac-mini.charter.com with PID 98223 (/Users/chaowan/Downloads/myblog-master/target/classes started by chaowan in /Users/chaowan/Downloads/myblog-master)
2024-01-17 22:15:57.376  INFO 98223 --- [main] com.dreamchaser.Application : The following profiles are active: server
2024-01-17 22:15:58.433  INFO 98223 --- [main] org.springframework.boot.web.embedded.tomcat.TomcatWebServer : Tomcat initialized with port(s): 9090 (http)
2024-01-17 22:15:58.438  INFO 98223 --- [main] org.apache.catalina.core.StandardService : Starting service [Tomcat]
2024-01-17 22:15:58.440  INFO 98223 --- [main] org.apache.catalina.core.StandardEngine : Starting Servlet engine: [Apache Tomcat/9.0.36]
2024-01-17 22:15:58.488  INFO 98223 --- [main] org.apache.catalina.core.ContainerBase.[Tomcat].[localhost].[/] : Initializing Spring embedded WebApplicationContext
2024-01-17 22:15:58.489  INFO 98223 --- [main] org.springframework.boot.web.servlet.context.ServletWebServerApplicationContext : Root WebApplicationContext: initialization completed in 1081 ms
2024-01-17 22:15:58.597  INFO 98223 --- [main] com.alibaba.druid.spring.boot.autoconfigure.DruidDataSourceAutoConfigure : Init DruidDataSource
2024-01-17 22:15:58.707  INFO 98223 --- [main] com.alibaba.druid.pool.DruidDataSource : {dataSource-1} inited
2024-01-17 22:15:59.292  INFO 98223 --- [main] org.springframework.scheduling.concurrent.ThreadPoolTaskExecutor : Initializing ExecutorService 'applicationTaskExecutor'
2024-01-17 22:15:59.359  INFO 98223 --- [main] org.springframework.boot.autoconfigure.web.servlet.WelcomePageHandlerMapping : Adding welcome page template: index
2024-01-17 22:15:59.532  INFO 98223 --- [main] org.springframework.boot.web.embedded.tomcat.TomcatWebServer : Tomcat started on port(s): 9090 (http) with context path ''
2024-01-17 22:15:59.544  INFO 98223 --- [main] com.dreamchaser.Application : Started Application in 2.543 seconds (JVM running for 2.998)
2024-01-17 22:16:01.194  INFO 98223 --- [http-nio-9090-exec-1] org.apache.catalina.core.ContainerBase.[Tomcat].[localhost].[/] : Initializing Spring DispatcherServlet 'dispatcherServlet'
2024-01-17 22:16:01.196  INFO 98223 --- [http-nio-9090-exec-1] org.springframework.web.servlet.DispatcherServlet : Initializing Servlet 'dispatcherServlet'
2024-01-17 22:16:01.205  INFO 98223 --- [http-nio-9090-exec-1] org.springframework.web.servlet.DispatcherServlet : Completed initialization in 9 ms
2024-01-17 22:16:01.223  INFO 98223 --- [http-nio-9090-exec-1] com.dreamchaser.aop.WebLogAspect : ################URL : http://localhost:9090/login
2024-01-17 22:16:01.223  INFO 98223 --- [http-nio-9090-exec-1] com.dreamchaser.aop.WebLogAspect : ################HTTP_METHOD : GET
2024-01-17 22:16:01.223  INFO 98223 --- [http-nio-9090-exec-1] com.dreamchaser.aop.WebLogAspect : ################IP : 0:0:0:0:0:0:0:1
2024-01-17 22:16:01.223  INFO 98223 --- [http-nio-9090-exec-1] com.dreamchaser.aop.WebLogAspect : ################THE ARGS OF THE CONTROLLER : []
2024-01-17 22:16:01.224  INFO 98223 --- [http-nio-9090-exec-1] com.dreamchaser.aop.WebLogAspect : ################CLASS_METHOD : com.dreamchaser.controller.PageController.login
2024-01-17 22:17:17.797  INFO 98223 --- [http-nio-9090-exec-5] com.dreamchaser.aop.WebLogAspect : ################URL : http://localhost:9090/user/login
2024-01-17 22:17:17.797  INFO 98223 --- [http-nio-9090-exec-5] com.dreamchaser.aop.WebLogAspect : ################HTTP_METHOD : POST
2024-01-17 22:17:17.797  INFO 98223 --- [http-nio-9090-exec-5] com.dreamchaser.aop.WebLogAspect : ################IP : 0:0:0:0:0:0:0:1
2024-01-17 22:17:17.798  INFO 98223 --- [http-nio-9090-exec-5] com.dreamchaser.aop.WebLogAspect : ################THE ARGS OF THE CONTROLLER : [{name=admin, password=admin}, org.apache.catalina.session.StandardSessionFacade@5752fd99]
2024-01-17 22:17:17.798  INFO 98223 --- [http-nio-9090-exec-5] com.dreamchaser.aop.WebLogAspect : ################CLASS_METHOD : com.dreamchaser.controller.UserController.loginUser
2024-01-17 22:17:18.257  INFO 98223 --- [http-nio-9090-exec-6] com.dreamchaser.aop.WebLogAspect : ################URL : http://localhost:9090/admin/blogs
2024-01-17 22:17:18.258  INFO 98223 --- [http-nio-9090-exec-6] com.dreamchaser.aop.WebLogAspect : ################HTTP_METHOD : GET
2024-01-17 22:17:18.258  INFO 98223 --- [http-nio-9090-exec-6] com.dreamchaser.aop.WebLogAspect : ################IP : 0:0:0:0:0:0:0:1
2024-01-17 22:17:18.258  INFO 98223 --- [http-nio-9090-exec-6] com.dreamchaser.aop.WebLogAspect : ################THE ARGS OF THE CONTROLLER : []
2024-01-17 22:17:18.258  INFO 98223 --- [http-nio-9090-exec-6] com.dreamchaser.aop.WebLogAspect : ################CLASS_METHOD : com.dreamchaser.controller.PageController.blogs
2024-01-17 22:19:00.336  INFO 98223 --- [http-nio-9090-exec-4] com.dreamchaser.aop.WebLogAspect : ################URL : http://localhost:9090/admin/blog-input
2024-01-17 22:19:00.339  INFO 98223 --- [http-nio-9090-exec-4] com.dreamchaser.aop.WebLogAspect : ################HTTP_METHOD : GET
2024-01-17 22:19:00.339  INFO 98223 --- [http-nio-9090-exec-4] com.dreamchaser.aop.WebLogAspect : ################IP : 0:0:0:0:0:0:0:1
2024-01-17 22:19:00.339  INFO 98223 --- [http-nio-9090-exec-4] com.dreamchaser.aop.WebLogAspect : ################THE ARGS OF THE CONTROLLER : []
2024-01-17 22:19:00.339  INFO 98223 --- [http-nio-9090-exec-4] com.dreamchaser.aop.WebLogAspect : ################CLASS_METHOD : com.dreamchaser.controller.PageController.blog_input
2024-01-17 22:19:01.552  INFO 98223 --- [http-nio-9090-exec-5] com.dreamchaser.aop.WebLogAspect : ################URL : http://localhost:9090/admin/blogs
2024-01-17 22:19:01.554  INFO 98223 --- [http-nio-9090-exec-5] com.dreamchaser.aop.WebLogAspect : ################HTTP_METHOD : GET
2024-01-17 22:19:01.555  INFO 98223 --- [http-nio-9090-exec-5] com.dreamchaser.aop.WebLogAspect : ################IP : 0:0:0:0:0:0:0:1
2024-01-17 22:19:01.555  INFO 98223 --- [http-nio-9090-exec-5] com.dreamchaser.aop.WebLogAspect : ################THE ARGS OF THE CONTROLLER : []
2024-01-17 22:19:01.555  INFO 98223 --- [http-nio-9090-exec-5] com.dreamchaser.aop.WebLogAspect : ################CLASS_METHOD : com.dreamchaser.controller.PageController.blogs
2024-01-17 22:21:13.980  INFO 98223 --- [http-nio-9090-exec-7] com.dreamchaser.aop.WebLogAspect : ################URL : http://localhost:9090/admin/blog-input
2024-01-17 22:21:13.984  INFO 98223 --- [http-nio-9090-exec-7] com.dreamchaser.aop.WebLogAspect : ################HTTP_METHOD : GET
2024-01-17 22:21:13.985  INFO 98223 --- [http-nio-9090-exec-7] com.dreamchaser.aop.WebLogAspect : ################IP : 0:0:0:0:0:0:0:1
2024-01-17 22:21:13.985  INFO 98223 --- [http-nio-9090-exec-7] com.dreamchaser.aop.WebLogAspect : ################THE ARGS OF THE CONTROLLER : []
2024-01-17 22:21:13.985  INFO 98223 --- [http-nio-9090-exec-7] com.dreamchaser.aop.WebLogAspect : ################CLASS_METHOD : com.dreamchaser.controller.PageController.blog_input
2024-01-17 22:24:59.272  INFO 98223 --- [SpringContextShutdownHook] org.springframework.scheduling.concurrent.ThreadPoolTaskExecutor : Shutting down ExecutorService 'applicationTaskExecutor'
2024-01-17 22:24:59.274  INFO 98223 --- [SpringContextShutdownHook] com.alibaba.druid.pool.DruidDataSource : {dataSource-1} closing ...
2024-01-17 22:24:59.278  INFO 98223 --- [SpringContextShutdownHook] com.alibaba.druid.pool.DruidDataSource : {dataSource-1} closed
2024-01-17 22:25:01.213  INFO 9732 --- [main] com.dreamchaser.Application : Starting Application on Chaos-Mac-mini.charter.com with PID 9732 (/Users/chaowan/Downloads/myblog-master/target/classes started by chaowan in /Users/chaowan/Downloads/myblog-master)
2024-01-17 22:25:01.215  INFO 9732 --- [main] com.dreamchaser.Application : The following profiles are active: server
2024-01-17 22:25:02.271  INFO 9732 --- [main] org.springframework.boot.web.embedded.tomcat.TomcatWebServer : Tomcat initialized with port(s): 9090 (http)
2024-01-17 22:25:02.275  INFO 9732 --- [main] org.apache.catalina.core.StandardService : Starting service [Tomcat]
2024-01-17 22:25:02.276  INFO 9732 --- [main] org.apache.catalina.core.StandardEngine : Starting Servlet engine: [Apache Tomcat/9.0.36]
2024-01-17 22:25:02.320  INFO 9732 --- [main] org.apache.catalina.core.ContainerBase.[Tomcat].[localhost].[/] : Initializing Spring embedded WebApplicationContext
2024-01-17 22:25:02.320  INFO 9732 --- [main] org.springframework.boot.web.servlet.context.ServletWebServerApplicationContext : Root WebApplicationContext: initialization completed in 1064 ms
2024-01-17 22:25:02.421  INFO 9732 --- [main] com.alibaba.druid.spring.boot.autoconfigure.DruidDataSourceAutoConfigure : Init DruidDataSource
2024-01-17 22:25:02.510  INFO 9732 --- [main] com.alibaba.druid.pool.DruidDataSource : {dataSource-1} inited
2024-01-17 22:25:03.099  INFO 9732 --- [main] org.springframework.scheduling.concurrent.ThreadPoolTaskExecutor : Initializing ExecutorService 'applicationTaskExecutor'
2024-01-17 22:25:03.161  INFO 9732 --- [main] org.springframework.boot.autoconfigure.web.servlet.WelcomePageHandlerMapping : Adding welcome page template: index
2024-01-17 22:25:03.328  INFO 9732 --- [main] org.springframework.boot.web.embedded.tomcat.TomcatWebServer : Tomcat started on port(s): 9090 (http) with context path ''
2024-01-17 22:25:03.338  INFO 9732 --- [main] com.dreamchaser.Application : Started Application in 2.498 seconds (JVM running for 3.247)
2024-01-17 22:25:06.820  INFO 9732 --- [http-nio-9090-exec-1] org.apache.catalina.core.ContainerBase.[Tomcat].[localhost].[/] : Initializing Spring DispatcherServlet 'dispatcherServlet'
2024-01-17 22:25:06.823  INFO 9732 --- [http-nio-9090-exec-1] org.springframework.web.servlet.DispatcherServlet : Initializing Servlet 'dispatcherServlet'
2024-01-17 22:25:06.832  INFO 9732 --- [http-nio-9090-exec-1] org.springframework.web.servlet.DispatcherServlet : Completed initialization in 9 ms
2024-01-17 22:25:06.880  INFO 9732 --- [http-nio-9090-exec-2] com.dreamchaser.aop.WebLogAspect : ################URL : http://localhost:9090/login
2024-01-17 22:25:06.881  INFO 9732 --- [http-nio-9090-exec-2] com.dreamchaser.aop.WebLogAspect : ################HTTP_METHOD : GET
2024-01-17 22:25:06.881  INFO 9732 --- [http-nio-9090-exec-2] com.dreamchaser.aop.WebLogAspect : ################IP : 0:0:0:0:0:0:0:1
2024-01-17 22:25:06.881  INFO 9732 --- [http-nio-9090-exec-2] com.dreamchaser.aop.WebLogAspect : ################THE ARGS OF THE CONTROLLER : []
2024-01-17 22:25:06.882  INFO 9732 --- [http-nio-9090-exec-2] com.dreamchaser.aop.WebLogAspect : ################CLASS_METHOD : com.dreamchaser.controller.PageController.login
2024-01-17 22:25:10.226  INFO 9732 --- [http-nio-9090-exec-3] com.dreamchaser.aop.WebLogAspect : ################URL : http://localhost:9090/user/login
2024-01-17 22:25:10.227  INFO 9732 --- [http-nio-9090-exec-3] com.dreamchaser.aop.WebLogAspect : ################HTTP_METHOD : POST
2024-01-17 22:25:10.227  INFO 9732 --- [http-nio-9090-exec-3] com.dreamchaser.aop.WebLogAspect : ################IP : 0:0:0:0:0:0:0:1
2024-01-17 22:25:10.227  INFO 9732 --- [http-nio-9090-exec-3] com.dreamchaser.aop.WebLogAspect : ################THE ARGS OF THE CONTROLLER : [{name=admin, password=admin}, org.apache.catalina.session.StandardSessionFacade@15e4e6d6]
2024-01-17 22:25:10.227  INFO 9732 --- [http-nio-9090-exec-3] com.dreamchaser.aop.WebLogAspect : ################CLASS_METHOD : com.dreamchaser.controller.UserController.loginUser
2024-01-17 22:25:10.702  INFO 9732 --- [http-nio-9090-exec-4] com.dreamchaser.aop.WebLogAspect : ################URL : http://localhost:9090/admin/blogs
2024-01-17 22:25:10.702  INFO 9732 --- [http-nio-9090-exec-4] com.dreamchaser.aop.WebLogAspect : ################HTTP_METHOD : GET
2024-01-17 22:25:10.702  INFO 9732 --- [http-nio-9090-exec-4] com.dreamchaser.aop.WebLogAspect : ################IP : 0:0:0:0:0:0:0:1
2024-01-17 22:25:10.702  INFO 9732 --- [http-nio-9090-exec-4] com.dreamchaser.aop.WebLogAspect : ################THE ARGS OF THE CONTROLLER : []
2024-01-17 22:25:10.703  INFO 9732 --- [http-nio-9090-exec-4] com.dreamchaser.aop.WebLogAspect : ################CLASS_METHOD : com.dreamchaser.controller.PageController.blogs
2024-01-17 22:25:33.094  INFO 9732 --- [http-nio-9090-exec-5] com.dreamchaser.aop.WebLogAspect : ################URL : http://localhost:9090/admin/blog-input
2024-01-17 22:25:33.096  INFO 9732 --- [http-nio-9090-exec-5] com.dreamchaser.aop.WebLogAspect : ################HTTP_METHOD : GET
2024-01-17 22:25:33.096  INFO 9732 --- [http-nio-9090-exec-5] com.dreamchaser.aop.WebLogAspect : ################IP : 0:0:0:0:0:0:0:1
2024-01-17 22:25:33.096  INFO 9732 --- [http-nio-9090-exec-5] com.dreamchaser.aop.WebLogAspect : ################THE ARGS OF THE CONTROLLER : []
2024-01-17 22:25:33.097  INFO 9732 --- [http-nio-9090-exec-5] com.dreamchaser.aop.WebLogAspect : ################CLASS_METHOD : com.dreamchaser.controller.PageController.blog_input
2024-01-17 22:25:39.912  INFO 9732 --- [http-nio-9090-exec-6] com.dreamchaser.aop.WebLogAspect : ################URL : http://localhost:9090/admin/blogs
2024-01-17 22:25:39.914  INFO 9732 --- [http-nio-9090-exec-6] com.dreamchaser.aop.WebLogAspect : ################HTTP_METHOD : GET
2024-01-17 22:25:39.915  INFO 9732 --- [http-nio-9090-exec-6] com.dreamchaser.aop.WebLogAspect : ################IP : 0:0:0:0:0:0:0:1
2024-01-17 22:25:39.915  INFO 9732 --- [http-nio-9090-exec-6] com.dreamchaser.aop.WebLogAspect : ################THE ARGS OF THE CONTROLLER : []
2024-01-17 22:25:39.915  INFO 9732 --- [http-nio-9090-exec-6] com.dreamchaser.aop.WebLogAspect : ################CLASS_METHOD : com.dreamchaser.controller.PageController.blogs
2024-01-17 22:25:41.009  INFO 9732 --- [http-nio-9090-exec-7] com.dreamchaser.aop.WebLogAspect : ################URL : http://localhost:9090/admin/types
2024-01-17 22:25:41.011  INFO 9732 --- [http-nio-9090-exec-7] com.dreamchaser.aop.WebLogAspect : ################HTTP_METHOD : GET
2024-01-17 22:25:41.011  INFO 9732 --- [http-nio-9090-exec-7] com.dreamchaser.aop.WebLogAspect : ################IP : 0:0:0:0:0:0:0:1
2024-01-17 22:25:41.011  INFO 9732 --- [http-nio-9090-exec-7] com.dreamchaser.aop.WebLogAspect : ################THE ARGS OF THE CONTROLLER : []
2024-01-17 22:25:41.012  INFO 9732 --- [http-nio-9090-exec-7] com.dreamchaser.aop.WebLogAspect : ################CLASS_METHOD : com.dreamchaser.controller.PageController.types
2024-01-17 22:25:44.872  INFO 9732 --- [http-nio-9090-exec-8] com.dreamchaser.aop.WebLogAspect : ################URL : http://localhost:9090/admin/blogs
2024-01-17 22:25:44.875  INFO 9732 --- [http-nio-9090-exec-8] com.dreamchaser.aop.WebLogAspect : ################HTTP_METHOD : GET
2024-01-17 22:25:44.875  INFO 9732 --- [http-nio-9090-exec-8] com.dreamchaser.aop.WebLogAspect : ################IP : 0:0:0:0:0:0:0:1
2024-01-17 22:25:44.875  INFO 9732 --- [http-nio-9090-exec-8] com.dreamchaser.aop.WebLogAspect : ################THE ARGS OF THE CONTROLLER : []
2024-01-17 22:25:44.875  INFO 9732 --- [http-nio-9090-exec-8] com.dreamchaser.aop.WebLogAspect : ################CLASS_METHOD : com.dreamchaser.controller.PageController.blogs
2024-01-17 22:28:11.508  INFO 9732 --- [http-nio-9090-exec-1] com.dreamchaser.aop.WebLogAspect : ################URL : http://localhost:9090/admin/blogs
2024-01-17 22:28:11.509  INFO 9732 --- [http-nio-9090-exec-1] com.dreamchaser.aop.WebLogAspect : ################HTTP_METHOD : GET
2024-01-17 22:28:11.509  INFO 9732 --- [http-nio-9090-exec-1] com.dreamchaser.aop.WebLogAspect : ################IP : 0:0:0:0:0:0:0:1
2024-01-17 22:28:11.509  INFO 9732 --- [http-nio-9090-exec-1] com.dreamchaser.aop.WebLogAspect : ################THE ARGS OF THE CONTROLLER : []
2024-01-17 22:28:11.509  INFO 9732 --- [http-nio-9090-exec-1] com.dreamchaser.aop.WebLogAspect : ################CLASS_METHOD : com.dreamchaser.controller.PageController.blogs
2024-01-17 22:28:14.003  INFO 9732 --- [SpringContextShutdownHook] org.springframework.scheduling.concurrent.ThreadPoolTaskExecutor : Shutting down ExecutorService 'applicationTaskExecutor'
2024-01-17 22:28:14.004  INFO 9732 --- [SpringContextShutdownHook] com.alibaba.druid.pool.DruidDataSource : {dataSource-1} closing ...
2024-01-17 22:28:14.006  INFO 9732 --- [SpringContextShutdownHook] com.alibaba.druid.pool.DruidDataSource : {dataSource-1} closed
2024-01-17 22:28:15.807  INFO 13811 --- [main] com.dreamchaser.Application : Starting Application on Chaos-Mac-mini.charter.com with PID 13811 (/Users/chaowan/Downloads/myblog-master/target/classes started by chaowan in /Users/chaowan/Downloads/myblog-master)
2024-01-17 22:28:15.808  INFO 13811 --- [main] com.dreamchaser.Application : The following profiles are active: server
2024-01-17 22:28:16.864  INFO 13811 --- [main] org.springframework.boot.web.embedded.tomcat.TomcatWebServer : Tomcat initialized with port(s): 9090 (http)
2024-01-17 22:28:16.868  INFO 13811 --- [main] org.apache.catalina.core.StandardService : Starting service [Tomcat]
2024-01-17 22:28:16.870  INFO 13811 --- [main] org.apache.catalina.core.StandardEngine : Starting Servlet engine: [Apache Tomcat/9.0.36]
2024-01-17 22:28:16.913  INFO 13811 --- [main] org.apache.catalina.core.ContainerBase.[Tomcat].[localhost].[/] : Initializing Spring embedded WebApplicationContext
2024-01-17 22:28:16.914  INFO 13811 --- [main] org.springframework.boot.web.servlet.context.ServletWebServerApplicationContext : Root WebApplicationContext: initialization completed in 1072 ms
2024-01-17 22:28:17.013  INFO 13811 --- [main] com.alibaba.druid.spring.boot.autoconfigure.DruidDataSourceAutoConfigure : Init DruidDataSource
2024-01-17 22:28:17.097  INFO 13811 --- [main] com.alibaba.druid.pool.DruidDataSource : {dataSource-1} inited
2024-01-17 22:28:17.672  INFO 13811 --- [main] org.springframework.scheduling.concurrent.ThreadPoolTaskExecutor : Initializing ExecutorService 'applicationTaskExecutor'
2024-01-17 22:28:17.735  INFO 13811 --- [main] org.springframework.boot.autoconfigure.web.servlet.WelcomePageHandlerMapping : Adding welcome page template: index
2024-01-17 22:28:17.893  INFO 13811 --- [main] org.springframework.boot.web.embedded.tomcat.TomcatWebServer : Tomcat started on port(s): 9090 (http) with context path ''
2024-01-17 22:28:17.904  INFO 13811 --- [main] com.dreamchaser.Application : Started Application in 2.482 seconds (JVM running for 3.082)
2024-01-17 22:28:21.300  INFO 13811 --- [http-nio-9090-exec-1] org.apache.catalina.core.ContainerBase.[Tomcat].[localhost].[/] : Initializing Spring DispatcherServlet 'dispatcherServlet'
2024-01-17 22:28:21.302  INFO 13811 --- [http-nio-9090-exec-1] org.springframework.web.servlet.DispatcherServlet : Initializing Servlet 'dispatcherServlet'
2024-01-17 22:28:21.311  INFO 13811 --- [http-nio-9090-exec-1] org.springframework.web.servlet.DispatcherServlet : Completed initialization in 9 ms
2024-01-17 22:28:21.360  INFO 13811 --- [http-nio-9090-exec-2] com.dreamchaser.aop.WebLogAspect : ################URL : http://localhost:9090/login
2024-01-17 22:28:21.361  INFO 13811 --- [http-nio-9090-exec-2] com.dreamchaser.aop.WebLogAspect : ################HTTP_METHOD : GET
2024-01-17 22:28:21.361  INFO 13811 --- [http-nio-9090-exec-2] com.dreamchaser.aop.WebLogAspect : ################IP : 0:0:0:0:0:0:0:1
2024-01-17 22:28:21.361  INFO 13811 --- [http-nio-9090-exec-2] com.dreamchaser.aop.WebLogAspect : ################THE ARGS OF THE CONTROLLER : []
2024-01-17 22:28:21.362  INFO 13811 --- [http-nio-9090-exec-2] com.dreamchaser.aop.WebLogAspect : ################CLASS_METHOD : com.dreamchaser.controller.PageController.login
2024-01-17 22:28:24.054  INFO 13811 --- [http-nio-9090-exec-3] com.dreamchaser.aop.WebLogAspect : ################URL : http://localhost:9090/user/login
2024-01-17 22:28:24.055  INFO 13811 --- [http-nio-9090-exec-3] com.dreamchaser.aop.WebLogAspect : ################HTTP_METHOD : POST
2024-01-17 22:28:24.055  INFO 13811 --- [http-nio-9090-exec-3] com.dreamchaser.aop.WebLogAspect : ################IP : 0:0:0:0:0:0:0:1
2024-01-17 22:28:24.055  INFO 13811 --- [http-nio-9090-exec-3] com.dreamchaser.aop.WebLogAspect : ################THE ARGS OF THE CONTROLLER : [{name=admin, password=admin}, org.apache.catalina.session.StandardSessionFacade@c9573fd]
2024-01-17 22:28:24.055  INFO 13811 --- [http-nio-9090-exec-3] com.dreamchaser.aop.WebLogAspect : ################CLASS_METHOD : com.dreamchaser.controller.UserController.loginUser
2024-01-17 22:28:24.525  INFO 13811 --- [http-nio-9090-exec-4] com.dreamchaser.aop.WebLogAspect : ################URL : http://localhost:9090/admin/blogs
2024-01-17 22:28:24.525  INFO 13811 --- [http-nio-9090-exec-4] com.dreamchaser.aop.WebLogAspect : ################HTTP_METHOD : GET
2024-01-17 22:28:24.526  INFO 13811 --- [http-nio-9090-exec-4] com.dreamchaser.aop.WebLogAspect : ################IP : 0:0:0:0:0:0:0:1
2024-01-17 22:28:24.526  INFO 13811 --- [http-nio-9090-exec-4] com.dreamchaser.aop.WebLogAspect : ################THE ARGS OF THE CONTROLLER : []
2024-01-17 22:28:24.526  INFO 13811 --- [http-nio-9090-exec-4] com.dreamchaser.aop.WebLogAspect : ################CLASS_METHOD : com.dreamchaser.controller.PageController.blogs
2024-01-17 22:28:27.538  INFO 13811 --- [http-nio-9090-exec-5] com.dreamchaser.aop.WebLogAspect : ################URL : http://localhost:9090/admin/types
2024-01-17 22:28:27.540  INFO 13811 --- [http-nio-9090-exec-5] com.dreamchaser.aop.WebLogAspect : ################HTTP_METHOD : GET
2024-01-17 22:28:27.540  INFO 13811 --- [http-nio-9090-exec-5] com.dreamchaser.aop.WebLogAspect : ################IP : 0:0:0:0:0:0:0:1
2024-01-17 22:28:27.540  INFO 13811 --- [http-nio-9090-exec-5] com.dreamchaser.aop.WebLogAspect : ################THE ARGS OF THE CONTROLLER : []
2024-01-17 22:28:27.540  INFO 13811 --- [http-nio-9090-exec-5] com.dreamchaser.aop.WebLogAspect : ################CLASS_METHOD : com.dreamchaser.controller.PageController.types
2024-01-17 22:28:30.185  INFO 13811 --- [http-nio-9090-exec-6] com.dreamchaser.aop.WebLogAspect : ################URL : http://localhost:9090/admin/tags
2024-01-17 22:28:30.188  INFO 13811 --- [http-nio-9090-exec-6] com.dreamchaser.aop.WebLogAspect : ################HTTP_METHOD : GET
2024-01-17 22:28:30.188  INFO 13811 --- [http-nio-9090-exec-6] com.dreamchaser.aop.WebLogAspect : ################IP : 0:0:0:0:0:0:0:1
2024-01-17 22:28:30.189  INFO 13811 --- [http-nio-9090-exec-6] com.dreamchaser.aop.WebLogAspect : ################THE ARGS OF THE CONTROLLER : []
2024-01-17 22:28:30.189  INFO 13811 --- [http-nio-9090-exec-6] com.dreamchaser.aop.WebLogAspect : ################CLASS_METHOD : com.dreamchaser.controller.PageController.tags
2024-01-17 22:32:05.657  INFO 13811 --- [http-nio-9090-exec-10] com.dreamchaser.aop.WebLogAspect : ################URL : http://localhost:9090/admin/tag-input
2024-01-17 22:32:05.661  INFO 13811 --- [http-nio-9090-exec-10] com.dreamchaser.aop.WebLogAspect : ################HTTP_METHOD : GET
2024-01-17 22:32:05.662  INFO 13811 --- [http-nio-9090-exec-10] com.dreamchaser.aop.WebLogAspect : ################IP : 0:0:0:0:0:0:0:1
2024-01-17 22:32:05.662  INFO 13811 --- [http-nio-9090-exec-10] com.dreamchaser.aop.WebLogAspect : ################THE ARGS OF THE CONTROLLER : []
2024-01-17 22:32:05.662  INFO 13811 --- [http-nio-9090-exec-10] com.dreamchaser.aop.WebLogAspect : ################CLASS_METHOD : com.dreamchaser.controller.PageController.tag_input
2024-01-17 22:32:06.705  INFO 13811 --- [http-nio-9090-exec-2] com.dreamchaser.aop.WebLogAspect : ################URL : http://localhost:9090/admin/tags
2024-01-17 22:32:06.709  INFO 13811 --- [http-nio-9090-exec-2] com.dreamchaser.aop.WebLogAspect : ################HTTP_METHOD : GET
2024-01-17 22:32:06.709  INFO 13811 --- [http-nio-9090-exec-2] com.dreamchaser.aop.WebLogAspect : ################IP : 0:0:0:0:0:0:0:1
2024-01-17 22:32:06.709  INFO 13811 --- [http-nio-9090-exec-2] com.dreamchaser.aop.WebLogAspect : ################THE ARGS OF THE CONTROLLER : []
2024-01-17 22:32:06.709  INFO 13811 --- [http-nio-9090-exec-2] com.dreamchaser.aop.WebLogAspect : ################CLASS_METHOD : com.dreamchaser.controller.PageController.tags
2024-01-17 22:36:05.539  INFO 13811 --- [SpringContextShutdownHook] org.springframework.scheduling.concurrent.ThreadPoolTaskExecutor : Shutting down ExecutorService 'applicationTaskExecutor'
2024-01-17 22:36:05.541  INFO 13811 --- [SpringContextShutdownHook] com.alibaba.druid.pool.DruidDataSource : {dataSource-1} closing ...
2024-01-17 22:36:05.545  INFO 13811 --- [SpringContextShutdownHook] com.alibaba.druid.pool.DruidDataSource : {dataSource-1} closed
2024-01-17 22:36:07.323  INFO 23527 --- [main] com.dreamchaser.Application : Starting Application on Chaos-Mac-mini.charter.com with PID 23527 (/Users/chaowan/Downloads/myblog-master/target/classes started by chaowan in /Users/chaowan/Downloads/myblog-master)
2024-01-17 22:36:07.324  INFO 23527 --- [main] com.dreamchaser.Application : The following profiles are active: server
2024-01-17 22:36:08.364  INFO 23527 --- [main] org.springframework.boot.web.embedded.tomcat.TomcatWebServer : Tomcat initialized with port(s): 9090 (http)
2024-01-17 22:36:08.368  INFO 23527 --- [main] org.apache.catalina.core.StandardService : Starting service [Tomcat]
2024-01-17 22:36:08.370  INFO 23527 --- [main] org.apache.catalina.core.StandardEngine : Starting Servlet engine: [Apache Tomcat/9.0.36]
2024-01-17 22:36:08.415  INFO 23527 --- [main] org.apache.catalina.core.ContainerBase.[Tomcat].[localhost].[/] : Initializing Spring embedded WebApplicationContext
2024-01-17 22:36:08.415  INFO 23527 --- [main] org.springframework.boot.web.servlet.context.ServletWebServerApplicationContext : Root WebApplicationContext: initialization completed in 1061 ms
2024-01-17 22:36:08.515  INFO 23527 --- [main] com.alibaba.druid.spring.boot.autoconfigure.DruidDataSourceAutoConfigure : Init DruidDataSource
2024-01-17 22:36:08.618  INFO 23527 --- [main] com.alibaba.druid.pool.DruidDataSource : {dataSource-1} inited
2024-01-17 22:36:09.173  INFO 23527 --- [main] org.springframework.scheduling.concurrent.ThreadPoolTaskExecutor : Initializing ExecutorService 'applicationTaskExecutor'
2024-01-17 22:36:09.240  INFO 23527 --- [main] org.springframework.boot.autoconfigure.web.servlet.WelcomePageHandlerMapping : Adding welcome page template: index
2024-01-17 22:36:09.394  INFO 23527 --- [main] org.springframework.boot.web.embedded.tomcat.TomcatWebServer : Tomcat started on port(s): 9090 (http) with context path ''
2024-01-17 22:36:09.405  INFO 23527 --- [main] com.dreamchaser.Application : Started Application in 2.473 seconds (JVM running for 2.956)
2024-01-17 22:36:19.273  INFO 23527 --- [http-nio-9090-exec-1] org.apache.catalina.core.ContainerBase.[Tomcat].[localhost].[/] : Initializing Spring DispatcherServlet 'dispatcherServlet'
2024-01-17 22:36:19.276  INFO 23527 --- [http-nio-9090-exec-1] org.springframework.web.servlet.DispatcherServlet : Initializing Servlet 'dispatcherServlet'
2024-01-17 22:36:19.285  INFO 23527 --- [http-nio-9090-exec-1] org.springframework.web.servlet.DispatcherServlet : Completed initialization in 9 ms
2024-01-17 22:36:19.335  INFO 23527 --- [http-nio-9090-exec-2] com.dreamchaser.aop.WebLogAspect : ################URL : http://localhost:9090/login
2024-01-17 22:36:19.335  INFO 23527 --- [http-nio-9090-exec-2] com.dreamchaser.aop.WebLogAspect : ################HTTP_METHOD : GET
2024-01-17 22:36:19.335  INFO 23527 --- [http-nio-9090-exec-2] com.dreamchaser.aop.WebLogAspect : ################IP : 0:0:0:0:0:0:0:1
2024-01-17 22:36:19.335  INFO 23527 --- [http-nio-9090-exec-2] com.dreamchaser.aop.WebLogAspect : ################THE ARGS OF THE CONTROLLER : []
2024-01-17 22:36:19.336  INFO 23527 --- [http-nio-9090-exec-2] com.dreamchaser.aop.WebLogAspect : ################CLASS_METHOD : com.dreamchaser.controller.PageController.login
2024-01-17 22:36:22.475  INFO 23527 --- [http-nio-9090-exec-3] com.dreamchaser.aop.WebLogAspect : ################URL : http://localhost:9090/user/login
2024-01-17 22:36:22.476  INFO 23527 --- [http-nio-9090-exec-3] com.dreamchaser.aop.WebLogAspect : ################HTTP_METHOD : POST
2024-01-17 22:36:22.476  INFO 23527 --- [http-nio-9090-exec-3] com.dreamchaser.aop.WebLogAspect : ################IP : 0:0:0:0:0:0:0:1
2024-01-17 22:36:22.476  INFO 23527 --- [http-nio-9090-exec-3] com.dreamchaser.aop.WebLogAspect : ################THE ARGS OF THE CONTROLLER : [{name=admin, password=admin}, org.apache.catalina.session.StandardSessionFacade@2817d265]
2024-01-17 22:36:22.476  INFO 23527 --- [http-nio-9090-exec-3] com.dreamchaser.aop.WebLogAspect : ################CLASS_METHOD : com.dreamchaser.controller.UserController.loginUser
2024-01-17 22:36:22.951  INFO 23527 --- [http-nio-9090-exec-4] com.dreamchaser.aop.WebLogAspect : ################URL : http://localhost:9090/admin/blogs
2024-01-17 22:36:22.951  INFO 23527 --- [http-nio-9090-exec-4] com.dreamchaser.aop.WebLogAspect : ################HTTP_METHOD : GET
2024-01-17 22:36:22.952  INFO 23527 --- [http-nio-9090-exec-4] com.dreamchaser.aop.WebLogAspect : ################IP : 0:0:0:0:0:0:0:1
2024-01-17 22:36:22.952  INFO 23527 --- [http-nio-9090-exec-4] com.dreamchaser.aop.WebLogAspect : ################THE ARGS OF THE CONTROLLER : []
2024-01-17 22:36:22.952  INFO 23527 --- [http-nio-9090-exec-4] com.dreamchaser.aop.WebLogAspect : ################CLASS_METHOD : com.dreamchaser.controller.PageController.blogs
2024-01-17 22:36:29.111  INFO 23527 --- [http-nio-9090-exec-5] com.dreamchaser.aop.WebLogAspect : ################URL : http://localhost:9090/admin/types
2024-01-17 22:36:29.112  INFO 23527 --- [http-nio-9090-exec-5] com.dreamchaser.aop.WebLogAspect : ################HTTP_METHOD : GET
2024-01-17 22:36:29.112  INFO 23527 --- [http-nio-9090-exec-5] com.dreamchaser.aop.WebLogAspect : ################IP : 0:0:0:0:0:0:0:1
2024-01-17 22:36:29.112  INFO 23527 --- [http-nio-9090-exec-5] com.dreamchaser.aop.WebLogAspect : ################THE ARGS OF THE CONTROLLER : []
2024-01-17 22:36:29.113  INFO 23527 --- [http-nio-9090-exec-5] com.dreamchaser.aop.WebLogAspect : ################CLASS_METHOD : com.dreamchaser.controller.PageController.types
2024-01-17 22:36:32.809  INFO 23527 --- [http-nio-9090-exec-6] com.dreamchaser.aop.WebLogAspect : ################URL : http://localhost:9090/admin/blogs
2024-01-17 22:36:32.812  INFO 23527 --- [http-nio-9090-exec-6] com.dreamchaser.aop.WebLogAspect : ################HTTP_METHOD : GET
2024-01-17 22:36:32.813  INFO 23527 --- [http-nio-9090-exec-6] com.dreamchaser.aop.WebLogAspect : ################IP : 0:0:0:0:0:0:0:1
2024-01-17 22:36:32.813  INFO 23527 --- [http-nio-9090-exec-6] com.dreamchaser.aop.WebLogAspect : ################THE ARGS OF THE CONTROLLER : []
2024-01-17 22:36:32.813  INFO 23527 --- [http-nio-9090-exec-6] com.dreamchaser.aop.WebLogAspect : ################CLASS_METHOD : com.dreamchaser.controller.PageController.blogs
2024-01-17 22:36:34.111  INFO 23527 --- [http-nio-9090-exec-7] com.dreamchaser.aop.WebLogAspect : ################URL : http://localhost:9090/admin/types
2024-01-17 22:36:34.112  INFO 23527 --- [http-nio-9090-exec-7] com.dreamchaser.aop.WebLogAspect : ################HTTP_METHOD : GET
2024-01-17 22:36:34.113  INFO 23527 --- [http-nio-9090-exec-7] com.dreamchaser.aop.WebLogAspect : ################IP : 0:0:0:0:0:0:0:1
2024-01-17 22:36:34.113  INFO 23527 --- [http-nio-9090-exec-7] com.dreamchaser.aop.WebLogAspect : ################THE ARGS OF THE CONTROLLER : []
2024-01-17 22:36:34.113  INFO 23527 --- [http-nio-9090-exec-7] com.dreamchaser.aop.WebLogAspect : ################CLASS_METHOD : com.dreamchaser.controller.PageController.types
2024-01-17 22:36:35.117  INFO 23527 --- [http-nio-9090-exec-8] com.dreamchaser.aop.WebLogAspect : ################URL : http://localhost:9090/admin/tags
2024-01-17 22:36:35.118  INFO 23527 --- [http-nio-9090-exec-8] com.dreamchaser.aop.WebLogAspect : ################HTTP_METHOD : GET
2024-01-17 22:36:35.118  INFO 23527 --- [http-nio-9090-exec-8] com.dreamchaser.aop.WebLogAspect : ################IP : 0:0:0:0:0:0:0:1
2024-01-17 22:36:35.118  INFO 23527 --- [http-nio-9090-exec-8] com.dreamchaser.aop.WebLogAspect : ################THE ARGS OF THE CONTROLLER : []
2024-01-17 22:36:35.118  INFO 23527 --- [http-nio-9090-exec-8] com.dreamchaser.aop.WebLogAspect : ################CLASS_METHOD : com.dreamchaser.controller.PageController.tags
2024-01-17 22:36:36.382  INFO 23527 --- [http-nio-9090-exec-9] com.dreamchaser.aop.WebLogAspect : ################URL : http://localhost:9090/admin/comments
2024-01-17 22:36:36.385  INFO 23527 --- [http-nio-9090-exec-9] com.dreamchaser.aop.WebLogAspect : ################HTTP_METHOD : GET
2024-01-17 22:36:36.385  INFO 23527 --- [http-nio-9090-exec-9] com.dreamchaser.aop.WebLogAspect : ################IP : 0:0:0:0:0:0:0:1
2024-01-17 22:36:36.385  INFO 23527 --- [http-nio-9090-exec-9] com.dreamchaser.aop.WebLogAspect : ################THE ARGS OF THE CONTROLLER : []
2024-01-17 22:36:36.385  INFO 23527 --- [http-nio-9090-exec-9] com.dreamchaser.aop.WebLogAspect : ################CLASS_METHOD : com.dreamchaser.controller.PageController.comments
2024-01-17 22:36:36.435  INFO 23527 --- [http-nio-9090-exec-9] com.dreamchaser.aop.WebLogAspect : ################URL : http://localhost:9090/admin/comments
2024-01-17 22:36:36.436  INFO 23527 --- [http-nio-9090-exec-9] com.dreamchaser.aop.WebLogAspect : ################HTTP_METHOD : GET
2024-01-17 22:36:36.436  INFO 23527 --- [http-nio-9090-exec-9] com.dreamchaser.aop.WebLogAspect : ################IP : 0:0:0:0:0:0:0:1
2024-01-17 22:36:36.436  INFO 23527 --- [http-nio-9090-exec-9] com.dreamchaser.aop.WebLogAspect : ################THE ARGS OF THE CONTROLLER : [org.apache.catalina.connector.RequestFacade@1e7032b2, java.lang.NullPointerException]
2024-01-17 22:36:36.436  INFO 23527 --- [http-nio-9090-exec-9] com.dreamchaser.aop.WebLogAspect : ################CLASS_METHOD : com.dreamchaser.controller.ControllerExceptionHandler.exceptionHandler
2024-01-17 22:39:56.640  INFO 23527 --- [SpringContextShutdownHook] org.springframework.scheduling.concurrent.ThreadPoolTaskExecutor : Shutting down ExecutorService 'applicationTaskExecutor'
2024-01-17 22:39:56.641  INFO 23527 --- [SpringContextShutdownHook] com.alibaba.druid.pool.DruidDataSource : {dataSource-1} closing ...
2024-01-17 22:39:56.645  INFO 23527 --- [SpringContextShutdownHook] com.alibaba.druid.pool.DruidDataSource : {dataSource-1} closed
2024-01-17 22:39:58.448  INFO 28455 --- [main] com.dreamchaser.Application : Starting Application on Chaos-Mac-mini.charter.com with PID 28455 (/Users/chaowan/Downloads/myblog-master/target/classes started by chaowan in /Users/chaowan/Downloads/myblog-master)
2024-01-17 22:39:58.450  INFO 28455 --- [main] com.dreamchaser.Application : The following profiles are active: server
2024-01-17 22:39:59.515  INFO 28455 --- [main] org.springframework.boot.web.embedded.tomcat.TomcatWebServer : Tomcat initialized with port(s): 9090 (http)
2024-01-17 22:39:59.519  INFO 28455 --- [main] org.apache.catalina.core.StandardService : Starting service [Tomcat]
2024-01-17 22:39:59.521  INFO 28455 --- [main] org.apache.catalina.core.StandardEngine : Starting Servlet engine: [Apache Tomcat/9.0.36]
2024-01-17 22:39:59.566  INFO 28455 --- [main] org.apache.catalina.core.ContainerBase.[Tomcat].[localhost].[/] : Initializing Spring embedded WebApplicationContext
2024-01-17 22:39:59.566  INFO 28455 --- [main] org.springframework.boot.web.servlet.context.ServletWebServerApplicationContext : Root WebApplicationContext: initialization completed in 1086 ms
2024-01-17 22:39:59.674  INFO 28455 --- [main] com.alibaba.druid.spring.boot.autoconfigure.DruidDataSourceAutoConfigure : Init DruidDataSource
2024-01-17 22:39:59.783  INFO 28455 --- [main] com.alibaba.druid.pool.DruidDataSource : {dataSource-1} inited
2024-01-17 22:40:00.352  INFO 28455 --- [main] org.springframework.scheduling.concurrent.ThreadPoolTaskExecutor : Initializing ExecutorService 'applicationTaskExecutor'
2024-01-17 22:40:00.415  INFO 28455 --- [main] org.springframework.boot.autoconfigure.web.servlet.WelcomePageHandlerMapping : Adding welcome page template: index
2024-01-17 22:40:00.587  INFO 28455 --- [main] org.springframework.boot.web.embedded.tomcat.TomcatWebServer : Tomcat started on port(s): 9090 (http) with context path ''
2024-01-17 22:40:00.608  INFO 28455 --- [main] com.dreamchaser.Application : Started Application in 2.529 seconds (JVM running for 3.153)
2024-01-17 22:40:03.934  INFO 28455 --- [http-nio-9090-exec-1] org.apache.catalina.core.ContainerBase.[Tomcat].[localhost].[/] : Initializing Spring DispatcherServlet 'dispatcherServlet'
2024-01-17 22:40:03.937  INFO 28455 --- [http-nio-9090-exec-1] org.springframework.web.servlet.DispatcherServlet : Initializing Servlet 'dispatcherServlet'
2024-01-17 22:40:03.947  INFO 28455 --- [http-nio-9090-exec-1] org.springframework.web.servlet.DispatcherServlet : Completed initialization in 10 ms
2024-01-17 22:40:03.995  INFO 28455 --- [http-nio-9090-exec-2] com.dreamchaser.aop.WebLogAspect : ################URL : http://localhost:9090/login
2024-01-17 22:40:03.995  INFO 28455 --- [http-nio-9090-exec-2] com.dreamchaser.aop.WebLogAspect : ################HTTP_METHOD : GET
2024-01-17 22:40:03.995  INFO 28455 --- [http-nio-9090-exec-2] com.dreamchaser.aop.WebLogAspect : ################IP : 0:0:0:0:0:0:0:1
2024-01-17 22:40:03.995  INFO 28455 --- [http-nio-9090-exec-2] com.dreamchaser.aop.WebLogAspect : ################THE ARGS OF THE CONTROLLER : []
2024-01-17 22:40:03.996  INFO 28455 --- [http-nio-9090-exec-2] com.dreamchaser.aop.WebLogAspect : ################CLASS_METHOD : com.dreamchaser.controller.PageController.login
2024-01-17 22:40:07.348  INFO 28455 --- [http-nio-9090-exec-3] com.dreamchaser.aop.WebLogAspect : ################URL : http://localhost:9090/user/login
2024-01-17 22:40:07.349  INFO 28455 --- [http-nio-9090-exec-3] com.dreamchaser.aop.WebLogAspect : ################HTTP_METHOD : POST
2024-01-17 22:40:07.350  INFO 28455 --- [http-nio-9090-exec-3] com.dreamchaser.aop.WebLogAspect : ################IP : 0:0:0:0:0:0:0:1
2024-01-17 22:40:07.350  INFO 28455 --- [http-nio-9090-exec-3] com.dreamchaser.aop.WebLogAspect : ################THE ARGS OF THE CONTROLLER : [{name=admin, password=admin}, org.apache.catalina.session.StandardSessionFacade@3c4aff91]
2024-01-17 22:40:07.350  INFO 28455 --- [http-nio-9090-exec-3] com.dreamchaser.aop.WebLogAspect : ################CLASS_METHOD : com.dreamchaser.controller.UserController.loginUser
2024-01-17 22:40:07.825  INFO 28455 --- [http-nio-9090-exec-4] com.dreamchaser.aop.WebLogAspect : ################URL : http://localhost:9090/admin/blogs
2024-01-17 22:40:07.825  INFO 28455 --- [http-nio-9090-exec-4] com.dreamchaser.aop.WebLogAspect : ################HTTP_METHOD : GET
2024-01-17 22:40:07.825  INFO 28455 --- [http-nio-9090-exec-4] com.dreamchaser.aop.WebLogAspect : ################IP : 0:0:0:0:0:0:0:1
2024-01-17 22:40:07.825  INFO 28455 --- [http-nio-9090-exec-4] com.dreamchaser.aop.WebLogAspect : ################THE ARGS OF THE CONTROLLER : []
2024-01-17 22:40:07.826  INFO 28455 --- [http-nio-9090-exec-4] com.dreamchaser.aop.WebLogAspect : ################CLASS_METHOD : com.dreamchaser.controller.PageController.blogs
2024-01-17 22:40:10.906  INFO 28455 --- [http-nio-9090-exec-5] com.dreamchaser.aop.WebLogAspect : ################URL : http://localhost:9090/admin/types
2024-01-17 22:40:10.908  INFO 28455 --- [http-nio-9090-exec-5] com.dreamchaser.aop.WebLogAspect : ################HTTP_METHOD : GET
2024-01-17 22:40:10.909  INFO 28455 --- [http-nio-9090-exec-5] com.dreamchaser.aop.WebLogAspect : ################IP : 0:0:0:0:0:0:0:1
2024-01-17 22:40:10.910  INFO 28455 --- [http-nio-9090-exec-5] com.dreamchaser.aop.WebLogAspect : ################THE ARGS OF THE CONTROLLER : []
2024-01-17 22:40:10.911  INFO 28455 --- [http-nio-9090-exec-5] com.dreamchaser.aop.WebLogAspect : ################CLASS_METHOD : com.dreamchaser.controller.PageController.types
2024-01-17 22:40:12.173  INFO 28455 --- [http-nio-9090-exec-6] com.dreamchaser.aop.WebLogAspect : ################URL : http://localhost:9090/admin/tags
2024-01-17 22:40:12.176  INFO 28455 --- [http-nio-9090-exec-6] com.dreamchaser.aop.WebLogAspect : ################HTTP_METHOD : GET
2024-01-17 22:40:12.176  INFO 28455 --- [http-nio-9090-exec-6] com.dreamchaser.aop.WebLogAspect : ################IP : 0:0:0:0:0:0:0:1
2024-01-17 22:40:12.176  INFO 28455 --- [http-nio-9090-exec-6] com.dreamchaser.aop.WebLogAspect : ################THE ARGS OF THE CONTROLLER : []
2024-01-17 22:40:12.176  INFO 28455 --- [http-nio-9090-exec-6] com.dreamchaser.aop.WebLogAspect : ################CLASS_METHOD : com.dreamchaser.controller.PageController.tags
2024-01-17 22:40:12.922  INFO 28455 --- [http-nio-9090-exec-7] com.dreamchaser.aop.WebLogAspect : ################URL : http://localhost:9090/admin/comments
2024-01-17 22:40:12.923  INFO 28455 --- [http-nio-9090-exec-7] com.dreamchaser.aop.WebLogAspect : ################HTTP_METHOD : GET
2024-01-17 22:40:12.923  INFO 28455 --- [http-nio-9090-exec-7] com.dreamchaser.aop.WebLogAspect : ################IP : 0:0:0:0:0:0:0:1
2024-01-17 22:40:12.923  INFO 28455 --- [http-nio-9090-exec-7] com.dreamchaser.aop.WebLogAspect : ################THE ARGS OF THE CONTROLLER : []
2024-01-17 22:40:12.923  INFO 28455 --- [http-nio-9090-exec-7] com.dreamchaser.aop.WebLogAspect : ################CLASS_METHOD : com.dreamchaser.controller.PageController.comments
2024-01-17 22:40:12.965  INFO 28455 --- [http-nio-9090-exec-7] com.dreamchaser.aop.WebLogAspect : ################URL : http://localhost:9090/admin/comments
2024-01-17 22:40:12.966  INFO 28455 --- [http-nio-9090-exec-7] com.dreamchaser.aop.WebLogAspect : ################HTTP_METHOD : GET
2024-01-17 22:40:12.966  INFO 28455 --- [http-nio-9090-exec-7] com.dreamchaser.aop.WebLogAspect : ################IP : 0:0:0:0:0:0:0:1
2024-01-17 22:40:12.966  INFO 28455 --- [http-nio-9090-exec-7] com.dreamchaser.aop.WebLogAspect : ################THE ARGS OF THE CONTROLLER : [org.apache.catalina.connector.RequestFacade@351220a7, java.lang.NullPointerException]
2024-01-17 22:40:12.966  INFO 28455 --- [http-nio-9090-exec-7] com.dreamchaser.aop.WebLogAspect : ################CLASS_METHOD : com.dreamchaser.controller.ControllerExceptionHandler.exceptionHandler
2024-01-17 22:41:49.539  INFO 28455 --- [http-nio-9090-exec-10] com.dreamchaser.aop.WebLogAspect : ################URL : http://localhost:9090/admin/comments
2024-01-17 22:41:49.544  INFO 28455 --- [http-nio-9090-exec-10] com.dreamchaser.aop.WebLogAspect : ################HTTP_METHOD : GET
2024-01-17 22:41:49.545  INFO 28455 --- [http-nio-9090-exec-10] com.dreamchaser.aop.WebLogAspect : ################IP : 0:0:0:0:0:0:0:1
2024-01-17 22:41:49.545  INFO 28455 --- [http-nio-9090-exec-10] com.dreamchaser.aop.WebLogAspect : ################THE ARGS OF THE CONTROLLER : []
2024-01-17 22:41:49.545  INFO 28455 --- [http-nio-9090-exec-10] com.dreamchaser.aop.WebLogAspect : ################CLASS_METHOD : com.dreamchaser.controller.PageController.comments
2024-01-17 22:41:49.720  INFO 28455 --- [http-nio-9090-exec-10] com.dreamchaser.aop.WebLogAspect : ################URL : http://localhost:9090/admin/comments
2024-01-17 22:41:49.720  INFO 28455 --- [http-nio-9090-exec-10] com.dreamchaser.aop.WebLogAspect : ################HTTP_METHOD : GET
2024-01-17 22:41:49.720  INFO 28455 --- [http-nio-9090-exec-10] com.dreamchaser.aop.WebLogAspect : ################IP : 0:0:0:0:0:0:0:1
2024-01-17 22:41:49.720  INFO 28455 --- [http-nio-9090-exec-10] com.dreamchaser.aop.WebLogAspect : ################THE ARGS OF THE CONTROLLER : [org.apache.catalina.connector.RequestFacade@351220a7, java.lang.NullPointerException]
2024-01-17 22:41:49.720  INFO 28455 --- [http-nio-9090-exec-10] com.dreamchaser.aop.WebLogAspect : ################CLASS_METHOD : com.dreamchaser.controller.ControllerExceptionHandler.exceptionHandler
2024-01-17 22:41:59.888  INFO 28455 --- [http-nio-9090-exec-1] com.dreamchaser.aop.WebLogAspect : ################URL : http://localhost:9090/admin/blogs
2024-01-17 22:41:59.892  INFO 28455 --- [http-nio-9090-exec-1] com.dreamchaser.aop.WebLogAspect : ################HTTP_METHOD : GET
2024-01-17 22:41:59.892  INFO 28455 --- [http-nio-9090-exec-1] com.dreamchaser.aop.WebLogAspect : ################IP : 0:0:0:0:0:0:0:1
2024-01-17 22:41:59.892  INFO 28455 --- [http-nio-9090-exec-1] com.dreamchaser.aop.WebLogAspect : ################THE ARGS OF THE CONTROLLER : []
2024-01-17 22:41:59.892  INFO 28455 --- [http-nio-9090-exec-1] com.dreamchaser.aop.WebLogAspect : ################CLASS_METHOD : com.dreamchaser.controller.PageController.blogs
2024-01-17 22:42:02.948  INFO 28455 --- [http-nio-9090-exec-2] com.dreamchaser.aop.WebLogAspect : ################URL : http://localhost:9090/user/logout
2024-01-17 22:42:02.948  INFO 28455 --- [http-nio-9090-exec-2] com.dreamchaser.aop.WebLogAspect : ################HTTP_METHOD : GET
2024-01-17 22:42:02.948  INFO 28455 --- [http-nio-9090-exec-2] com.dreamchaser.aop.WebLogAspect : ################IP : 0:0:0:0:0:0:0:1
2024-01-17 22:42:02.949  INFO 28455 --- [http-nio-9090-exec-2] com.dreamchaser.aop.WebLogAspect : ################THE ARGS OF THE CONTROLLER : [org.apache.catalina.session.StandardSessionFacade@3c4aff91]
2024-01-17 22:42:02.949  INFO 28455 --- [http-nio-9090-exec-2] com.dreamchaser.aop.WebLogAspect : ################CLASS_METHOD : com.dreamchaser.controller.UserController.logOut
2024-01-17 22:42:04.841  INFO 28455 --- [http-nio-9090-exec-4] com.dreamchaser.aop.WebLogAspect : ################URL : http://localhost:9090/login
2024-01-17 22:42:04.842  INFO 28455 --- [http-nio-9090-exec-4] com.dreamchaser.aop.WebLogAspect : ################HTTP_METHOD : GET
2024-01-17 22:42:04.842  INFO 28455 --- [http-nio-9090-exec-4] com.dreamchaser.aop.WebLogAspect : ################IP : 0:0:0:0:0:0:0:1
2024-01-17 22:42:04.842  INFO 28455 --- [http-nio-9090-exec-4] com.dreamchaser.aop.WebLogAspect : ################THE ARGS OF THE CONTROLLER : []
2024-01-17 22:42:04.842  INFO 28455 --- [http-nio-9090-exec-4] com.dreamchaser.aop.WebLogAspect : ################CLASS_METHOD : com.dreamchaser.controller.PageController.login
2024-01-17 22:42:10.828  INFO 28455 --- [http-nio-9090-exec-5] com.dreamchaser.aop.WebLogAspect : ################URL : http://localhost:9090/
2024-01-17 22:42:10.830  INFO 28455 --- [http-nio-9090-exec-5] com.dreamchaser.aop.WebLogAspect : ################HTTP_METHOD : GET
2024-01-17 22:42:10.831  INFO 28455 --- [http-nio-9090-exec-5] com.dreamchaser.aop.WebLogAspect : ################IP : 0:0:0:0:0:0:0:1
2024-01-17 22:42:10.831  INFO 28455 --- [http-nio-9090-exec-5] com.dreamchaser.aop.WebLogAspect : ################THE ARGS OF THE CONTROLLER : [{}]
2024-01-17 22:42:10.831  INFO 28455 --- [http-nio-9090-exec-5] com.dreamchaser.aop.WebLogAspect : ################CLASS_METHOD : com.dreamchaser.controller.PageController.index
2024-01-17 22:42:13.971  INFO 28455 --- [http-nio-9090-exec-6] com.dreamchaser.aop.WebLogAspect : ################URL : http://localhost:9090/page_blog/57
2024-01-17 22:42:13.971  INFO 28455 --- [http-nio-9090-exec-6] com.dreamchaser.aop.WebLogAspect : ################HTTP_METHOD : GET
2024-01-17 22:42:13.971  INFO 28455 --- [http-nio-9090-exec-6] com.dreamchaser.aop.WebLogAspect : ################IP : 0:0:0:0:0:0:0:1
2024-01-17 22:42:13.971  INFO 28455 --- [http-nio-9090-exec-6] com.dreamchaser.aop.WebLogAspect : ################THE ARGS OF THE CONTROLLER : [57]
2024-01-17 22:42:13.971  INFO 28455 --- [http-nio-9090-exec-6] com.dreamchaser.aop.WebLogAspect : ################CLASS_METHOD : com.dreamchaser.controller.PageController.blog
2024-01-17 22:42:36.984  INFO 28455 --- [http-nio-9090-exec-3] com.dreamchaser.aop.WebLogAspect : ################URL : http://localhost:9090/comment
2024-01-17 22:42:36.987  INFO 28455 --- [http-nio-9090-exec-3] com.dreamchaser.aop.WebLogAspect : ################HTTP_METHOD : POST
2024-01-17 22:42:36.987  INFO 28455 --- [http-nio-9090-exec-3] com.dreamchaser.aop.WebLogAspect : ################IP : 0:0:0:0:0:0:0:1
2024-01-17 22:42:36.987  INFO 28455 --- [http-nio-9090-exec-3] com.dreamchaser.aop.WebLogAspect : ################THE ARGS OF THE CONTROLLER : [com.dreamchaser.pojo.Comment@6876dd8e, org.apache.catalina.session.StandardSessionFacade@7cb388b4]
2024-01-17 22:42:36.987  INFO 28455 --- [http-nio-9090-exec-3] com.dreamchaser.aop.WebLogAspect : ################CLASS_METHOD : com.dreamchaser.controller.CommentController.insertComment
2024-01-17 22:42:37.021  INFO 28455 --- [http-nio-9090-exec-4] com.dreamchaser.aop.WebLogAspect : ################URL : http://localhost:9090/page_blog/57
2024-01-17 22:42:37.021  INFO 28455 --- [http-nio-9090-exec-4] com.dreamchaser.aop.WebLogAspect : ################HTTP_METHOD : GET
2024-01-17 22:42:37.021  INFO 28455 --- [http-nio-9090-exec-4] com.dreamchaser.aop.WebLogAspect : ################IP : 0:0:0:0:0:0:0:1
2024-01-17 22:42:37.021  INFO 28455 --- [http-nio-9090-exec-4] com.dreamchaser.aop.WebLogAspect : ################THE ARGS OF THE CONTROLLER : [57]
2024-01-17 22:42:37.021  INFO 28455 --- [http-nio-9090-exec-4] com.dreamchaser.aop.WebLogAspect : ################CLASS_METHOD : com.dreamchaser.controller.PageController.blog
2024-01-17 22:42:45.832  INFO 28455 --- [http-nio-9090-exec-9] com.dreamchaser.aop.WebLogAspect : ################URL : http://localhost:9090/
2024-01-17 22:42:45.833  INFO 28455 --- [http-nio-9090-exec-9] com.dreamchaser.aop.WebLogAspect : ################HTTP_METHOD : GET
2024-01-17 22:42:45.834  INFO 28455 --- [http-nio-9090-exec-9] com.dreamchaser.aop.WebLogAspect : ################IP : 0:0:0:0:0:0:0:1
2024-01-17 22:42:45.834  INFO 28455 --- [http-nio-9090-exec-9] com.dreamchaser.aop.WebLogAspect : ################THE ARGS OF THE CONTROLLER : [{}]
2024-01-17 22:42:45.834  INFO 28455 --- [http-nio-9090-exec-9] com.dreamchaser.aop.WebLogAspect : ################CLASS_METHOD : com.dreamchaser.controller.PageController.index
2024-01-17 22:42:50.388  INFO 28455 --- [http-nio-9090-exec-6] com.dreamchaser.aop.WebLogAspect : ################URL : http://localhost:9090/login
2024-01-17 22:42:50.389  INFO 28455 --- [http-nio-9090-exec-6] com.dreamchaser.aop.WebLogAspect : ################HTTP_METHOD : GET
2024-01-17 22:42:50.389  INFO 28455 --- [http-nio-9090-exec-6] com.dreamchaser.aop.WebLogAspect : ################IP : 0:0:0:0:0:0:0:1
2024-01-17 22:42:50.389  INFO 28455 --- [http-nio-9090-exec-6] com.dreamchaser.aop.WebLogAspect : ################THE ARGS OF THE CONTROLLER : []
2024-01-17 22:42:50.389  INFO 28455 --- [http-nio-9090-exec-6] com.dreamchaser.aop.WebLogAspect : ################CLASS_METHOD : com.dreamchaser.controller.PageController.login
2024-01-17 22:42:53.252  INFO 28455 --- [http-nio-9090-exec-1] com.dreamchaser.aop.WebLogAspect : ################URL : http://localhost:9090/user/login
2024-01-17 22:42:53.252  INFO 28455 --- [http-nio-9090-exec-1] com.dreamchaser.aop.WebLogAspect : ################HTTP_METHOD : POST
2024-01-17 22:42:53.252  INFO 28455 --- [http-nio-9090-exec-1] com.dreamchaser.aop.WebLogAspect : ################IP : 0:0:0:0:0:0:0:1
2024-01-17 22:42:53.252  INFO 28455 --- [http-nio-9090-exec-1] com.dreamchaser.aop.WebLogAspect : ################THE ARGS OF THE CONTROLLER : [{name=admin, password=admin}, org.apache.catalina.session.StandardSessionFacade@7cb388b4]
2024-01-17 22:42:53.253  INFO 28455 --- [http-nio-9090-exec-1] com.dreamchaser.aop.WebLogAspect : ################CLASS_METHOD : com.dreamchaser.controller.UserController.loginUser
2024-01-17 22:42:53.269  INFO 28455 --- [http-nio-9090-exec-8] com.dreamchaser.aop.WebLogAspect : ################URL : http://localhost:9090/admin/blogs
2024-01-17 22:42:53.270  INFO 28455 --- [http-nio-9090-exec-8] com.dreamchaser.aop.WebLogAspect : ################HTTP_METHOD : GET
2024-01-17 22:42:53.270  INFO 28455 --- [http-nio-9090-exec-8] com.dreamchaser.aop.WebLogAspect : ################IP : 0:0:0:0:0:0:0:1
2024-01-17 22:42:53.270  INFO 28455 --- [http-nio-9090-exec-8] com.dreamchaser.aop.WebLogAspect : ################THE ARGS OF THE CONTROLLER : []
2024-01-17 22:42:53.270  INFO 28455 --- [http-nio-9090-exec-8] com.dreamchaser.aop.WebLogAspect : ################CLASS_METHOD : com.dreamchaser.controller.PageController.blogs
2024-01-17 22:42:58.760  INFO 28455 --- [http-nio-9090-exec-10] com.dreamchaser.aop.WebLogAspect : ################URL : http://localhost:9090/admin/comments
2024-01-17 22:42:58.762  INFO 28455 --- [http-nio-9090-exec-10] com.dreamchaser.aop.WebLogAspect : ################HTTP_METHOD : GET
2024-01-17 22:42:58.762  INFO 28455 --- [http-nio-9090-exec-10] com.dreamchaser.aop.WebLogAspect : ################IP : 0:0:0:0:0:0:0:1
2024-01-17 22:42:58.762  INFO 28455 --- [http-nio-9090-exec-10] com.dreamchaser.aop.WebLogAspect : ################THE ARGS OF THE CONTROLLER : []
2024-01-17 22:42:58.762  INFO 28455 --- [http-nio-9090-exec-10] com.dreamchaser.aop.WebLogAspect : ################CLASS_METHOD : com.dreamchaser.controller.PageController.comments
2024-01-17 22:42:58.799  INFO 28455 --- [http-nio-9090-exec-10] com.dreamchaser.aop.WebLogAspect : ################URL : http://localhost:9090/admin/comments
2024-01-17 22:42:58.799  INFO 28455 --- [http-nio-9090-exec-10] com.dreamchaser.aop.WebLogAspect : ################HTTP_METHOD : GET
2024-01-17 22:42:58.800  INFO 28455 --- [http-nio-9090-exec-10] com.dreamchaser.aop.WebLogAspect : ################IP : 0:0:0:0:0:0:0:1
2024-01-17 22:42:58.800  INFO 28455 --- [http-nio-9090-exec-10] com.dreamchaser.aop.WebLogAspect : ################THE ARGS OF THE CONTROLLER : [org.apache.catalina.connector.RequestFacade@1d74bff4, java.lang.NullPointerException]
2024-01-17 22:42:58.800  INFO 28455 --- [http-nio-9090-exec-10] com.dreamchaser.aop.WebLogAspect : ################CLASS_METHOD : com.dreamchaser.controller.ControllerExceptionHandler.exceptionHandler
2024-01-17 22:45:52.389  INFO 28455 --- [SpringContextShutdownHook] org.springframework.scheduling.concurrent.ThreadPoolTaskExecutor : Shutting down ExecutorService 'applicationTaskExecutor'
2024-01-17 22:45:52.392  INFO 28455 --- [SpringContextShutdownHook] com.alibaba.druid.pool.DruidDataSource : {dataSource-1} closing ...
2024-01-17 22:45:52.397  INFO 28455 --- [SpringContextShutdownHook] com.alibaba.druid.pool.DruidDataSource : {dataSource-1} closed
2024-01-17 22:45:54.545  INFO 35762 --- [main] com.dreamchaser.Application : Starting Application on Chaos-Mac-mini.charter.com with PID 35762 (/Users/chaowan/Downloads/myblog-master/target/classes started by chaowan in /Users/chaowan/Downloads/myblog-master)
2024-01-17 22:45:54.547  INFO 35762 --- [main] com.dreamchaser.Application : The following profiles are active: server
2024-01-17 22:45:55.605  INFO 35762 --- [main] org.springframework.boot.web.embedded.tomcat.TomcatWebServer : Tomcat initialized with port(s): 9090 (http)
2024-01-17 22:45:55.609  INFO 35762 --- [main] org.apache.catalina.core.StandardService : Starting service [Tomcat]
2024-01-17 22:45:55.611  INFO 35762 --- [main] org.apache.catalina.core.StandardEngine : Starting Servlet engine: [Apache Tomcat/9.0.36]
2024-01-17 22:45:55.657  INFO 35762 --- [main] org.apache.catalina.core.ContainerBase.[Tomcat].[localhost].[/] : Initializing Spring embedded WebApplicationContext
2024-01-17 22:45:55.657  INFO 35762 --- [main] org.springframework.boot.web.servlet.context.ServletWebServerApplicationContext : Root WebApplicationContext: initialization completed in 1078 ms
2024-01-17 22:45:55.765  INFO 35762 --- [main] com.alibaba.druid.spring.boot.autoconfigure.DruidDataSourceAutoConfigure : Init DruidDataSource
2024-01-17 22:45:55.855  INFO 35762 --- [main] com.alibaba.druid.pool.DruidDataSource : {dataSource-1} inited
2024-01-17 22:45:56.421  INFO 35762 --- [main] org.springframework.scheduling.concurrent.ThreadPoolTaskExecutor : Initializing ExecutorService 'applicationTaskExecutor'
2024-01-17 22:45:56.483  INFO 35762 --- [main] org.springframework.boot.autoconfigure.web.servlet.WelcomePageHandlerMapping : Adding welcome page template: index
2024-01-17 22:45:56.639  INFO 35762 --- [main] org.springframework.boot.web.embedded.tomcat.TomcatWebServer : Tomcat started on port(s): 9090 (http) with context path ''
2024-01-17 22:45:56.650  INFO 35762 --- [main] com.dreamchaser.Application : Started Application in 2.571 seconds (JVM running for 3.449)
2024-01-17 22:46:00.439  INFO 35762 --- [http-nio-9090-exec-1] org.apache.catalina.core.ContainerBase.[Tomcat].[localhost].[/] : Initializing Spring DispatcherServlet 'dispatcherServlet'
2024-01-17 22:46:00.443  INFO 35762 --- [http-nio-9090-exec-1] org.springframework.web.servlet.DispatcherServlet : Initializing Servlet 'dispatcherServlet'
2024-01-17 22:46:00.453  INFO 35762 --- [http-nio-9090-exec-1] org.springframework.web.servlet.DispatcherServlet : Completed initialization in 10 ms
2024-01-17 22:46:00.487  INFO 35762 --- [http-nio-9090-exec-1] com.dreamchaser.aop.WebLogAspect : ################URL : http://localhost:9090/page_blog/57
2024-01-17 22:46:00.487  INFO 35762 --- [http-nio-9090-exec-1] com.dreamchaser.aop.WebLogAspect : ################HTTP_METHOD : GET
2024-01-17 22:46:00.488  INFO 35762 --- [http-nio-9090-exec-1] com.dreamchaser.aop.WebLogAspect : ################IP : 0:0:0:0:0:0:0:1
2024-01-17 22:46:00.488  INFO 35762 --- [http-nio-9090-exec-1] com.dreamchaser.aop.WebLogAspect : ################THE ARGS OF THE CONTROLLER : [57]
2024-01-17 22:46:00.488  INFO 35762 --- [http-nio-9090-exec-1] com.dreamchaser.aop.WebLogAspect : ################CLASS_METHOD : com.dreamchaser.controller.PageController.blog
2024-01-17 22:48:33.488  INFO 35762 --- [SpringContextShutdownHook] org.springframework.scheduling.concurrent.ThreadPoolTaskExecutor : Shutting down ExecutorService 'applicationTaskExecutor'
2024-01-17 22:48:33.489  INFO 35762 --- [SpringContextShutdownHook] com.alibaba.druid.pool.DruidDataSource : {dataSource-1} closing ...
2024-01-17 22:48:33.492  INFO 35762 --- [SpringContextShutdownHook] com.alibaba.druid.pool.DruidDataSource : {dataSource-1} closed
2024-01-17 22:48:35.432  INFO 39159 --- [main] com.dreamchaser.Application : Starting Application on Chaos-Mac-mini.charter.com with PID 39159 (/Users/chaowan/Downloads/myblog-master/target/classes started by chaowan in /Users/chaowan/Downloads/myblog-master)
2024-01-17 22:48:35.433  INFO 39159 --- [main] com.dreamchaser.Application : The following profiles are active: server
2024-01-17 22:48:36.500  INFO 39159 --- [main] org.springframework.boot.web.embedded.tomcat.TomcatWebServer : Tomcat initialized with port(s): 9090 (http)
2024-01-17 22:48:36.504  INFO 39159 --- [main] org.apache.catalina.core.StandardService : Starting service [Tomcat]
2024-01-17 22:48:36.506  INFO 39159 --- [main] org.apache.catalina.core.StandardEngine : Starting Servlet engine: [Apache Tomcat/9.0.36]
2024-01-17 22:48:36.550  INFO 39159 --- [main] org.apache.catalina.core.ContainerBase.[Tomcat].[localhost].[/] : Initializing Spring embedded WebApplicationContext
2024-01-17 22:48:36.550  INFO 39159 --- [main] org.springframework.boot.web.servlet.context.ServletWebServerApplicationContext : Root WebApplicationContext: initialization completed in 1082 ms
2024-01-17 22:48:36.658  INFO 39159 --- [main] com.alibaba.druid.spring.boot.autoconfigure.DruidDataSourceAutoConfigure : Init DruidDataSource
2024-01-17 22:48:36.747  INFO 39159 --- [main] com.alibaba.druid.pool.DruidDataSource : {dataSource-1} inited
2024-01-17 22:48:37.346  INFO 39159 --- [main] org.springframework.scheduling.concurrent.ThreadPoolTaskExecutor : Initializing ExecutorService 'applicationTaskExecutor'
2024-01-17 22:48:37.408  INFO 39159 --- [main] org.springframework.boot.autoconfigure.web.servlet.WelcomePageHandlerMapping : Adding welcome page template: index
2024-01-17 22:48:37.581  INFO 39159 --- [main] org.springframework.boot.web.embedded.tomcat.TomcatWebServer : Tomcat started on port(s): 9090 (http) with context path ''
2024-01-17 22:48:37.589  INFO 39159 --- [main] com.dreamchaser.Application : Started Application in 2.591 seconds (JVM running for 3.301)
2024-01-17 22:48:39.549  INFO 39159 --- [http-nio-9090-exec-1] org.apache.catalina.core.ContainerBase.[Tomcat].[localhost].[/] : Initializing Spring DispatcherServlet 'dispatcherServlet'
2024-01-17 22:48:39.552  INFO 39159 --- [http-nio-9090-exec-1] org.springframework.web.servlet.DispatcherServlet : Initializing Servlet 'dispatcherServlet'
2024-01-17 22:48:39.561  INFO 39159 --- [http-nio-9090-exec-1] org.springframework.web.servlet.DispatcherServlet : Completed initialization in 9 ms
2024-01-17 22:48:39.593  INFO 39159 --- [http-nio-9090-exec-1] com.dreamchaser.aop.WebLogAspect : ################URL : http://localhost:9090/page_blog/57
2024-01-17 22:48:39.594  INFO 39159 --- [http-nio-9090-exec-1] com.dreamchaser.aop.WebLogAspect : ################HTTP_METHOD : GET
2024-01-17 22:48:39.594  INFO 39159 --- [http-nio-9090-exec-1] com.dreamchaser.aop.WebLogAspect : ################IP : 0:0:0:0:0:0:0:1
2024-01-17 22:48:39.594  INFO 39159 --- [http-nio-9090-exec-1] com.dreamchaser.aop.WebLogAspect : ################THE ARGS OF THE CONTROLLER : [57]
2024-01-17 22:48:39.595  INFO 39159 --- [http-nio-9090-exec-1] com.dreamchaser.aop.WebLogAspect : ################CLASS_METHOD : com.dreamchaser.controller.PageController.blog
2024-01-17 22:48:48.504  INFO 39159 --- [http-nio-9090-exec-2] com.dreamchaser.aop.WebLogAspect : ################URL : http://localhost:9090/page_types
2024-01-17 22:48:48.505  INFO 39159 --- [http-nio-9090-exec-2] com.dreamchaser.aop.WebLogAspect : ################HTTP_METHOD : GET
2024-01-17 22:48:48.505  INFO 39159 --- [http-nio-9090-exec-2] com.dreamchaser.aop.WebLogAspect : ################IP : 0:0:0:0:0:0:0:1
2024-01-17 22:48:48.505  INFO 39159 --- [http-nio-9090-exec-2] com.dreamchaser.aop.WebLogAspect : ################THE ARGS OF THE CONTROLLER : [{}]
2024-01-17 22:48:48.506  INFO 39159 --- [http-nio-9090-exec-2] com.dreamchaser.aop.WebLogAspect : ################CLASS_METHOD : com.dreamchaser.controller.PageController.page_types
2024-01-17 22:48:56.860  INFO 39159 --- [http-nio-9090-exec-3] com.dreamchaser.aop.WebLogAspect : ################URL : http://localhost:9090/page_types
2024-01-17 22:48:56.861  INFO 39159 --- [http-nio-9090-exec-3] com.dreamchaser.aop.WebLogAspect : ################HTTP_METHOD : GET
2024-01-17 22:48:56.862  INFO 39159 --- [http-nio-9090-exec-3] com.dreamchaser.aop.WebLogAspect : ################IP : 0:0:0:0:0:0:0:1
2024-01-17 22:48:56.862  INFO 39159 --- [http-nio-9090-exec-3] com.dreamchaser.aop.WebLogAspect : ################THE ARGS OF THE CONTROLLER : [{}]
2024-01-17 22:48:56.862  INFO 39159 --- [http-nio-9090-exec-3] com.dreamchaser.aop.WebLogAspect : ################CLASS_METHOD : com.dreamchaser.controller.PageController.page_types
2024-01-17 22:48:58.152  INFO 39159 --- [http-nio-9090-exec-4] com.dreamchaser.aop.WebLogAspect : ################URL : http://localhost:9090/page_tags
2024-01-17 22:48:58.156  INFO 39159 --- [http-nio-9090-exec-4] com.dreamchaser.aop.WebLogAspect : ################HTTP_METHOD : GET
2024-01-17 22:48:58.156  INFO 39159 --- [http-nio-9090-exec-4] com.dreamchaser.aop.WebLogAspect : ################IP : 0:0:0:0:0:0:0:1
2024-01-17 22:48:58.156  INFO 39159 --- [http-nio-9090-exec-4] com.dreamchaser.aop.WebLogAspect : ################THE ARGS OF THE CONTROLLER : [{}]
2024-01-17 22:48:58.157  INFO 39159 --- [http-nio-9090-exec-4] com.dreamchaser.aop.WebLogAspect : ################CLASS_METHOD : com.dreamchaser.controller.PageController.page_tags
2024-01-17 22:49:03.039  INFO 39159 --- [http-nio-9090-exec-5] com.dreamchaser.aop.WebLogAspect : ################URL : http://localhost:9090/archives
2024-01-17 22:49:03.040  INFO 39159 --- [http-nio-9090-exec-5] com.dreamchaser.aop.WebLogAspect : ################HTTP_METHOD : GET
2024-01-17 22:49:03.040  INFO 39159 --- [http-nio-9090-exec-5] com.dreamchaser.aop.WebLogAspect : ################IP : 0:0:0:0:0:0:0:1
2024-01-17 22:49:03.040  INFO 39159 --- [http-nio-9090-exec-5] com.dreamchaser.aop.WebLogAspect : ################THE ARGS OF THE CONTROLLER : []
2024-01-17 22:49:03.041  INFO 39159 --- [http-nio-9090-exec-5] com.dreamchaser.aop.WebLogAspect : ################CLASS_METHOD : com.dreamchaser.controller.PageController.archives
2024-01-17 22:49:05.159  INFO 39159 --- [http-nio-9090-exec-6] com.dreamchaser.aop.WebLogAspect : ################URL : http://localhost:9090/page_tags
2024-01-17 22:49:05.162  INFO 39159 --- [http-nio-9090-exec-6] com.dreamchaser.aop.WebLogAspect : ################HTTP_METHOD : GET
2024-01-17 22:49:05.162  INFO 39159 --- [http-nio-9090-exec-6] com.dreamchaser.aop.WebLogAspect : ################IP : 0:0:0:0:0:0:0:1
2024-01-17 22:49:05.162  INFO 39159 --- [http-nio-9090-exec-6] com.dreamchaser.aop.WebLogAspect : ################THE ARGS OF THE CONTROLLER : [{}]
2024-01-17 22:49:05.162  INFO 39159 --- [http-nio-9090-exec-6] com.dreamchaser.aop.WebLogAspect : ################CLASS_METHOD : com.dreamchaser.controller.PageController.page_tags
2024-01-17 22:49:07.081  INFO 39159 --- [http-nio-9090-exec-7] com.dreamchaser.aop.WebLogAspect : ################URL : http://localhost:9090/page_types
2024-01-17 22:49:07.082  INFO 39159 --- [http-nio-9090-exec-7] com.dreamchaser.aop.WebLogAspect : ################HTTP_METHOD : GET
2024-01-17 22:49:07.082  INFO 39159 --- [http-nio-9090-exec-7] com.dreamchaser.aop.WebLogAspect : ################IP : 0:0:0:0:0:0:0:1
2024-01-17 22:49:07.083  INFO 39159 --- [http-nio-9090-exec-7] com.dreamchaser.aop.WebLogAspect : ################THE ARGS OF THE CONTROLLER : [{}]
2024-01-17 22:49:07.083  INFO 39159 --- [http-nio-9090-exec-7] com.dreamchaser.aop.WebLogAspect : ################CLASS_METHOD : com.dreamchaser.controller.PageController.page_types
2024-01-17 22:50:53.107  INFO 39159 --- [SpringContextShutdownHook] org.springframework.scheduling.concurrent.ThreadPoolTaskExecutor : Shutting down ExecutorService 'applicationTaskExecutor'
2024-01-17 22:50:53.108  INFO 39159 --- [SpringContextShutdownHook] com.alibaba.druid.pool.DruidDataSource : {dataSource-1} closing ...
2024-01-17 22:50:53.111  INFO 39159 --- [SpringContextShutdownHook] com.alibaba.druid.pool.DruidDataSource : {dataSource-1} closed
2024-01-17 22:50:55.217  INFO 42032 --- [main] com.dreamchaser.Application : Starting Application on Chaos-Mac-mini.charter.com with PID 42032 (/Users/chaowan/Downloads/myblog-master/target/classes started by chaowan in /Users/chaowan/Downloads/myblog-master)
2024-01-17 22:50:55.218  INFO 42032 --- [main] com.dreamchaser.Application : The following profiles are active: server
2024-01-17 22:50:56.281  INFO 42032 --- [main] org.springframework.boot.web.embedded.tomcat.TomcatWebServer : Tomcat initialized with port(s): 9090 (http)
2024-01-17 22:50:56.286  INFO 42032 --- [main] org.apache.catalina.core.StandardService : Starting service [Tomcat]
2024-01-17 22:50:56.288  INFO 42032 --- [main] org.apache.catalina.core.StandardEngine : Starting Servlet engine: [Apache Tomcat/9.0.36]
2024-01-17 22:50:56.332  INFO 42032 --- [main] org.apache.catalina.core.ContainerBase.[Tomcat].[localhost].[/] : Initializing Spring embedded WebApplicationContext
2024-01-17 22:50:56.332  INFO 42032 --- [main] org.springframework.boot.web.servlet.context.ServletWebServerApplicationContext : Root WebApplicationContext: initialization completed in 1082 ms
2024-01-17 22:50:56.432  INFO 42032 --- [main] com.alibaba.druid.spring.boot.autoconfigure.DruidDataSourceAutoConfigure : Init DruidDataSource
2024-01-17 22:50:56.523  INFO 42032 --- [main] com.alibaba.druid.pool.DruidDataSource : {dataSource-1} inited
2024-01-17 22:50:57.091  INFO 42032 --- [main] org.springframework.scheduling.concurrent.ThreadPoolTaskExecutor : Initializing ExecutorService 'applicationTaskExecutor'
2024-01-17 22:50:57.151  INFO 42032 --- [main] org.springframework.boot.autoconfigure.web.servlet.WelcomePageHandlerMapping : Adding welcome page template: index
2024-01-17 22:50:57.310  INFO 42032 --- [main] org.springframework.boot.web.embedded.tomcat.TomcatWebServer : Tomcat started on port(s): 9090 (http) with context path ''
2024-01-17 22:50:57.320  INFO 42032 --- [main] com.dreamchaser.Application : Started Application in 2.486 seconds (JVM running for 3.381)
2024-01-17 22:51:04.382  INFO 42032 --- [http-nio-9090-exec-1] org.apache.catalina.core.ContainerBase.[Tomcat].[localhost].[/] : Initializing Spring DispatcherServlet 'dispatcherServlet'
2024-01-17 22:51:04.386  INFO 42032 --- [http-nio-9090-exec-1] org.springframework.web.servlet.DispatcherServlet : Initializing Servlet 'dispatcherServlet'
2024-01-17 22:51:04.397  INFO 42032 --- [http-nio-9090-exec-1] org.springframework.web.servlet.DispatcherServlet : Completed initialization in 11 ms
2024-01-17 22:51:04.424  INFO 42032 --- [http-nio-9090-exec-1] com.dreamchaser.aop.WebLogAspect : ################URL : http://localhost:9090/
2024-01-17 22:51:04.424  INFO 42032 --- [http-nio-9090-exec-1] com.dreamchaser.aop.WebLogAspect : ################HTTP_METHOD : GET
2024-01-17 22:51:04.424  INFO 42032 --- [http-nio-9090-exec-1] com.dreamchaser.aop.WebLogAspect : ################IP : 0:0:0:0:0:0:0:1
2024-01-17 22:51:04.424  INFO 42032 --- [http-nio-9090-exec-1] com.dreamchaser.aop.WebLogAspect : ################THE ARGS OF THE CONTROLLER : [{}]
2024-01-17 22:51:04.425  INFO 42032 --- [http-nio-9090-exec-1] com.dreamchaser.aop.WebLogAspect : ################CLASS_METHOD : com.dreamchaser.controller.PageController.index
2024-01-17 22:51:10.700  INFO 42032 --- [http-nio-9090-exec-2] com.dreamchaser.aop.WebLogAspect : ################URL : http://localhost:9090/page_types
2024-01-17 22:51:10.701  INFO 42032 --- [http-nio-9090-exec-2] com.dreamchaser.aop.WebLogAspect : ################HTTP_METHOD : GET
2024-01-17 22:51:10.701  INFO 42032 --- [http-nio-9090-exec-2] com.dreamchaser.aop.WebLogAspect : ################IP : 0:0:0:0:0:0:0:1
2024-01-17 22:51:10.701  INFO 42032 --- [http-nio-9090-exec-2] com.dreamchaser.aop.WebLogAspect : ################THE ARGS OF THE CONTROLLER : [{}]
2024-01-17 22:51:10.701  INFO 42032 --- [http-nio-9090-exec-2] com.dreamchaser.aop.WebLogAspect : ################CLASS_METHOD : com.dreamchaser.controller.PageController.page_types
2024-01-17 22:51:12.731  INFO 42032 --- [http-nio-9090-exec-3] com.dreamchaser.aop.WebLogAspect : ################URL : http://localhost:9090/page_tags
2024-01-17 22:51:12.733  INFO 42032 --- [http-nio-9090-exec-3] com.dreamchaser.aop.WebLogAspect : ################HTTP_METHOD : GET
2024-01-17 22:51:12.733  INFO 42032 --- [http-nio-9090-exec-3] com.dreamchaser.aop.WebLogAspect : ################IP : 0:0:0:0:0:0:0:1
2024-01-17 22:51:12.734  INFO 42032 --- [http-nio-9090-exec-3] com.dreamchaser.aop.WebLogAspect : ################THE ARGS OF THE CONTROLLER : [{}]
2024-01-17 22:51:12.734  INFO 42032 --- [http-nio-9090-exec-3] com.dreamchaser.aop.WebLogAspect : ################CLASS_METHOD : com.dreamchaser.controller.PageController.page_tags
2024-01-17 22:51:14.260  INFO 42032 --- [http-nio-9090-exec-4] com.dreamchaser.aop.WebLogAspect : ################URL : http://localhost:9090/archives
2024-01-17 22:51:14.261  INFO 42032 --- [http-nio-9090-exec-4] com.dreamchaser.aop.WebLogAspect : ################HTTP_METHOD : GET
2024-01-17 22:51:14.261  INFO 42032 --- [http-nio-9090-exec-4] com.dreamchaser.aop.WebLogAspect : ################IP : 0:0:0:0:0:0:0:1
2024-01-17 22:51:14.261  INFO 42032 --- [http-nio-9090-exec-4] com.dreamchaser.aop.WebLogAspect : ################THE ARGS OF THE CONTROLLER : []
2024-01-17 22:51:14.261  INFO 42032 --- [http-nio-9090-exec-4] com.dreamchaser.aop.WebLogAspect : ################CLASS_METHOD : com.dreamchaser.controller.PageController.archives
2024-01-17 22:51:16.131  INFO 42032 --- [http-nio-9090-exec-5] com.dreamchaser.aop.WebLogAspect : ################URL : http://localhost:9090/page_tags
2024-01-17 22:51:16.135  INFO 42032 --- [http-nio-9090-exec-5] com.dreamchaser.aop.WebLogAspect : ################HTTP_METHOD : GET
2024-01-17 22:51:16.135  INFO 42032 --- [http-nio-9090-exec-5] com.dreamchaser.aop.WebLogAspect : ################IP : 0:0:0:0:0:0:0:1
2024-01-17 22:51:16.135  INFO 42032 --- [http-nio-9090-exec-5] com.dreamchaser.aop.WebLogAspect : ################THE ARGS OF THE CONTROLLER : [{}]
2024-01-17 22:51:16.135  INFO 42032 --- [http-nio-9090-exec-5] com.dreamchaser.aop.WebLogAspect : ################CLASS_METHOD : com.dreamchaser.controller.PageController.page_tags
2024-01-17 22:51:17.824  INFO 42032 --- [http-nio-9090-exec-6] com.dreamchaser.aop.WebLogAspect : ################URL : http://localhost:9090/archives
2024-01-17 22:51:17.824  INFO 42032 --- [http-nio-9090-exec-6] com.dreamchaser.aop.WebLogAspect : ################HTTP_METHOD : GET
2024-01-17 22:51:17.824  INFO 42032 --- [http-nio-9090-exec-6] com.dreamchaser.aop.WebLogAspect : ################IP : 0:0:0:0:0:0:0:1
2024-01-17 22:51:17.824  INFO 42032 --- [http-nio-9090-exec-6] com.dreamchaser.aop.WebLogAspect : ################THE ARGS OF THE CONTROLLER : []
2024-01-17 22:51:17.824  INFO 42032 --- [http-nio-9090-exec-6] com.dreamchaser.aop.WebLogAspect : ################CLASS_METHOD : com.dreamchaser.controller.PageController.archives
2024-01-17 22:51:18.931  INFO 42032 --- [http-nio-9090-exec-7] com.dreamchaser.aop.WebLogAspect : ################URL : http://localhost:9090/about
2024-01-17 22:51:18.932  INFO 42032 --- [http-nio-9090-exec-7] com.dreamchaser.aop.WebLogAspect : ################HTTP_METHOD : GET
2024-01-17 22:51:18.932  INFO 42032 --- [http-nio-9090-exec-7] com.dreamchaser.aop.WebLogAspect : ################IP : 0:0:0:0:0:0:0:1
2024-01-17 22:51:18.932  INFO 42032 --- [http-nio-9090-exec-7] com.dreamchaser.aop.WebLogAspect : ################THE ARGS OF THE CONTROLLER : []
2024-01-17 22:51:18.932  INFO 42032 --- [http-nio-9090-exec-7] com.dreamchaser.aop.WebLogAspect : ################CLASS_METHOD : com.dreamchaser.controller.PageController.about
2024-01-17 22:51:20.601  INFO 42032 --- [http-nio-9090-exec-8] com.dreamchaser.aop.WebLogAspect : ################URL : http://localhost:9090/archives
2024-01-17 22:51:20.602  INFO 42032 --- [http-nio-9090-exec-8] com.dreamchaser.aop.WebLogAspect : ################HTTP_METHOD : GET
2024-01-17 22:51:20.602  INFO 42032 --- [http-nio-9090-exec-8] com.dreamchaser.aop.WebLogAspect : ################IP : 0:0:0:0:0:0:0:1
2024-01-17 22:51:20.602  INFO 42032 --- [http-nio-9090-exec-8] com.dreamchaser.aop.WebLogAspect : ################THE ARGS OF THE CONTROLLER : []
2024-01-17 22:51:20.602  INFO 42032 --- [http-nio-9090-exec-8] com.dreamchaser.aop.WebLogAspect : ################CLASS_METHOD : com.dreamchaser.controller.PageController.archives
2024-01-17 22:51:27.572  INFO 42032 --- [http-nio-9090-exec-9] com.dreamchaser.aop.WebLogAspect : ################URL : http://localhost:9090/login
2024-01-17 22:51:27.574  INFO 42032 --- [http-nio-9090-exec-9] com.dreamchaser.aop.WebLogAspect : ################HTTP_METHOD : GET
2024-01-17 22:51:27.574  INFO 42032 --- [http-nio-9090-exec-9] com.dreamchaser.aop.WebLogAspect : ################IP : 0:0:0:0:0:0:0:1
2024-01-17 22:51:27.574  INFO 42032 --- [http-nio-9090-exec-9] com.dreamchaser.aop.WebLogAspect : ################THE ARGS OF THE CONTROLLER : []
2024-01-17 22:51:27.574  INFO 42032 --- [http-nio-9090-exec-9] com.dreamchaser.aop.WebLogAspect : ################CLASS_METHOD : com.dreamchaser.controller.PageController.login
2024-01-17 22:51:29.755  INFO 42032 --- [http-nio-9090-exec-10] com.dreamchaser.aop.WebLogAspect : ################URL : http://localhost:9090/user/login
2024-01-17 22:51:29.757  INFO 42032 --- [http-nio-9090-exec-10] com.dreamchaser.aop.WebLogAspect : ################HTTP_METHOD : POST
2024-01-17 22:51:29.757  INFO 42032 --- [http-nio-9090-exec-10] com.dreamchaser.aop.WebLogAspect : ################IP : 0:0:0:0:0:0:0:1
2024-01-17 22:51:29.758  INFO 42032 --- [http-nio-9090-exec-10] com.dreamchaser.aop.WebLogAspect : ################THE ARGS OF THE CONTROLLER : [{name=admin, password=admin}, org.apache.catalina.session.StandardSessionFacade@216cb261]
2024-01-17 22:51:29.758  INFO 42032 --- [http-nio-9090-exec-10] com.dreamchaser.aop.WebLogAspect : ################CLASS_METHOD : com.dreamchaser.controller.UserController.loginUser
2024-01-17 22:51:29.806  INFO 42032 --- [http-nio-9090-exec-1] com.dreamchaser.aop.WebLogAspect : ################URL : http://localhost:9090/admin/blogs
2024-01-17 22:51:29.806  INFO 42032 --- [http-nio-9090-exec-1] com.dreamchaser.aop.WebLogAspect : ################HTTP_METHOD : GET
2024-01-17 22:51:29.806  INFO 42032 --- [http-nio-9090-exec-1] com.dreamchaser.aop.WebLogAspect : ################IP : 0:0:0:0:0:0:0:1
2024-01-17 22:51:29.806  INFO 42032 --- [http-nio-9090-exec-1] com.dreamchaser.aop.WebLogAspect : ################THE ARGS OF THE CONTROLLER : []
2024-01-17 22:51:29.806  INFO 42032 --- [http-nio-9090-exec-1] com.dreamchaser.aop.WebLogAspect : ################CLASS_METHOD : com.dreamchaser.controller.PageController.blogs
2024-01-17 22:51:32.784  INFO 42032 --- [http-nio-9090-exec-2] com.dreamchaser.aop.WebLogAspect : ################URL : http://localhost:9090/admin/blog-input
2024-01-17 22:51:32.785  INFO 42032 --- [http-nio-9090-exec-2] com.dreamchaser.aop.WebLogAspect : ################HTTP_METHOD : GET
2024-01-17 22:51:32.785  INFO 42032 --- [http-nio-9090-exec-2] com.dreamchaser.aop.WebLogAspect : ################IP : 0:0:0:0:0:0:0:1
2024-01-17 22:51:32.785  INFO 42032 --- [http-nio-9090-exec-2] com.dreamchaser.aop.WebLogAspect : ################THE ARGS OF THE CONTROLLER : []
2024-01-17 22:51:32.785  INFO 42032 --- [http-nio-9090-exec-2] com.dreamchaser.aop.WebLogAspect : ################CLASS_METHOD : com.dreamchaser.controller.PageController.blog_input
2024-01-17 22:51:38.579  INFO 42032 --- [http-nio-9090-exec-3] com.dreamchaser.aop.WebLogAspect : ################URL : http://localhost:9090/admin/blogs
2024-01-17 22:51:38.581  INFO 42032 --- [http-nio-9090-exec-3] com.dreamchaser.aop.WebLogAspect : ################HTTP_METHOD : GET
2024-01-17 22:51:38.581  INFO 42032 --- [http-nio-9090-exec-3] com.dreamchaser.aop.WebLogAspect : ################IP : 0:0:0:0:0:0:0:1
2024-01-17 22:51:38.581  INFO 42032 --- [http-nio-9090-exec-3] com.dreamchaser.aop.WebLogAspect : ################THE ARGS OF THE CONTROLLER : []
2024-01-17 22:51:38.581  INFO 42032 --- [http-nio-9090-exec-3] com.dreamchaser.aop.WebLogAspect : ################CLASS_METHOD : com.dreamchaser.controller.PageController.blogs
2024-01-17 22:51:39.829  INFO 42032 --- [http-nio-9090-exec-4] com.dreamchaser.aop.WebLogAspect : ################URL : http://localhost:9090/admin/blog-input
2024-01-17 22:51:39.831  INFO 42032 --- [http-nio-9090-exec-4] com.dreamchaser.aop.WebLogAspect : ################HTTP_METHOD : GET
2024-01-17 22:51:39.831  INFO 42032 --- [http-nio-9090-exec-4] com.dreamchaser.aop.WebLogAspect : ################IP : 0:0:0:0:0:0:0:1
2024-01-17 22:51:39.832  INFO 42032 --- [http-nio-9090-exec-4] com.dreamchaser.aop.WebLogAspect : ################THE ARGS OF THE CONTROLLER : []
2024-01-17 22:51:39.832  INFO 42032 --- [http-nio-9090-exec-4] com.dreamchaser.aop.WebLogAspect : ################CLASS_METHOD : com.dreamchaser.controller.PageController.blog_input
2024-01-17 22:51:40.710  INFO 42032 --- [http-nio-9090-exec-5] com.dreamchaser.aop.WebLogAspect : ################URL : http://localhost:9090/admin/types
2024-01-17 22:51:40.715  INFO 42032 --- [http-nio-9090-exec-5] com.dreamchaser.aop.WebLogAspect : ################HTTP_METHOD : GET
2024-01-17 22:51:40.715  INFO 42032 --- [http-nio-9090-exec-5] com.dreamchaser.aop.WebLogAspect : ################IP : 0:0:0:0:0:0:0:1
2024-01-17 22:51:40.715  INFO 42032 --- [http-nio-9090-exec-5] com.dreamchaser.aop.WebLogAspect : ################THE ARGS OF THE CONTROLLER : []
2024-01-17 22:51:40.715  INFO 42032 --- [http-nio-9090-exec-5] com.dreamchaser.aop.WebLogAspect : ################CLASS_METHOD : com.dreamchaser.controller.PageController.types
2024-01-17 22:51:42.363  INFO 42032 --- [http-nio-9090-exec-6] com.dreamchaser.aop.WebLogAspect : ################URL : http://localhost:9090/admin/tags
2024-01-17 22:51:42.364  INFO 42032 --- [http-nio-9090-exec-6] com.dreamchaser.aop.WebLogAspect : ################HTTP_METHOD : GET
2024-01-17 22:51:42.364  INFO 42032 --- [http-nio-9090-exec-6] com.dreamchaser.aop.WebLogAspect : ################IP : 0:0:0:0:0:0:0:1
2024-01-17 22:51:42.364  INFO 42032 --- [http-nio-9090-exec-6] com.dreamchaser.aop.WebLogAspect : ################THE ARGS OF THE CONTROLLER : []
2024-01-17 22:51:42.364  INFO 42032 --- [http-nio-9090-exec-6] com.dreamchaser.aop.WebLogAspect : ################CLASS_METHOD : com.dreamchaser.controller.PageController.tags
2024-01-17 22:51:43.833  INFO 42032 --- [http-nio-9090-exec-7] com.dreamchaser.aop.WebLogAspect : ################URL : http://localhost:9090/admin/comments
2024-01-17 22:51:43.836  INFO 42032 --- [http-nio-9090-exec-7] com.dreamchaser.aop.WebLogAspect : ################HTTP_METHOD : GET
2024-01-17 22:51:43.836  INFO 42032 --- [http-nio-9090-exec-7] com.dreamchaser.aop.WebLogAspect : ################IP : 0:0:0:0:0:0:0:1
2024-01-17 22:51:43.836  INFO 42032 --- [http-nio-9090-exec-7] com.dreamchaser.aop.WebLogAspect : ################THE ARGS OF THE CONTROLLER : []
2024-01-17 22:51:43.836  INFO 42032 --- [http-nio-9090-exec-7] com.dreamchaser.aop.WebLogAspect : ################CLASS_METHOD : com.dreamchaser.controller.PageController.comments
2024-01-17 22:51:43.879  INFO 42032 --- [http-nio-9090-exec-7] com.dreamchaser.aop.WebLogAspect : ################URL : http://localhost:9090/admin/comments
2024-01-17 22:51:43.879  INFO 42032 --- [http-nio-9090-exec-7] com.dreamchaser.aop.WebLogAspect : ################HTTP_METHOD : GET
2024-01-17 22:51:43.879  INFO 42032 --- [http-nio-9090-exec-7] com.dreamchaser.aop.WebLogAspect : ################IP : 0:0:0:0:0:0:0:1
2024-01-17 22:51:43.879  INFO 42032 --- [http-nio-9090-exec-7] com.dreamchaser.aop.WebLogAspect : ################THE ARGS OF THE CONTROLLER : [org.apache.catalina.connector.RequestFacade@324a4ac1, java.lang.NullPointerException]
2024-01-17 22:51:43.879  INFO 42032 --- [http-nio-9090-exec-7] com.dreamchaser.aop.WebLogAspect : ################CLASS_METHOD : com.dreamchaser.controller.ControllerExceptionHandler.exceptionHandler
2024-01-17 22:55:52.209  INFO 42032 --- [SpringContextShutdownHook] org.springframework.scheduling.concurrent.ThreadPoolTaskExecutor : Shutting down ExecutorService 'applicationTaskExecutor'
2024-01-17 22:55:52.209  INFO 42032 --- [SpringContextShutdownHook] com.alibaba.druid.pool.DruidDataSource : {dataSource-1} closing ...
2024-01-17 22:55:52.213  INFO 42032 --- [SpringContextShutdownHook] com.alibaba.druid.pool.DruidDataSource : {dataSource-1} closed
2024-01-17 22:55:54.093  INFO 48161 --- [main] com.dreamchaser.Application : Starting Application on Chaos-Mac-mini.charter.com with PID 48161 (/Users/chaowan/Downloads/myblog-master/target/classes started by chaowan in /Users/chaowan/Downloads/myblog-master)
2024-01-17 22:55:54.095  INFO 48161 --- [main] com.dreamchaser.Application : The following profiles are active: server
2024-01-17 22:55:55.155  INFO 48161 --- [main] org.springframework.boot.web.embedded.tomcat.TomcatWebServer : Tomcat initialized with port(s): 9090 (http)
2024-01-17 22:55:55.159  INFO 48161 --- [main] org.apache.catalina.core.StandardService : Starting service [Tomcat]
2024-01-17 22:55:55.161  INFO 48161 --- [main] org.apache.catalina.core.StandardEngine : Starting Servlet engine: [Apache Tomcat/9.0.36]
2024-01-17 22:55:55.204  INFO 48161 --- [main] org.apache.catalina.core.ContainerBase.[Tomcat].[localhost].[/] : Initializing Spring embedded WebApplicationContext
2024-01-17 22:55:55.204  INFO 48161 --- [main] org.springframework.boot.web.servlet.context.ServletWebServerApplicationContext : Root WebApplicationContext: initialization completed in 1078 ms
2024-01-17 22:55:55.302  INFO 48161 --- [main] com.alibaba.druid.spring.boot.autoconfigure.DruidDataSourceAutoConfigure : Init DruidDataSource
2024-01-17 22:55:55.388  INFO 48161 --- [main] com.alibaba.druid.pool.DruidDataSource : {dataSource-1} inited
2024-01-17 22:55:55.956  INFO 48161 --- [main] org.springframework.scheduling.concurrent.ThreadPoolTaskExecutor : Initializing ExecutorService 'applicationTaskExecutor'
2024-01-17 22:55:56.024  INFO 48161 --- [main] org.springframework.boot.autoconfigure.web.servlet.WelcomePageHandlerMapping : Adding welcome page template: index
2024-01-17 22:55:56.186  INFO 48161 --- [main] org.springframework.boot.web.embedded.tomcat.TomcatWebServer : Tomcat started on port(s): 9090 (http) with context path ''
2024-01-17 22:55:56.204  INFO 48161 --- [main] com.dreamchaser.Application : Started Application in 2.48 seconds (JVM running for 3.146)
2024-01-17 22:56:10.348  INFO 48161 --- [http-nio-9090-exec-1] org.apache.catalina.core.ContainerBase.[Tomcat].[localhost].[/] : Initializing Spring DispatcherServlet 'dispatcherServlet'
2024-01-17 22:56:10.351  INFO 48161 --- [http-nio-9090-exec-1] org.springframework.web.servlet.DispatcherServlet : Initializing Servlet 'dispatcherServlet'
2024-01-17 22:56:10.363  INFO 48161 --- [http-nio-9090-exec-1] org.springframework.web.servlet.DispatcherServlet : Completed initialization in 12 ms
2024-01-17 22:56:10.408  INFO 48161 --- [http-nio-9090-exec-2] com.dreamchaser.aop.WebLogAspect : ################URL : http://localhost:9090/login
2024-01-17 22:56:10.409  INFO 48161 --- [http-nio-9090-exec-2] com.dreamchaser.aop.WebLogAspect : ################HTTP_METHOD : GET
2024-01-17 22:56:10.409  INFO 48161 --- [http-nio-9090-exec-2] com.dreamchaser.aop.WebLogAspect : ################IP : 0:0:0:0:0:0:0:1
2024-01-17 22:56:10.409  INFO 48161 --- [http-nio-9090-exec-2] com.dreamchaser.aop.WebLogAspect : ################THE ARGS OF THE CONTROLLER : []
2024-01-17 22:56:10.409  INFO 48161 --- [http-nio-9090-exec-2] com.dreamchaser.aop.WebLogAspect : ################CLASS_METHOD : com.dreamchaser.controller.PageController.login
2024-01-17 22:56:13.371  INFO 48161 --- [http-nio-9090-exec-3] com.dreamchaser.aop.WebLogAspect : ################URL : http://localhost:9090/user/login
2024-01-17 22:56:13.372  INFO 48161 --- [http-nio-9090-exec-3] com.dreamchaser.aop.WebLogAspect : ################HTTP_METHOD : POST
2024-01-17 22:56:13.372  INFO 48161 --- [http-nio-9090-exec-3] com.dreamchaser.aop.WebLogAspect : ################IP : 0:0:0:0:0:0:0:1
2024-01-17 22:56:13.373  INFO 48161 --- [http-nio-9090-exec-3] com.dreamchaser.aop.WebLogAspect : ################THE ARGS OF THE CONTROLLER : [{name=admin, password=admin}, org.apache.catalina.session.StandardSessionFacade@63a0a26c]
2024-01-17 22:56:13.373  INFO 48161 --- [http-nio-9090-exec-3] com.dreamchaser.aop.WebLogAspect : ################CLASS_METHOD : com.dreamchaser.controller.UserController.loginUser
2024-01-17 22:56:13.851  INFO 48161 --- [http-nio-9090-exec-4] com.dreamchaser.aop.WebLogAspect : ################URL : http://localhost:9090/admin/blogs
2024-01-17 22:56:13.852  INFO 48161 --- [http-nio-9090-exec-4] com.dreamchaser.aop.WebLogAspect : ################HTTP_METHOD : GET
2024-01-17 22:56:13.852  INFO 48161 --- [http-nio-9090-exec-4] com.dreamchaser.aop.WebLogAspect : ################IP : 0:0:0:0:0:0:0:1
2024-01-17 22:56:13.852  INFO 48161 --- [http-nio-9090-exec-4] com.dreamchaser.aop.WebLogAspect : ################THE ARGS OF THE CONTROLLER : []
2024-01-17 22:56:13.852  INFO 48161 --- [http-nio-9090-exec-4] com.dreamchaser.aop.WebLogAspect : ################CLASS_METHOD : com.dreamchaser.controller.PageController.blogs
2024-01-17 22:56:28.429  INFO 48161 --- [http-nio-9090-exec-5] com.dreamchaser.aop.WebLogAspect : ################URL : http://localhost:9090/admin/blogs
2024-01-17 22:56:28.432  INFO 48161 --- [http-nio-9090-exec-5] com.dreamchaser.aop.WebLogAspect : ################HTTP_METHOD : GET
2024-01-17 22:56:28.432  INFO 48161 --- [http-nio-9090-exec-5] com.dreamchaser.aop.WebLogAspect : ################IP : 0:0:0:0:0:0:0:1
2024-01-17 22:56:28.432  INFO 48161 --- [http-nio-9090-exec-5] com.dreamchaser.aop.WebLogAspect : ################THE ARGS OF THE CONTROLLER : []
2024-01-17 22:56:28.432  INFO 48161 --- [http-nio-9090-exec-5] com.dreamchaser.aop.WebLogAspect : ################CLASS_METHOD : com.dreamchaser.controller.PageController.blogs
2024-01-17 22:56:29.184  INFO 48161 --- [http-nio-9090-exec-6] com.dreamchaser.aop.WebLogAspect : ################URL : http://localhost:9090/admin/blogs
2024-01-17 22:56:29.190  INFO 48161 --- [http-nio-9090-exec-6] com.dreamchaser.aop.WebLogAspect : ################HTTP_METHOD : GET
2024-01-17 22:56:29.190  INFO 48161 --- [http-nio-9090-exec-6] com.dreamchaser.aop.WebLogAspect : ################IP : 0:0:0:0:0:0:0:1
2024-01-17 22:56:29.190  INFO 48161 --- [http-nio-9090-exec-6] com.dreamchaser.aop.WebLogAspect : ################THE ARGS OF THE CONTROLLER : []
2024-01-17 22:56:29.190  INFO 48161 --- [http-nio-9090-exec-6] com.dreamchaser.aop.WebLogAspect : ################CLASS_METHOD : com.dreamchaser.controller.PageController.blogs
2024-01-17 22:56:36.464  INFO 48161 --- [http-nio-9090-exec-7] com.dreamchaser.aop.WebLogAspect : ################URL : http://localhost:9090/
2024-01-17 22:56:36.464  INFO 48161 --- [http-nio-9090-exec-7] com.dreamchaser.aop.WebLogAspect : ################HTTP_METHOD : GET
2024-01-17 22:56:36.465  INFO 48161 --- [http-nio-9090-exec-7] com.dreamchaser.aop.WebLogAspect : ################IP : 0:0:0:0:0:0:0:1
2024-01-17 22:56:36.465  INFO 48161 --- [http-nio-9090-exec-7] com.dreamchaser.aop.WebLogAspect : ################THE ARGS OF THE CONTROLLER : [{}]
2024-01-17 22:56:36.465  INFO 48161 --- [http-nio-9090-exec-7] com.dreamchaser.aop.WebLogAspect : ################CLASS_METHOD : com.dreamchaser.controller.PageController.index
2024-01-17 22:56:49.898  INFO 48161 --- [SpringContextShutdownHook] org.springframework.scheduling.concurrent.ThreadPoolTaskExecutor : Shutting down ExecutorService 'applicationTaskExecutor'
2024-01-17 22:56:49.899  INFO 48161 --- [SpringContextShutdownHook] com.alibaba.druid.pool.DruidDataSource : {dataSource-1} closing ...
2024-01-17 22:56:49.902  INFO 48161 --- [SpringContextShutdownHook] com.alibaba.druid.pool.DruidDataSource : {dataSource-1} closed
