2024-01-20 15:59:24.343  INFO 90975 --- [main] com.dreamchaser.Application : Starting Application on Chaos-Mac-mini.charter.com with PID 90975 (/Users/chaowan/Downloads/myblog-master/target/classes started by chaowan in /Users/chaowan/Downloads/myblog-master)
2024-01-20 15:59:24.344  INFO 90975 --- [main] com.dreamchaser.Application : The following profiles are active: server
2024-01-20 15:59:25.455  INFO 90975 --- [main] org.springframework.boot.web.embedded.tomcat.TomcatWebServer : Tomcat initialized with port(s): 9090 (http)
2024-01-20 15:59:25.459  INFO 90975 --- [main] org.apache.catalina.core.StandardService : Starting service [Tomcat]
2024-01-20 15:59:25.461  INFO 90975 --- [main] org.apache.catalina.core.StandardEngine : Starting Servlet engine: [Apache Tomcat/9.0.36]
2024-01-20 15:59:25.512  INFO 90975 --- [main] org.apache.catalina.core.ContainerBase.[Tomcat].[localhost].[/] : Initializing Spring embedded WebApplicationContext
2024-01-20 15:59:25.512  INFO 90975 --- [main] org.springframework.boot.web.servlet.context.ServletWebServerApplicationContext : Root WebApplicationContext: initialization completed in 1132 ms
2024-01-20 15:59:25.623  INFO 90975 --- [main] com.alibaba.druid.spring.boot.autoconfigure.DruidDataSourceAutoConfigure : Init DruidDataSource
2024-01-20 15:59:25.732  INFO 90975 --- [main] com.alibaba.druid.pool.DruidDataSource : {dataSource-1} inited
2024-01-20 15:59:26.322  INFO 90975 --- [main] org.springframework.scheduling.concurrent.ThreadPoolTaskExecutor : Initializing ExecutorService 'applicationTaskExecutor'
2024-01-20 15:59:26.384  INFO 90975 --- [main] org.springframework.boot.autoconfigure.web.servlet.WelcomePageHandlerMapping : Adding welcome page template: index
2024-01-20 15:59:26.616  INFO 90975 --- [main] org.springframework.boot.web.embedded.tomcat.TomcatWebServer : Tomcat started on port(s): 9090 (http) with context path ''
2024-01-20 15:59:26.628  INFO 90975 --- [main] com.dreamchaser.Application : Started Application in 2.671 seconds (JVM running for 3.225)
2024-01-20 16:01:52.123  INFO 90975 --- [http-nio-9090-exec-1] org.apache.catalina.core.ContainerBase.[Tomcat].[localhost].[/] : Initializing Spring DispatcherServlet 'dispatcherServlet'
2024-01-20 16:01:52.126  INFO 90975 --- [http-nio-9090-exec-1] org.springframework.web.servlet.DispatcherServlet : Initializing Servlet 'dispatcherServlet'
2024-01-20 16:01:52.149  INFO 90975 --- [http-nio-9090-exec-1] org.springframework.web.servlet.DispatcherServlet : Completed initialization in 22 ms
2024-01-20 16:01:52.175  INFO 90975 --- [http-nio-9090-exec-1] com.dreamchaser.aop.WebLogAspect : ################URL : http://localhost:9090/
2024-01-20 16:01:52.175  INFO 90975 --- [http-nio-9090-exec-1] com.dreamchaser.aop.WebLogAspect : ################HTTP_METHOD : GET
2024-01-20 16:01:52.175  INFO 90975 --- [http-nio-9090-exec-1] com.dreamchaser.aop.WebLogAspect : ################IP : 0:0:0:0:0:0:0:1
2024-01-20 16:01:52.175  INFO 90975 --- [http-nio-9090-exec-1] com.dreamchaser.aop.WebLogAspect : ################THE ARGS OF THE CONTROLLER : [{}]
2024-01-20 16:01:52.176  INFO 90975 --- [http-nio-9090-exec-1] com.dreamchaser.aop.WebLogAspect : ################CLASS_METHOD : com.dreamchaser.controller.PageController.index
2024-01-20 16:07:44.532  INFO 90975 --- [SpringContextShutdownHook] org.springframework.scheduling.concurrent.ThreadPoolTaskExecutor : Shutting down ExecutorService 'applicationTaskExecutor'
2024-01-20 16:07:44.535  INFO 90975 --- [SpringContextShutdownHook] com.alibaba.druid.pool.DruidDataSource : {dataSource-1} closing ...
2024-01-20 16:07:44.541  INFO 90975 --- [SpringContextShutdownHook] com.alibaba.druid.pool.DruidDataSource : {dataSource-1} closed
2024-01-20 16:07:55.567  INFO 1798 --- [main] com.dreamchaser.Application : Starting Application on Chaos-Mac-mini.charter.com with PID 1798 (/Users/chaowan/Downloads/myblog-master/target/classes started by chaowan in /Users/chaowan/Downloads/myblog-master)
2024-01-20 16:07:55.569  INFO 1798 --- [main] com.dreamchaser.Application : The following profiles are active: server
2024-01-20 16:07:56.605  INFO 1798 --- [main] org.springframework.boot.web.embedded.tomcat.TomcatWebServer : Tomcat initialized with port(s): 9090 (http)
2024-01-20 16:07:56.609  INFO 1798 --- [main] org.apache.catalina.core.StandardService : Starting service [Tomcat]
2024-01-20 16:07:56.611  INFO 1798 --- [main] org.apache.catalina.core.StandardEngine : Starting Servlet engine: [Apache Tomcat/9.0.36]
2024-01-20 16:07:56.656  INFO 1798 --- [main] org.apache.catalina.core.ContainerBase.[Tomcat].[localhost].[/] : Initializing Spring embedded WebApplicationContext
2024-01-20 16:07:56.656  INFO 1798 --- [main] org.springframework.boot.web.servlet.context.ServletWebServerApplicationContext : Root WebApplicationContext: initialization completed in 1057 ms
2024-01-20 16:07:56.757  INFO 1798 --- [main] com.alibaba.druid.spring.boot.autoconfigure.DruidDataSourceAutoConfigure : Init DruidDataSource
2024-01-20 16:07:56.858  INFO 1798 --- [main] com.alibaba.druid.pool.DruidDataSource : {dataSource-1} inited
2024-01-20 16:07:57.414  INFO 1798 --- [main] org.springframework.scheduling.concurrent.ThreadPoolTaskExecutor : Initializing ExecutorService 'applicationTaskExecutor'
2024-01-20 16:07:57.476  INFO 1798 --- [main] org.springframework.boot.autoconfigure.web.servlet.WelcomePageHandlerMapping : Adding welcome page template: index
2024-01-20 16:07:57.632  INFO 1798 --- [main] org.springframework.boot.web.embedded.tomcat.TomcatWebServer : Tomcat started on port(s): 9090 (http) with context path ''
2024-01-20 16:07:57.643  INFO 1798 --- [main] com.dreamchaser.Application : Started Application in 2.483 seconds (JVM running for 2.912)
2024-01-20 16:08:10.041  INFO 1798 --- [http-nio-9090-exec-1] org.apache.catalina.core.ContainerBase.[Tomcat].[localhost].[/] : Initializing Spring DispatcherServlet 'dispatcherServlet'
2024-01-20 16:08:10.044  INFO 1798 --- [http-nio-9090-exec-1] org.springframework.web.servlet.DispatcherServlet : Initializing Servlet 'dispatcherServlet'
2024-01-20 16:08:10.057  INFO 1798 --- [http-nio-9090-exec-1] org.springframework.web.servlet.DispatcherServlet : Completed initialization in 13 ms
2024-01-20 16:08:10.082  INFO 1798 --- [http-nio-9090-exec-1] com.dreamchaser.aop.WebLogAspect : ################URL : http://localhost:9090/
2024-01-20 16:08:10.083  INFO 1798 --- [http-nio-9090-exec-1] com.dreamchaser.aop.WebLogAspect : ################HTTP_METHOD : GET
2024-01-20 16:08:10.083  INFO 1798 --- [http-nio-9090-exec-1] com.dreamchaser.aop.WebLogAspect : ################IP : 0:0:0:0:0:0:0:1
2024-01-20 16:08:10.083  INFO 1798 --- [http-nio-9090-exec-1] com.dreamchaser.aop.WebLogAspect : ################THE ARGS OF THE CONTROLLER : [{}]
2024-01-20 16:08:10.084  INFO 1798 --- [http-nio-9090-exec-1] com.dreamchaser.aop.WebLogAspect : ################CLASS_METHOD : com.dreamchaser.controller.PageController.index
2024-01-20 16:08:11.241  INFO 1798 --- [Druid-ConnectionPool-Create-737756161] com.alibaba.druid.pool.DruidAbstractDataSource : {dataSource-1} failContinuous is true
2024-01-20 16:08:20.974  INFO 1798 --- [SpringContextShutdownHook] org.springframework.scheduling.concurrent.ThreadPoolTaskExecutor : Shutting down ExecutorService 'applicationTaskExecutor'
2024-01-20 16:08:20.975  INFO 1798 --- [SpringContextShutdownHook] com.alibaba.druid.pool.DruidDataSource : {dataSource-1} closing ...
2024-01-20 16:08:20.977  INFO 1798 --- [SpringContextShutdownHook] com.alibaba.druid.pool.DruidDataSource : {dataSource-1} closed
2024-01-20 16:09:11.240  INFO 3300 --- [main] com.dreamchaser.Application : Starting Application on Chaos-Mac-mini.charter.com with PID 3300 (/Users/chaowan/Downloads/myblog-master/target/classes started by chaowan in /Users/chaowan/Downloads/myblog-master)
2024-01-20 16:09:11.241  INFO 3300 --- [main] com.dreamchaser.Application : The following profiles are active: server
2024-01-20 16:09:12.331  INFO 3300 --- [main] org.springframework.boot.web.embedded.tomcat.TomcatWebServer : Tomcat initialized with port(s): 9090 (http)
2024-01-20 16:09:12.335  INFO 3300 --- [main] org.apache.catalina.core.StandardService : Starting service [Tomcat]
2024-01-20 16:09:12.337  INFO 3300 --- [main] org.apache.catalina.core.StandardEngine : Starting Servlet engine: [Apache Tomcat/9.0.36]
2024-01-20 16:09:12.386  INFO 3300 --- [main] org.apache.catalina.core.ContainerBase.[Tomcat].[localhost].[/] : Initializing Spring embedded WebApplicationContext
2024-01-20 16:09:12.387  INFO 3300 --- [main] org.springframework.boot.web.servlet.context.ServletWebServerApplicationContext : Root WebApplicationContext: initialization completed in 1112 ms
2024-01-20 16:09:12.492  INFO 3300 --- [main] com.alibaba.druid.spring.boot.autoconfigure.DruidDataSourceAutoConfigure : Init DruidDataSource
2024-01-20 16:09:12.582  INFO 3300 --- [main] com.alibaba.druid.pool.DruidDataSource : {dataSource-1} inited
2024-01-20 16:09:13.151  INFO 3300 --- [main] org.springframework.scheduling.concurrent.ThreadPoolTaskExecutor : Initializing ExecutorService 'applicationTaskExecutor'
2024-01-20 16:09:13.213  INFO 3300 --- [main] org.springframework.boot.autoconfigure.web.servlet.WelcomePageHandlerMapping : Adding welcome page template: index
2024-01-20 16:09:13.376  INFO 3300 --- [main] org.springframework.boot.web.embedded.tomcat.TomcatWebServer : Tomcat started on port(s): 9090 (http) with context path ''
2024-01-20 16:09:13.390  INFO 3300 --- [main] com.dreamchaser.Application : Started Application in 2.575 seconds (JVM running for 3.184)
2024-01-20 16:09:20.229  INFO 3300 --- [http-nio-9090-exec-1] org.apache.catalina.core.ContainerBase.[Tomcat].[localhost].[/] : Initializing Spring DispatcherServlet 'dispatcherServlet'
2024-01-20 16:09:20.231  INFO 3300 --- [http-nio-9090-exec-1] org.springframework.web.servlet.DispatcherServlet : Initializing Servlet 'dispatcherServlet'
2024-01-20 16:09:20.242  INFO 3300 --- [http-nio-9090-exec-1] org.springframework.web.servlet.DispatcherServlet : Completed initialization in 11 ms
2024-01-20 16:09:20.266  INFO 3300 --- [http-nio-9090-exec-1] com.dreamchaser.aop.WebLogAspect : ################URL : http://localhost:9090/
2024-01-20 16:09:20.266  INFO 3300 --- [http-nio-9090-exec-1] com.dreamchaser.aop.WebLogAspect : ################HTTP_METHOD : GET
2024-01-20 16:09:20.266  INFO 3300 --- [http-nio-9090-exec-1] com.dreamchaser.aop.WebLogAspect : ################IP : 0:0:0:0:0:0:0:1
2024-01-20 16:09:20.266  INFO 3300 --- [http-nio-9090-exec-1] com.dreamchaser.aop.WebLogAspect : ################THE ARGS OF THE CONTROLLER : [{}]
2024-01-20 16:09:20.267  INFO 3300 --- [http-nio-9090-exec-1] com.dreamchaser.aop.WebLogAspect : ################CLASS_METHOD : com.dreamchaser.controller.PageController.index
2024-01-20 16:09:21.462  INFO 3300 --- [Druid-ConnectionPool-Create-1711105800] com.alibaba.druid.pool.DruidAbstractDataSource : {dataSource-1} failContinuous is true
2024-01-20 16:10:06.781  INFO 3300 --- [SpringContextShutdownHook] org.springframework.scheduling.concurrent.ThreadPoolTaskExecutor : Shutting down ExecutorService 'applicationTaskExecutor'
2024-01-20 16:10:06.782  INFO 3300 --- [SpringContextShutdownHook] com.alibaba.druid.pool.DruidDataSource : {dataSource-1} closing ...
2024-01-20 16:10:06.783  INFO 3300 --- [SpringContextShutdownHook] com.alibaba.druid.pool.DruidDataSource : {dataSource-1} closed
2024-01-20 16:10:08.529  INFO 4574 --- [main] com.dreamchaser.Application : Starting Application on Chaos-Mac-mini.charter.com with PID 4574 (/Users/chaowan/Downloads/myblog-master/target/classes started by chaowan in /Users/chaowan/Downloads/myblog-master)
2024-01-20 16:10:08.531  INFO 4574 --- [main] com.dreamchaser.Application : The following profiles are active: server
2024-01-20 16:10:09.609  INFO 4574 --- [main] org.springframework.boot.web.embedded.tomcat.TomcatWebServer : Tomcat initialized with port(s): 9090 (http)
2024-01-20 16:10:09.613  INFO 4574 --- [main] org.apache.catalina.core.StandardService : Starting service [Tomcat]
2024-01-20 16:10:09.615  INFO 4574 --- [main] org.apache.catalina.core.StandardEngine : Starting Servlet engine: [Apache Tomcat/9.0.36]
2024-01-20 16:10:09.660  INFO 4574 --- [main] org.apache.catalina.core.ContainerBase.[Tomcat].[localhost].[/] : Initializing Spring embedded WebApplicationContext
2024-01-20 16:10:09.660  INFO 4574 --- [main] org.springframework.boot.web.servlet.context.ServletWebServerApplicationContext : Root WebApplicationContext: initialization completed in 1098 ms
2024-01-20 16:10:09.768  INFO 4574 --- [main] com.alibaba.druid.spring.boot.autoconfigure.DruidDataSourceAutoConfigure : Init DruidDataSource
2024-01-20 16:10:09.884  INFO 4574 --- [main] com.alibaba.druid.pool.DruidDataSource : {dataSource-1} inited
2024-01-20 16:10:10.465  INFO 4574 --- [main] org.springframework.scheduling.concurrent.ThreadPoolTaskExecutor : Initializing ExecutorService 'applicationTaskExecutor'
2024-01-20 16:10:10.529  INFO 4574 --- [main] org.springframework.boot.autoconfigure.web.servlet.WelcomePageHandlerMapping : Adding welcome page template: index
2024-01-20 16:10:10.685  INFO 4574 --- [main] org.springframework.boot.web.embedded.tomcat.TomcatWebServer : Tomcat started on port(s): 9090 (http) with context path ''
2024-01-20 16:10:10.695  INFO 4574 --- [main] com.dreamchaser.Application : Started Application in 2.544 seconds (JVM running for 3.068)
2024-01-20 16:10:13.860  INFO 4574 --- [http-nio-9090-exec-1] org.apache.catalina.core.ContainerBase.[Tomcat].[localhost].[/] : Initializing Spring DispatcherServlet 'dispatcherServlet'
2024-01-20 16:10:13.863  INFO 4574 --- [http-nio-9090-exec-1] org.springframework.web.servlet.DispatcherServlet : Initializing Servlet 'dispatcherServlet'
2024-01-20 16:10:13.873  INFO 4574 --- [http-nio-9090-exec-1] org.springframework.web.servlet.DispatcherServlet : Completed initialization in 10 ms
2024-01-20 16:10:13.897  INFO 4574 --- [http-nio-9090-exec-1] com.dreamchaser.aop.WebLogAspect : ################URL : http://localhost:9090/
2024-01-20 16:10:13.897  INFO 4574 --- [http-nio-9090-exec-1] com.dreamchaser.aop.WebLogAspect : ################HTTP_METHOD : GET
2024-01-20 16:10:13.897  INFO 4574 --- [http-nio-9090-exec-1] com.dreamchaser.aop.WebLogAspect : ################IP : 0:0:0:0:0:0:0:1
2024-01-20 16:10:13.897  INFO 4574 --- [http-nio-9090-exec-1] com.dreamchaser.aop.WebLogAspect : ################THE ARGS OF THE CONTROLLER : [{}]
2024-01-20 16:10:13.898  INFO 4574 --- [http-nio-9090-exec-1] com.dreamchaser.aop.WebLogAspect : ################CLASS_METHOD : com.dreamchaser.controller.PageController.index
2024-01-20 16:10:27.358  INFO 4574 --- [SpringContextShutdownHook] org.springframework.scheduling.concurrent.ThreadPoolTaskExecutor : Shutting down ExecutorService 'applicationTaskExecutor'
2024-01-20 16:10:27.359  INFO 4574 --- [SpringContextShutdownHook] com.alibaba.druid.pool.DruidDataSource : {dataSource-1} closing ...
2024-01-20 16:10:27.362  INFO 4574 --- [SpringContextShutdownHook] com.alibaba.druid.pool.DruidDataSource : {dataSource-1} closed
2024-01-20 16:10:49.430  INFO 5497 --- [main] com.dreamchaser.ApplicationTests : Starting ApplicationTests on Chaos-Mac-mini.charter.com with PID 5497 (started by chaowan in /Users/chaowan/Downloads/myblog-master)
2024-01-20 16:10:49.434  INFO 5497 --- [main] com.dreamchaser.ApplicationTests : The following profiles are active: server
2024-01-20 16:10:50.982  INFO 5497 --- [main] com.alibaba.druid.spring.boot.autoconfigure.DruidDataSourceAutoConfigure : Init DruidDataSource
2024-01-20 16:10:51.302  INFO 5497 --- [main] com.alibaba.druid.pool.DruidDataSource : {dataSource-1} inited
2024-01-20 16:10:53.168  INFO 5497 --- [main] org.springframework.scheduling.concurrent.ThreadPoolTaskExecutor : Initializing ExecutorService 'applicationTaskExecutor'
2024-01-20 16:10:53.514  INFO 5497 --- [main] org.springframework.boot.autoconfigure.web.servlet.WelcomePageHandlerMapping : Adding welcome page template: index
2024-01-20 16:10:54.215  INFO 5497 --- [main] com.dreamchaser.ApplicationTests : Started ApplicationTests in 5.268 seconds (JVM running for 6.29)
2024-01-20 16:10:54.486  INFO 5497 --- [SpringContextShutdownHook] org.springframework.scheduling.concurrent.ThreadPoolTaskExecutor : Shutting down ExecutorService 'applicationTaskExecutor'
2024-01-20 16:10:54.490  INFO 5497 --- [SpringContextShutdownHook] com.alibaba.druid.pool.DruidDataSource : {dataSource-1} closing ...
2024-01-20 16:10:54.493  INFO 5497 --- [SpringContextShutdownHook] com.alibaba.druid.pool.DruidDataSource : {dataSource-1} closed
2024-01-20 16:15:42.768  INFO 11473 --- [main] com.dreamchaser.Application : Starting Application on Chaos-Mac-mini.charter.com with PID 11473 (/Users/chaowan/Downloads/myblog-master/target/classes started by chaowan in /Users/chaowan/Downloads/myblog-master)
2024-01-20 16:15:42.770  INFO 11473 --- [main] com.dreamchaser.Application : The following profiles are active: server
2024-01-20 16:15:43.877  INFO 11473 --- [main] org.springframework.boot.web.embedded.tomcat.TomcatWebServer : Tomcat initialized with port(s): 9090 (http)
2024-01-20 16:15:43.881  INFO 11473 --- [main] org.apache.catalina.core.StandardService : Starting service [Tomcat]
2024-01-20 16:15:43.883  INFO 11473 --- [main] org.apache.catalina.core.StandardEngine : Starting Servlet engine: [Apache Tomcat/9.0.36]
2024-01-20 16:15:43.930  INFO 11473 --- [main] org.apache.catalina.core.ContainerBase.[Tomcat].[localhost].[/] : Initializing Spring embedded WebApplicationContext
2024-01-20 16:15:43.930  INFO 11473 --- [main] org.springframework.boot.web.servlet.context.ServletWebServerApplicationContext : Root WebApplicationContext: initialization completed in 1126 ms
2024-01-20 16:15:44.033  INFO 11473 --- [main] com.alibaba.druid.spring.boot.autoconfigure.DruidDataSourceAutoConfigure : Init DruidDataSource
2024-01-20 16:15:44.147  INFO 11473 --- [main] com.alibaba.druid.pool.DruidDataSource : {dataSource-1} inited
2024-01-20 16:15:44.743  INFO 11473 --- [main] org.springframework.scheduling.concurrent.ThreadPoolTaskExecutor : Initializing ExecutorService 'applicationTaskExecutor'
2024-01-20 16:15:44.804  INFO 11473 --- [main] org.springframework.boot.autoconfigure.web.servlet.WelcomePageHandlerMapping : Adding welcome page template: index
2024-01-20 16:15:44.966  INFO 11473 --- [main] org.springframework.boot.web.embedded.tomcat.TomcatWebServer : Tomcat started on port(s): 9090 (http) with context path ''
2024-01-20 16:15:44.974  INFO 11473 --- [main] com.dreamchaser.Application : Started Application in 2.597 seconds (JVM running for 3.129)
2024-01-20 16:15:53.941  INFO 11473 --- [http-nio-9090-exec-1] org.apache.catalina.core.ContainerBase.[Tomcat].[localhost].[/] : Initializing Spring DispatcherServlet 'dispatcherServlet'
2024-01-20 16:15:53.945  INFO 11473 --- [http-nio-9090-exec-1] org.springframework.web.servlet.DispatcherServlet : Initializing Servlet 'dispatcherServlet'
2024-01-20 16:15:53.956  INFO 11473 --- [http-nio-9090-exec-1] org.springframework.web.servlet.DispatcherServlet : Completed initialization in 11 ms
2024-01-20 16:15:53.982  INFO 11473 --- [http-nio-9090-exec-1] com.dreamchaser.aop.WebLogAspect : ################URL : http://localhost:9090/
2024-01-20 16:15:53.983  INFO 11473 --- [http-nio-9090-exec-1] com.dreamchaser.aop.WebLogAspect : ################HTTP_METHOD : GET
2024-01-20 16:15:53.983  INFO 11473 --- [http-nio-9090-exec-1] com.dreamchaser.aop.WebLogAspect : ################IP : 0:0:0:0:0:0:0:1
2024-01-20 16:15:53.983  INFO 11473 --- [http-nio-9090-exec-1] com.dreamchaser.aop.WebLogAspect : ################THE ARGS OF THE CONTROLLER : [{}]
2024-01-20 16:15:53.984  INFO 11473 --- [http-nio-9090-exec-1] com.dreamchaser.aop.WebLogAspect : ################CLASS_METHOD : com.dreamchaser.controller.PageController.index
2024-01-20 16:15:56.702  INFO 11473 --- [http-nio-9090-exec-2] com.dreamchaser.aop.WebLogAspect : ################URL : http://localhost:9090/user/login
2024-01-20 16:15:56.703  INFO 11473 --- [http-nio-9090-exec-2] com.dreamchaser.aop.WebLogAspect : ################HTTP_METHOD : GET
2024-01-20 16:15:56.703  INFO 11473 --- [http-nio-9090-exec-2] com.dreamchaser.aop.WebLogAspect : ################IP : 0:0:0:0:0:0:0:1
2024-01-20 16:15:56.703  INFO 11473 --- [http-nio-9090-exec-2] com.dreamchaser.aop.WebLogAspect : ################THE ARGS OF THE CONTROLLER : [org.apache.catalina.connector.RequestFacade@6f638611, org.springframework.web.HttpRequestMethodNotSupportedException: Request method 'GET' not supported]
2024-01-20 16:15:56.703  INFO 11473 --- [http-nio-9090-exec-2] com.dreamchaser.aop.WebLogAspect : ################CLASS_METHOD : com.dreamchaser.controller.ControllerExceptionHandler.exceptionHandler
2024-01-20 16:16:07.442  INFO 11473 --- [http-nio-9090-exec-3] com.dreamchaser.aop.WebLogAspect : ################URL : http://localhost:9090/
2024-01-20 16:16:07.444  INFO 11473 --- [http-nio-9090-exec-3] com.dreamchaser.aop.WebLogAspect : ################HTTP_METHOD : GET
2024-01-20 16:16:07.445  INFO 11473 --- [http-nio-9090-exec-3] com.dreamchaser.aop.WebLogAspect : ################IP : 0:0:0:0:0:0:0:1
2024-01-20 16:16:07.445  INFO 11473 --- [http-nio-9090-exec-3] com.dreamchaser.aop.WebLogAspect : ################THE ARGS OF THE CONTROLLER : [{}]
2024-01-20 16:16:07.445  INFO 11473 --- [http-nio-9090-exec-3] com.dreamchaser.aop.WebLogAspect : ################CLASS_METHOD : com.dreamchaser.controller.PageController.index
2024-01-20 16:16:15.432  INFO 11473 --- [http-nio-9090-exec-4] com.dreamchaser.aop.WebLogAspect : ################URL : http://localhost:9090/page_types
2024-01-20 16:16:15.437  INFO 11473 --- [http-nio-9090-exec-4] com.dreamchaser.aop.WebLogAspect : ################HTTP_METHOD : GET
2024-01-20 16:16:15.437  INFO 11473 --- [http-nio-9090-exec-4] com.dreamchaser.aop.WebLogAspect : ################IP : 0:0:0:0:0:0:0:1
2024-01-20 16:16:15.437  INFO 11473 --- [http-nio-9090-exec-4] com.dreamchaser.aop.WebLogAspect : ################THE ARGS OF THE CONTROLLER : [{}]
2024-01-20 16:16:15.438  INFO 11473 --- [http-nio-9090-exec-4] com.dreamchaser.aop.WebLogAspect : ################CLASS_METHOD : com.dreamchaser.controller.PageController.page_types
2024-01-20 16:17:55.801  INFO 11473 --- [http-nio-9090-exec-8] com.dreamchaser.aop.WebLogAspect : ################URL : http://localhost:9090/page_blog/1
2024-01-20 16:17:55.803  INFO 11473 --- [http-nio-9090-exec-8] com.dreamchaser.aop.WebLogAspect : ################HTTP_METHOD : GET
2024-01-20 16:17:55.803  INFO 11473 --- [http-nio-9090-exec-8] com.dreamchaser.aop.WebLogAspect : ################IP : 0:0:0:0:0:0:0:1
2024-01-20 16:17:55.803  INFO 11473 --- [http-nio-9090-exec-8] com.dreamchaser.aop.WebLogAspect : ################THE ARGS OF THE CONTROLLER : [1]
2024-01-20 16:17:55.803  INFO 11473 --- [http-nio-9090-exec-8] com.dreamchaser.aop.WebLogAspect : ################CLASS_METHOD : com.dreamchaser.controller.PageController.blog
2024-01-20 16:17:57.348  INFO 11473 --- [http-nio-9090-exec-8] com.dreamchaser.aop.WebLogAspect : ################URL : http://localhost:9090/page_blog/1
2024-01-20 16:17:57.349  INFO 11473 --- [http-nio-9090-exec-8] com.dreamchaser.aop.WebLogAspect : ################HTTP_METHOD : GET
2024-01-20 16:17:57.349  INFO 11473 --- [http-nio-9090-exec-8] com.dreamchaser.aop.WebLogAspect : ################IP : 0:0:0:0:0:0:0:1
2024-01-20 16:17:57.349  INFO 11473 --- [http-nio-9090-exec-8] com.dreamchaser.aop.WebLogAspect : ################THE ARGS OF THE CONTROLLER : [org.apache.catalina.connector.RequestFacade@6f638611, java.lang.NullPointerException]
2024-01-20 16:17:57.349  INFO 11473 --- [http-nio-9090-exec-8] com.dreamchaser.aop.WebLogAspect : ################CLASS_METHOD : com.dreamchaser.controller.ControllerExceptionHandler.exceptionHandler
2024-01-20 16:22:22.345  INFO 11473 --- [http-nio-9090-exec-1] com.dreamchaser.aop.WebLogAspect : ################URL : http://localhost:9090/login
2024-01-20 16:22:22.347  INFO 11473 --- [http-nio-9090-exec-1] com.dreamchaser.aop.WebLogAspect : ################HTTP_METHOD : GET
2024-01-20 16:22:22.347  INFO 11473 --- [http-nio-9090-exec-1] com.dreamchaser.aop.WebLogAspect : ################IP : 0:0:0:0:0:0:0:1
2024-01-20 16:22:22.347  INFO 11473 --- [http-nio-9090-exec-1] com.dreamchaser.aop.WebLogAspect : ################THE ARGS OF THE CONTROLLER : []
2024-01-20 16:22:22.347  INFO 11473 --- [http-nio-9090-exec-1] com.dreamchaser.aop.WebLogAspect : ################CLASS_METHOD : com.dreamchaser.controller.PageController.login
2024-01-20 16:24:25.863  INFO 11473 --- [SpringContextShutdownHook] org.springframework.scheduling.concurrent.ThreadPoolTaskExecutor : Shutting down ExecutorService 'applicationTaskExecutor'
2024-01-20 16:24:25.866  INFO 11473 --- [SpringContextShutdownHook] com.alibaba.druid.pool.DruidDataSource : {dataSource-1} closing ...
2024-01-20 16:24:25.873  INFO 11473 --- [SpringContextShutdownHook] com.alibaba.druid.pool.DruidDataSource : {dataSource-1} closed
2024-01-20 16:33:23.027  INFO 33423 --- [main] com.dreamchaser.Application : Starting Application on Chaos-Mac-mini.charter.com with PID 33423 (/Users/chaowan/Downloads/myblog-master/target/classes started by chaowan in /Users/chaowan/Downloads/myblog-master)
2024-01-20 16:33:23.030  INFO 33423 --- [main] com.dreamchaser.Application : The following profiles are active: server
2024-01-20 16:33:24.165  INFO 33423 --- [main] org.springframework.boot.web.embedded.tomcat.TomcatWebServer : Tomcat initialized with port(s): 9090 (http)
2024-01-20 16:33:24.169  INFO 33423 --- [main] org.apache.catalina.core.StandardService : Starting service [Tomcat]
2024-01-20 16:33:24.172  INFO 33423 --- [main] org.apache.catalina.core.StandardEngine : Starting Servlet engine: [Apache Tomcat/9.0.36]
2024-01-20 16:33:24.218  INFO 33423 --- [main] org.apache.catalina.core.ContainerBase.[Tomcat].[localhost].[/] : Initializing Spring embedded WebApplicationContext
2024-01-20 16:33:24.219  INFO 33423 --- [main] org.springframework.boot.web.servlet.context.ServletWebServerApplicationContext : Root WebApplicationContext: initialization completed in 1146 ms
2024-01-20 16:33:24.325  INFO 33423 --- [main] com.alibaba.druid.spring.boot.autoconfigure.DruidDataSourceAutoConfigure : Init DruidDataSource
2024-01-20 16:33:24.442  INFO 33423 --- [main] com.alibaba.druid.pool.DruidDataSource : {dataSource-1} inited
2024-01-20 16:33:25.022  INFO 33423 --- [main] org.springframework.scheduling.concurrent.ThreadPoolTaskExecutor : Initializing ExecutorService 'applicationTaskExecutor'
2024-01-20 16:33:25.083  INFO 33423 --- [main] org.springframework.boot.autoconfigure.web.servlet.WelcomePageHandlerMapping : Adding welcome page template: index
2024-01-20 16:33:25.250  INFO 33423 --- [main] org.springframework.boot.web.embedded.tomcat.TomcatWebServer : Tomcat started on port(s): 9090 (http) with context path ''
2024-01-20 16:33:25.259  INFO 33423 --- [main] com.dreamchaser.Application : Started Application in 2.728 seconds (JVM running for 3.231)
2024-01-20 16:33:27.359  INFO 33423 --- [http-nio-9090-exec-1] org.apache.catalina.core.ContainerBase.[Tomcat].[localhost].[/] : Initializing Spring DispatcherServlet 'dispatcherServlet'
2024-01-20 16:33:27.361  INFO 33423 --- [http-nio-9090-exec-1] org.springframework.web.servlet.DispatcherServlet : Initializing Servlet 'dispatcherServlet'
2024-01-20 16:33:27.372  INFO 33423 --- [http-nio-9090-exec-1] org.springframework.web.servlet.DispatcherServlet : Completed initialization in 10 ms
2024-01-20 16:33:27.398  INFO 33423 --- [http-nio-9090-exec-1] com.dreamchaser.aop.WebLogAspect : ################URL : http://localhost:9090/
2024-01-20 16:33:27.399  INFO 33423 --- [http-nio-9090-exec-1] com.dreamchaser.aop.WebLogAspect : ################HTTP_METHOD : GET
2024-01-20 16:33:27.399  INFO 33423 --- [http-nio-9090-exec-1] com.dreamchaser.aop.WebLogAspect : ################IP : 0:0:0:0:0:0:0:1
2024-01-20 16:33:27.399  INFO 33423 --- [http-nio-9090-exec-1] com.dreamchaser.aop.WebLogAspect : ################THE ARGS OF THE CONTROLLER : [{}]
2024-01-20 16:33:27.400  INFO 33423 --- [http-nio-9090-exec-1] com.dreamchaser.aop.WebLogAspect : ################CLASS_METHOD : com.dreamchaser.controller.PageController.index
2024-01-20 16:33:37.340  INFO 33423 --- [http-nio-9090-exec-2] com.dreamchaser.aop.WebLogAspect : ################URL : http://localhost:9090/page_types
2024-01-20 16:33:37.343  INFO 33423 --- [http-nio-9090-exec-2] com.dreamchaser.aop.WebLogAspect : ################HTTP_METHOD : GET
2024-01-20 16:33:37.343  INFO 33423 --- [http-nio-9090-exec-2] com.dreamchaser.aop.WebLogAspect : ################IP : 0:0:0:0:0:0:0:1
2024-01-20 16:33:37.343  INFO 33423 --- [http-nio-9090-exec-2] com.dreamchaser.aop.WebLogAspect : ################THE ARGS OF THE CONTROLLER : [{}]
2024-01-20 16:33:37.343  INFO 33423 --- [http-nio-9090-exec-2] com.dreamchaser.aop.WebLogAspect : ################CLASS_METHOD : com.dreamchaser.controller.PageController.page_types
2024-01-20 16:34:04.349  INFO 33423 --- [http-nio-9090-exec-3] com.dreamchaser.aop.WebLogAspect : ################URL : http://localhost:9090/page_tags
2024-01-20 16:34:04.355  INFO 33423 --- [http-nio-9090-exec-3] com.dreamchaser.aop.WebLogAspect : ################HTTP_METHOD : GET
2024-01-20 16:34:04.355  INFO 33423 --- [http-nio-9090-exec-3] com.dreamchaser.aop.WebLogAspect : ################IP : 0:0:0:0:0:0:0:1
2024-01-20 16:34:04.355  INFO 33423 --- [http-nio-9090-exec-3] com.dreamchaser.aop.WebLogAspect : ################THE ARGS OF THE CONTROLLER : [{}]
2024-01-20 16:34:04.355  INFO 33423 --- [http-nio-9090-exec-3] com.dreamchaser.aop.WebLogAspect : ################CLASS_METHOD : com.dreamchaser.controller.PageController.page_tags
2024-01-20 16:34:20.850  INFO 33423 --- [http-nio-9090-exec-4] com.dreamchaser.aop.WebLogAspect : ################URL : http://localhost:9090/archives
2024-01-20 16:34:20.853  INFO 33423 --- [http-nio-9090-exec-4] com.dreamchaser.aop.WebLogAspect : ################HTTP_METHOD : GET
2024-01-20 16:34:20.854  INFO 33423 --- [http-nio-9090-exec-4] com.dreamchaser.aop.WebLogAspect : ################IP : 0:0:0:0:0:0:0:1
2024-01-20 16:34:20.854  INFO 33423 --- [http-nio-9090-exec-4] com.dreamchaser.aop.WebLogAspect : ################THE ARGS OF THE CONTROLLER : []
2024-01-20 16:34:20.854  INFO 33423 --- [http-nio-9090-exec-4] com.dreamchaser.aop.WebLogAspect : ################CLASS_METHOD : com.dreamchaser.controller.PageController.archives
2024-01-20 16:34:23.012  INFO 33423 --- [http-nio-9090-exec-5] com.dreamchaser.aop.WebLogAspect : ################URL : http://localhost:9090/about
2024-01-20 16:34:23.016  INFO 33423 --- [http-nio-9090-exec-5] com.dreamchaser.aop.WebLogAspect : ################HTTP_METHOD : GET
2024-01-20 16:34:23.017  INFO 33423 --- [http-nio-9090-exec-5] com.dreamchaser.aop.WebLogAspect : ################IP : 0:0:0:0:0:0:0:1
2024-01-20 16:34:23.017  INFO 33423 --- [http-nio-9090-exec-5] com.dreamchaser.aop.WebLogAspect : ################THE ARGS OF THE CONTROLLER : []
2024-01-20 16:34:23.017  INFO 33423 --- [http-nio-9090-exec-5] com.dreamchaser.aop.WebLogAspect : ################CLASS_METHOD : com.dreamchaser.controller.PageController.about
2024-01-20 16:34:25.298  INFO 33423 --- [http-nio-9090-exec-9] com.dreamchaser.aop.WebLogAspect : ################URL : http://localhost:9090/archives
2024-01-20 16:34:25.301  INFO 33423 --- [http-nio-9090-exec-9] com.dreamchaser.aop.WebLogAspect : ################HTTP_METHOD : GET
2024-01-20 16:34:25.301  INFO 33423 --- [http-nio-9090-exec-9] com.dreamchaser.aop.WebLogAspect : ################IP : 0:0:0:0:0:0:0:1
2024-01-20 16:34:25.302  INFO 33423 --- [http-nio-9090-exec-9] com.dreamchaser.aop.WebLogAspect : ################THE ARGS OF THE CONTROLLER : []
2024-01-20 16:34:25.302  INFO 33423 --- [http-nio-9090-exec-9] com.dreamchaser.aop.WebLogAspect : ################CLASS_METHOD : com.dreamchaser.controller.PageController.archives
2024-01-20 16:34:26.101  INFO 33423 --- [http-nio-9090-exec-10] com.dreamchaser.aop.WebLogAspect : ################URL : http://localhost:9090/page_tags
2024-01-20 16:34:26.105  INFO 33423 --- [http-nio-9090-exec-10] com.dreamchaser.aop.WebLogAspect : ################HTTP_METHOD : GET
2024-01-20 16:34:26.105  INFO 33423 --- [http-nio-9090-exec-10] com.dreamchaser.aop.WebLogAspect : ################IP : 0:0:0:0:0:0:0:1
2024-01-20 16:34:26.106  INFO 33423 --- [http-nio-9090-exec-10] com.dreamchaser.aop.WebLogAspect : ################THE ARGS OF THE CONTROLLER : [{}]
2024-01-20 16:34:26.106  INFO 33423 --- [http-nio-9090-exec-10] com.dreamchaser.aop.WebLogAspect : ################CLASS_METHOD : com.dreamchaser.controller.PageController.page_tags
2024-01-20 16:34:26.638  INFO 33423 --- [http-nio-9090-exec-1] com.dreamchaser.aop.WebLogAspect : ################URL : http://localhost:9090/page_types
2024-01-20 16:34:26.640  INFO 33423 --- [http-nio-9090-exec-1] com.dreamchaser.aop.WebLogAspect : ################HTTP_METHOD : GET
2024-01-20 16:34:26.640  INFO 33423 --- [http-nio-9090-exec-1] com.dreamchaser.aop.WebLogAspect : ################IP : 0:0:0:0:0:0:0:1
2024-01-20 16:34:26.640  INFO 33423 --- [http-nio-9090-exec-1] com.dreamchaser.aop.WebLogAspect : ################THE ARGS OF THE CONTROLLER : [{}]
2024-01-20 16:34:26.640  INFO 33423 --- [http-nio-9090-exec-1] com.dreamchaser.aop.WebLogAspect : ################CLASS_METHOD : com.dreamchaser.controller.PageController.page_types
2024-01-20 16:34:27.997  INFO 33423 --- [http-nio-9090-exec-2] com.dreamchaser.aop.WebLogAspect : ################URL : http://localhost:9090/about
2024-01-20 16:34:27.999  INFO 33423 --- [http-nio-9090-exec-2] com.dreamchaser.aop.WebLogAspect : ################HTTP_METHOD : GET
2024-01-20 16:34:27.999  INFO 33423 --- [http-nio-9090-exec-2] com.dreamchaser.aop.WebLogAspect : ################IP : 0:0:0:0:0:0:0:1
2024-01-20 16:34:27.999  INFO 33423 --- [http-nio-9090-exec-2] com.dreamchaser.aop.WebLogAspect : ################THE ARGS OF THE CONTROLLER : []
2024-01-20 16:34:27.999  INFO 33423 --- [http-nio-9090-exec-2] com.dreamchaser.aop.WebLogAspect : ################CLASS_METHOD : com.dreamchaser.controller.PageController.about
2024-01-20 16:36:44.411  INFO 33423 --- [SpringContextShutdownHook] org.springframework.scheduling.concurrent.ThreadPoolTaskExecutor : Shutting down ExecutorService 'applicationTaskExecutor'
2024-01-20 16:36:44.414  INFO 33423 --- [SpringContextShutdownHook] com.alibaba.druid.pool.DruidDataSource : {dataSource-1} closing ...
2024-01-20 16:36:44.420  INFO 33423 --- [SpringContextShutdownHook] com.alibaba.druid.pool.DruidDataSource : {dataSource-1} closed
2024-01-20 16:37:05.509  INFO 37929 --- [main] com.dreamchaser.Application : Starting Application on Chaos-Mac-mini.charter.com with PID 37929 (/Users/chaowan/Downloads/myblog-master/target/classes started by chaowan in /Users/chaowan/Downloads/myblog-master)
2024-01-20 16:37:05.510  INFO 37929 --- [main] com.dreamchaser.Application : The following profiles are active: server
2024-01-20 16:37:06.581  INFO 37929 --- [main] org.springframework.boot.web.embedded.tomcat.TomcatWebServer : Tomcat initialized with port(s): 9090 (http)
2024-01-20 16:37:06.587  INFO 37929 --- [main] org.apache.catalina.core.StandardService : Starting service [Tomcat]
2024-01-20 16:37:06.588  INFO 37929 --- [main] org.apache.catalina.core.StandardEngine : Starting Servlet engine: [Apache Tomcat/9.0.36]
2024-01-20 16:37:06.637  INFO 37929 --- [main] org.apache.catalina.core.ContainerBase.[Tomcat].[localhost].[/] : Initializing Spring embedded WebApplicationContext
2024-01-20 16:37:06.637  INFO 37929 --- [main] org.springframework.boot.web.servlet.context.ServletWebServerApplicationContext : Root WebApplicationContext: initialization completed in 1093 ms
2024-01-20 16:37:06.748  INFO 37929 --- [main] com.alibaba.druid.spring.boot.autoconfigure.DruidDataSourceAutoConfigure : Init DruidDataSource
2024-01-20 16:37:06.866  INFO 37929 --- [main] com.alibaba.druid.pool.DruidDataSource : {dataSource-1} inited
2024-01-20 16:37:07.474  INFO 37929 --- [main] org.springframework.scheduling.concurrent.ThreadPoolTaskExecutor : Initializing ExecutorService 'applicationTaskExecutor'
2024-01-20 16:37:07.538  INFO 37929 --- [main] org.springframework.boot.autoconfigure.web.servlet.WelcomePageHandlerMapping : Adding welcome page template: index
2024-01-20 16:37:07.732  INFO 37929 --- [main] org.springframework.boot.web.embedded.tomcat.TomcatWebServer : Tomcat started on port(s): 9090 (http) with context path ''
2024-01-20 16:37:07.744  INFO 37929 --- [main] com.dreamchaser.Application : Started Application in 2.619 seconds (JVM running for 3.116)
2024-01-20 16:37:19.831  INFO 37929 --- [http-nio-9090-exec-1] org.apache.catalina.core.ContainerBase.[Tomcat].[localhost].[/] : Initializing Spring DispatcherServlet 'dispatcherServlet'
2024-01-20 16:37:19.834  INFO 37929 --- [http-nio-9090-exec-1] org.springframework.web.servlet.DispatcherServlet : Initializing Servlet 'dispatcherServlet'
2024-01-20 16:37:19.842  INFO 37929 --- [http-nio-9090-exec-1] org.springframework.web.servlet.DispatcherServlet : Completed initialization in 8 ms
2024-01-20 16:37:19.859  INFO 37929 --- [http-nio-9090-exec-1] com.dreamchaser.aop.WebLogAspect : ################URL : http://localhost:9090/about
2024-01-20 16:37:19.860  INFO 37929 --- [http-nio-9090-exec-1] com.dreamchaser.aop.WebLogAspect : ################HTTP_METHOD : GET
2024-01-20 16:37:19.860  INFO 37929 --- [http-nio-9090-exec-1] com.dreamchaser.aop.WebLogAspect : ################IP : 0:0:0:0:0:0:0:1
2024-01-20 16:37:19.860  INFO 37929 --- [http-nio-9090-exec-1] com.dreamchaser.aop.WebLogAspect : ################THE ARGS OF THE CONTROLLER : []
2024-01-20 16:37:19.861  INFO 37929 --- [http-nio-9090-exec-1] com.dreamchaser.aop.WebLogAspect : ################CLASS_METHOD : com.dreamchaser.controller.PageController.about
2024-01-20 16:37:27.150  INFO 37929 --- [http-nio-9090-exec-5] com.dreamchaser.aop.WebLogAspect : ################URL : http://localhost:9090/
2024-01-20 16:37:27.154  INFO 37929 --- [http-nio-9090-exec-5] com.dreamchaser.aop.WebLogAspect : ################HTTP_METHOD : GET
2024-01-20 16:37:27.155  INFO 37929 --- [http-nio-9090-exec-5] com.dreamchaser.aop.WebLogAspect : ################IP : 0:0:0:0:0:0:0:1
2024-01-20 16:37:27.155  INFO 37929 --- [http-nio-9090-exec-5] com.dreamchaser.aop.WebLogAspect : ################THE ARGS OF THE CONTROLLER : [{}]
2024-01-20 16:37:27.155  INFO 37929 --- [http-nio-9090-exec-5] com.dreamchaser.aop.WebLogAspect : ################CLASS_METHOD : com.dreamchaser.controller.PageController.index
2024-01-20 16:37:36.917  INFO 37929 --- [http-nio-9090-exec-6] com.dreamchaser.aop.WebLogAspect : ################URL : http://localhost:9090/about
2024-01-20 16:37:36.920  INFO 37929 --- [http-nio-9090-exec-6] com.dreamchaser.aop.WebLogAspect : ################HTTP_METHOD : GET
2024-01-20 16:37:36.920  INFO 37929 --- [http-nio-9090-exec-6] com.dreamchaser.aop.WebLogAspect : ################IP : 0:0:0:0:0:0:0:1
2024-01-20 16:37:36.920  INFO 37929 --- [http-nio-9090-exec-6] com.dreamchaser.aop.WebLogAspect : ################THE ARGS OF THE CONTROLLER : []
2024-01-20 16:37:36.920  INFO 37929 --- [http-nio-9090-exec-6] com.dreamchaser.aop.WebLogAspect : ################CLASS_METHOD : com.dreamchaser.controller.PageController.about
2024-01-20 16:38:15.661  INFO 37929 --- [SpringContextShutdownHook] org.springframework.scheduling.concurrent.ThreadPoolTaskExecutor : Shutting down ExecutorService 'applicationTaskExecutor'
2024-01-20 16:38:15.663  INFO 37929 --- [SpringContextShutdownHook] com.alibaba.druid.pool.DruidDataSource : {dataSource-1} closing ...
2024-01-20 16:38:15.667  INFO 37929 --- [SpringContextShutdownHook] com.alibaba.druid.pool.DruidDataSource : {dataSource-1} closed
2024-01-20 16:38:17.344  INFO 39429 --- [main] com.dreamchaser.Application : Starting Application on Chaos-Mac-mini.charter.com with PID 39429 (/Users/chaowan/Downloads/myblog-master/target/classes started by chaowan in /Users/chaowan/Downloads/myblog-master)
2024-01-20 16:38:17.346  INFO 39429 --- [main] com.dreamchaser.Application : The following profiles are active: server
2024-01-20 16:38:18.425  INFO 39429 --- [main] org.springframework.boot.web.embedded.tomcat.TomcatWebServer : Tomcat initialized with port(s): 9090 (http)
2024-01-20 16:38:18.429  INFO 39429 --- [main] org.apache.catalina.core.StandardService : Starting service [Tomcat]
2024-01-20 16:38:18.431  INFO 39429 --- [main] org.apache.catalina.core.StandardEngine : Starting Servlet engine: [Apache Tomcat/9.0.36]
2024-01-20 16:38:18.476  INFO 39429 --- [main] org.apache.catalina.core.ContainerBase.[Tomcat].[localhost].[/] : Initializing Spring embedded WebApplicationContext
2024-01-20 16:38:18.476  INFO 39429 --- [main] org.springframework.boot.web.servlet.context.ServletWebServerApplicationContext : Root WebApplicationContext: initialization completed in 1098 ms
2024-01-20 16:38:18.600  INFO 39429 --- [main] com.alibaba.druid.spring.boot.autoconfigure.DruidDataSourceAutoConfigure : Init DruidDataSource
2024-01-20 16:38:18.713  INFO 39429 --- [main] com.alibaba.druid.pool.DruidDataSource : {dataSource-1} inited
2024-01-20 16:38:19.283  INFO 39429 --- [main] org.springframework.scheduling.concurrent.ThreadPoolTaskExecutor : Initializing ExecutorService 'applicationTaskExecutor'
2024-01-20 16:38:19.345  INFO 39429 --- [main] org.springframework.boot.autoconfigure.web.servlet.WelcomePageHandlerMapping : Adding welcome page template: index
2024-01-20 16:38:19.500  INFO 39429 --- [main] org.springframework.boot.web.embedded.tomcat.TomcatWebServer : Tomcat started on port(s): 9090 (http) with context path ''
2024-01-20 16:38:19.510  INFO 39429 --- [main] com.dreamchaser.Application : Started Application in 2.564 seconds (JVM running for 3.079)
2024-01-20 16:38:21.443  INFO 39429 --- [http-nio-9090-exec-1] org.apache.catalina.core.ContainerBase.[Tomcat].[localhost].[/] : Initializing Spring DispatcherServlet 'dispatcherServlet'
2024-01-20 16:38:21.446  INFO 39429 --- [http-nio-9090-exec-1] org.springframework.web.servlet.DispatcherServlet : Initializing Servlet 'dispatcherServlet'
2024-01-20 16:38:21.454  INFO 39429 --- [http-nio-9090-exec-1] org.springframework.web.servlet.DispatcherServlet : Completed initialization in 8 ms
2024-01-20 16:38:21.473  INFO 39429 --- [http-nio-9090-exec-1] com.dreamchaser.aop.WebLogAspect : ################URL : http://localhost:9090/about
2024-01-20 16:38:21.473  INFO 39429 --- [http-nio-9090-exec-1] com.dreamchaser.aop.WebLogAspect : ################HTTP_METHOD : GET
2024-01-20 16:38:21.473  INFO 39429 --- [http-nio-9090-exec-1] com.dreamchaser.aop.WebLogAspect : ################IP : 0:0:0:0:0:0:0:1
2024-01-20 16:38:21.473  INFO 39429 --- [http-nio-9090-exec-1] com.dreamchaser.aop.WebLogAspect : ################THE ARGS OF THE CONTROLLER : []
2024-01-20 16:38:21.474  INFO 39429 --- [http-nio-9090-exec-1] com.dreamchaser.aop.WebLogAspect : ################CLASS_METHOD : com.dreamchaser.controller.PageController.about
2024-01-20 16:38:32.663  INFO 39429 --- [http-nio-9090-exec-2] com.dreamchaser.aop.WebLogAspect : ################URL : http://localhost:9090/page_types
2024-01-20 16:38:32.664  INFO 39429 --- [http-nio-9090-exec-2] com.dreamchaser.aop.WebLogAspect : ################HTTP_METHOD : GET
2024-01-20 16:38:32.664  INFO 39429 --- [http-nio-9090-exec-2] com.dreamchaser.aop.WebLogAspect : ################IP : 0:0:0:0:0:0:0:1
2024-01-20 16:38:32.665  INFO 39429 --- [http-nio-9090-exec-2] com.dreamchaser.aop.WebLogAspect : ################THE ARGS OF THE CONTROLLER : [{}]
2024-01-20 16:38:32.665  INFO 39429 --- [http-nio-9090-exec-2] com.dreamchaser.aop.WebLogAspect : ################CLASS_METHOD : com.dreamchaser.controller.PageController.page_types
2024-01-20 16:38:38.924  INFO 39429 --- [http-nio-9090-exec-3] com.dreamchaser.aop.WebLogAspect : ################URL : http://localhost:9090/page_tags
2024-01-20 16:38:38.926  INFO 39429 --- [http-nio-9090-exec-3] com.dreamchaser.aop.WebLogAspect : ################HTTP_METHOD : GET
2024-01-20 16:38:38.927  INFO 39429 --- [http-nio-9090-exec-3] com.dreamchaser.aop.WebLogAspect : ################IP : 0:0:0:0:0:0:0:1
2024-01-20 16:38:38.927  INFO 39429 --- [http-nio-9090-exec-3] com.dreamchaser.aop.WebLogAspect : ################THE ARGS OF THE CONTROLLER : [{}]
2024-01-20 16:38:38.927  INFO 39429 --- [http-nio-9090-exec-3] com.dreamchaser.aop.WebLogAspect : ################CLASS_METHOD : com.dreamchaser.controller.PageController.page_tags
2024-01-20 16:38:40.950  INFO 39429 --- [http-nio-9090-exec-4] com.dreamchaser.aop.WebLogAspect : ################URL : http://localhost:9090/archives
2024-01-20 16:38:40.955  INFO 39429 --- [http-nio-9090-exec-4] com.dreamchaser.aop.WebLogAspect : ################HTTP_METHOD : GET
2024-01-20 16:38:40.955  INFO 39429 --- [http-nio-9090-exec-4] com.dreamchaser.aop.WebLogAspect : ################IP : 0:0:0:0:0:0:0:1
2024-01-20 16:38:40.955  INFO 39429 --- [http-nio-9090-exec-4] com.dreamchaser.aop.WebLogAspect : ################THE ARGS OF THE CONTROLLER : []
2024-01-20 16:38:40.955  INFO 39429 --- [http-nio-9090-exec-4] com.dreamchaser.aop.WebLogAspect : ################CLASS_METHOD : com.dreamchaser.controller.PageController.archives
2024-01-20 16:38:42.364  INFO 39429 --- [http-nio-9090-exec-5] com.dreamchaser.aop.WebLogAspect : ################URL : http://localhost:9090/about
2024-01-20 16:38:42.366  INFO 39429 --- [http-nio-9090-exec-5] com.dreamchaser.aop.WebLogAspect : ################HTTP_METHOD : GET
2024-01-20 16:38:42.367  INFO 39429 --- [http-nio-9090-exec-5] com.dreamchaser.aop.WebLogAspect : ################IP : 0:0:0:0:0:0:0:1
2024-01-20 16:38:42.367  INFO 39429 --- [http-nio-9090-exec-5] com.dreamchaser.aop.WebLogAspect : ################THE ARGS OF THE CONTROLLER : []
2024-01-20 16:38:42.367  INFO 39429 --- [http-nio-9090-exec-5] com.dreamchaser.aop.WebLogAspect : ################CLASS_METHOD : com.dreamchaser.controller.PageController.about
2024-01-20 16:38:43.392  INFO 39429 --- [http-nio-9090-exec-6] com.dreamchaser.aop.WebLogAspect : ################URL : http://localhost:9090/
2024-01-20 16:38:43.393  INFO 39429 --- [http-nio-9090-exec-6] com.dreamchaser.aop.WebLogAspect : ################HTTP_METHOD : GET
2024-01-20 16:38:43.393  INFO 39429 --- [http-nio-9090-exec-6] com.dreamchaser.aop.WebLogAspect : ################IP : 0:0:0:0:0:0:0:1
2024-01-20 16:38:43.394  INFO 39429 --- [http-nio-9090-exec-6] com.dreamchaser.aop.WebLogAspect : ################THE ARGS OF THE CONTROLLER : [{}]
2024-01-20 16:38:43.394  INFO 39429 --- [http-nio-9090-exec-6] com.dreamchaser.aop.WebLogAspect : ################CLASS_METHOD : com.dreamchaser.controller.PageController.index
2024-01-20 16:38:44.841  INFO 39429 --- [http-nio-9090-exec-7] com.dreamchaser.aop.WebLogAspect : ################URL : http://localhost:9090/page_types
2024-01-20 16:38:44.841  INFO 39429 --- [http-nio-9090-exec-7] com.dreamchaser.aop.WebLogAspect : ################HTTP_METHOD : GET
2024-01-20 16:38:44.841  INFO 39429 --- [http-nio-9090-exec-7] com.dreamchaser.aop.WebLogAspect : ################IP : 0:0:0:0:0:0:0:1
2024-01-20 16:38:44.842  INFO 39429 --- [http-nio-9090-exec-7] com.dreamchaser.aop.WebLogAspect : ################THE ARGS OF THE CONTROLLER : [{}]
2024-01-20 16:38:44.842  INFO 39429 --- [http-nio-9090-exec-7] com.dreamchaser.aop.WebLogAspect : ################CLASS_METHOD : com.dreamchaser.controller.PageController.page_types
2024-01-20 16:38:48.705  INFO 39429 --- [http-nio-9090-exec-8] com.dreamchaser.aop.WebLogAspect : ################URL : http://localhost:9090/page_types
2024-01-20 16:38:48.709  INFO 39429 --- [http-nio-9090-exec-8] com.dreamchaser.aop.WebLogAspect : ################HTTP_METHOD : GET
2024-01-20 16:38:48.709  INFO 39429 --- [http-nio-9090-exec-8] com.dreamchaser.aop.WebLogAspect : ################IP : 0:0:0:0:0:0:0:1
2024-01-20 16:38:48.709  INFO 39429 --- [http-nio-9090-exec-8] com.dreamchaser.aop.WebLogAspect : ################THE ARGS OF THE CONTROLLER : [{}]
2024-01-20 16:38:48.709  INFO 39429 --- [http-nio-9090-exec-8] com.dreamchaser.aop.WebLogAspect : ################CLASS_METHOD : com.dreamchaser.controller.PageController.page_types
2024-01-20 16:38:50.820  INFO 39429 --- [http-nio-9090-exec-9] com.dreamchaser.aop.WebLogAspect : ################URL : http://localhost:9090/page_types
2024-01-20 16:38:50.823  INFO 39429 --- [http-nio-9090-exec-9] com.dreamchaser.aop.WebLogAspect : ################HTTP_METHOD : GET
2024-01-20 16:38:50.823  INFO 39429 --- [http-nio-9090-exec-9] com.dreamchaser.aop.WebLogAspect : ################IP : 0:0:0:0:0:0:0:1
2024-01-20 16:38:50.823  INFO 39429 --- [http-nio-9090-exec-9] com.dreamchaser.aop.WebLogAspect : ################THE ARGS OF THE CONTROLLER : [{}]
2024-01-20 16:38:50.823  INFO 39429 --- [http-nio-9090-exec-9] com.dreamchaser.aop.WebLogAspect : ################CLASS_METHOD : com.dreamchaser.controller.PageController.page_types
2024-01-20 16:38:52.249  INFO 39429 --- [http-nio-9090-exec-10] com.dreamchaser.aop.WebLogAspect : ################URL : http://localhost:9090/page_tags
2024-01-20 16:38:52.250  INFO 39429 --- [http-nio-9090-exec-10] com.dreamchaser.aop.WebLogAspect : ################HTTP_METHOD : GET
2024-01-20 16:38:52.250  INFO 39429 --- [http-nio-9090-exec-10] com.dreamchaser.aop.WebLogAspect : ################IP : 0:0:0:0:0:0:0:1
2024-01-20 16:38:52.250  INFO 39429 --- [http-nio-9090-exec-10] com.dreamchaser.aop.WebLogAspect : ################THE ARGS OF THE CONTROLLER : [{}]
2024-01-20 16:38:52.250  INFO 39429 --- [http-nio-9090-exec-10] com.dreamchaser.aop.WebLogAspect : ################CLASS_METHOD : com.dreamchaser.controller.PageController.page_tags
2024-01-20 16:38:53.898  INFO 39429 --- [http-nio-9090-exec-1] com.dreamchaser.aop.WebLogAspect : ################URL : http://localhost:9090/archives
2024-01-20 16:38:53.899  INFO 39429 --- [http-nio-9090-exec-1] com.dreamchaser.aop.WebLogAspect : ################HTTP_METHOD : GET
2024-01-20 16:38:53.899  INFO 39429 --- [http-nio-9090-exec-1] com.dreamchaser.aop.WebLogAspect : ################IP : 0:0:0:0:0:0:0:1
2024-01-20 16:38:53.899  INFO 39429 --- [http-nio-9090-exec-1] com.dreamchaser.aop.WebLogAspect : ################THE ARGS OF THE CONTROLLER : []
2024-01-20 16:38:53.899  INFO 39429 --- [http-nio-9090-exec-1] com.dreamchaser.aop.WebLogAspect : ################CLASS_METHOD : com.dreamchaser.controller.PageController.archives
2024-01-20 16:38:55.753  INFO 39429 --- [http-nio-9090-exec-2] com.dreamchaser.aop.WebLogAspect : ################URL : http://localhost:9090/about
2024-01-20 16:38:55.753  INFO 39429 --- [http-nio-9090-exec-2] com.dreamchaser.aop.WebLogAspect : ################HTTP_METHOD : GET
2024-01-20 16:38:55.753  INFO 39429 --- [http-nio-9090-exec-2] com.dreamchaser.aop.WebLogAspect : ################IP : 0:0:0:0:0:0:0:1
2024-01-20 16:38:55.753  INFO 39429 --- [http-nio-9090-exec-2] com.dreamchaser.aop.WebLogAspect : ################THE ARGS OF THE CONTROLLER : []
2024-01-20 16:38:55.753  INFO 39429 --- [http-nio-9090-exec-2] com.dreamchaser.aop.WebLogAspect : ################CLASS_METHOD : com.dreamchaser.controller.PageController.about
2024-01-20 16:38:57.207  INFO 39429 --- [http-nio-9090-exec-3] com.dreamchaser.aop.WebLogAspect : ################URL : http://localhost:9090/archives
2024-01-20 16:38:57.208  INFO 39429 --- [http-nio-9090-exec-3] com.dreamchaser.aop.WebLogAspect : ################HTTP_METHOD : GET
2024-01-20 16:38:57.208  INFO 39429 --- [http-nio-9090-exec-3] com.dreamchaser.aop.WebLogAspect : ################IP : 0:0:0:0:0:0:0:1
2024-01-20 16:38:57.208  INFO 39429 --- [http-nio-9090-exec-3] com.dreamchaser.aop.WebLogAspect : ################THE ARGS OF THE CONTROLLER : []
2024-01-20 16:38:57.208  INFO 39429 --- [http-nio-9090-exec-3] com.dreamchaser.aop.WebLogAspect : ################CLASS_METHOD : com.dreamchaser.controller.PageController.archives
2024-01-20 16:39:01.940  INFO 39429 --- [http-nio-9090-exec-4] com.dreamchaser.aop.WebLogAspect : ################URL : http://localhost:9090/
2024-01-20 16:39:01.943  INFO 39429 --- [http-nio-9090-exec-4] com.dreamchaser.aop.WebLogAspect : ################HTTP_METHOD : GET
2024-01-20 16:39:01.943  INFO 39429 --- [http-nio-9090-exec-4] com.dreamchaser.aop.WebLogAspect : ################IP : 0:0:0:0:0:0:0:1
2024-01-20 16:39:01.943  INFO 39429 --- [http-nio-9090-exec-4] com.dreamchaser.aop.WebLogAspect : ################THE ARGS OF THE CONTROLLER : [{}]
2024-01-20 16:39:01.943  INFO 39429 --- [http-nio-9090-exec-4] com.dreamchaser.aop.WebLogAspect : ################CLASS_METHOD : com.dreamchaser.controller.PageController.index
2024-01-20 16:39:07.864  INFO 39429 --- [http-nio-9090-exec-7] com.dreamchaser.aop.WebLogAspect : ################URL : http://localhost:9090/login
2024-01-20 16:39:07.864  INFO 39429 --- [http-nio-9090-exec-7] com.dreamchaser.aop.WebLogAspect : ################HTTP_METHOD : GET
2024-01-20 16:39:07.864  INFO 39429 --- [http-nio-9090-exec-7] com.dreamchaser.aop.WebLogAspect : ################IP : 0:0:0:0:0:0:0:1
2024-01-20 16:39:07.864  INFO 39429 --- [http-nio-9090-exec-7] com.dreamchaser.aop.WebLogAspect : ################THE ARGS OF THE CONTROLLER : []
2024-01-20 16:39:07.864  INFO 39429 --- [http-nio-9090-exec-7] com.dreamchaser.aop.WebLogAspect : ################CLASS_METHOD : com.dreamchaser.controller.PageController.login
2024-01-20 16:39:10.308  INFO 39429 --- [http-nio-9090-exec-6] com.dreamchaser.aop.WebLogAspect : ################URL : http://localhost:9090/user/login
2024-01-20 16:39:10.308  INFO 39429 --- [http-nio-9090-exec-6] com.dreamchaser.aop.WebLogAspect : ################HTTP_METHOD : POST
2024-01-20 16:39:10.308  INFO 39429 --- [http-nio-9090-exec-6] com.dreamchaser.aop.WebLogAspect : ################IP : 0:0:0:0:0:0:0:1
2024-01-20 16:39:10.309  INFO 39429 --- [http-nio-9090-exec-6] com.dreamchaser.aop.WebLogAspect : ################THE ARGS OF THE CONTROLLER : [{name=admin, password=admin}, org.apache.catalina.session.StandardSessionFacade@45f46f7e]
2024-01-20 16:39:10.309  INFO 39429 --- [http-nio-9090-exec-6] com.dreamchaser.aop.WebLogAspect : ################CLASS_METHOD : com.dreamchaser.controller.UserController.loginUser
2024-01-20 16:39:18.867  INFO 39429 --- [http-nio-9090-exec-8] com.dreamchaser.aop.WebLogAspect : ################URL : http://localhost:9090/user/login
2024-01-20 16:39:18.867  INFO 39429 --- [http-nio-9090-exec-8] com.dreamchaser.aop.WebLogAspect : ################HTTP_METHOD : POST
2024-01-20 16:39:18.868  INFO 39429 --- [http-nio-9090-exec-8] com.dreamchaser.aop.WebLogAspect : ################IP : 0:0:0:0:0:0:0:1
2024-01-20 16:39:18.868  INFO 39429 --- [http-nio-9090-exec-8] com.dreamchaser.aop.WebLogAspect : ################THE ARGS OF THE CONTROLLER : [{name=admin, password=admin}, org.apache.catalina.session.StandardSessionFacade@45f46f7e]
2024-01-20 16:39:18.868  INFO 39429 --- [http-nio-9090-exec-8] com.dreamchaser.aop.WebLogAspect : ################CLASS_METHOD : com.dreamchaser.controller.UserController.loginUser
2024-01-20 16:40:06.656  INFO 39429 --- [SpringContextShutdownHook] org.springframework.scheduling.concurrent.ThreadPoolTaskExecutor : Shutting down ExecutorService 'applicationTaskExecutor'
2024-01-20 16:40:06.660  INFO 39429 --- [SpringContextShutdownHook] com.alibaba.druid.pool.DruidDataSource : {dataSource-1} closing ...
2024-01-20 16:40:06.669  INFO 39429 --- [SpringContextShutdownHook] com.alibaba.druid.pool.DruidDataSource : {dataSource-1} closed
2024-01-20 16:40:08.417  INFO 41762 --- [main] com.dreamchaser.Application : Starting Application on Chaos-Mac-mini.charter.com with PID 41762 (/Users/chaowan/Downloads/myblog-master/target/classes started by chaowan in /Users/chaowan/Downloads/myblog-master)
2024-01-20 16:40:08.418  INFO 41762 --- [main] com.dreamchaser.Application : The following profiles are active: server
2024-01-20 16:40:09.476  INFO 41762 --- [main] org.springframework.boot.web.embedded.tomcat.TomcatWebServer : Tomcat initialized with port(s): 9090 (http)
2024-01-20 16:40:09.480  INFO 41762 --- [main] org.apache.catalina.core.StandardService : Starting service [Tomcat]
2024-01-20 16:40:09.482  INFO 41762 --- [main] org.apache.catalina.core.StandardEngine : Starting Servlet engine: [Apache Tomcat/9.0.36]
2024-01-20 16:40:09.525  INFO 41762 --- [main] org.apache.catalina.core.ContainerBase.[Tomcat].[localhost].[/] : Initializing Spring embedded WebApplicationContext
2024-01-20 16:40:09.525  INFO 41762 --- [main] org.springframework.boot.web.servlet.context.ServletWebServerApplicationContext : Root WebApplicationContext: initialization completed in 1075 ms
2024-01-20 16:40:09.624  INFO 41762 --- [main] com.alibaba.druid.spring.boot.autoconfigure.DruidDataSourceAutoConfigure : Init DruidDataSource
2024-01-20 16:40:09.732  INFO 41762 --- [main] com.alibaba.druid.pool.DruidDataSource : {dataSource-1} inited
2024-01-20 16:40:10.296  INFO 41762 --- [main] org.springframework.scheduling.concurrent.ThreadPoolTaskExecutor : Initializing ExecutorService 'applicationTaskExecutor'
2024-01-20 16:40:10.356  INFO 41762 --- [main] org.springframework.boot.autoconfigure.web.servlet.WelcomePageHandlerMapping : Adding welcome page template: index
2024-01-20 16:40:10.515  INFO 41762 --- [main] org.springframework.boot.web.embedded.tomcat.TomcatWebServer : Tomcat started on port(s): 9090 (http) with context path ''
2024-01-20 16:40:10.524  INFO 41762 --- [main] com.dreamchaser.Application : Started Application in 2.503 seconds (JVM running for 2.97)
2024-01-20 16:47:05.896  INFO 41762 --- [SpringContextShutdownHook] org.springframework.scheduling.concurrent.ThreadPoolTaskExecutor : Shutting down ExecutorService 'applicationTaskExecutor'
2024-01-20 16:47:05.901  INFO 41762 --- [SpringContextShutdownHook] com.alibaba.druid.pool.DruidDataSource : {dataSource-1} closing ...
2024-01-20 16:47:05.902  INFO 41762 --- [SpringContextShutdownHook] com.alibaba.druid.pool.DruidDataSource : {dataSource-1} closed
2024-01-20 16:47:09.923  INFO 50497 --- [main] com.dreamchaser.Application : Starting Application on Chaos-Mac-mini.charter.com with PID 50497 (/Users/chaowan/Downloads/myblog-master/target/classes started by chaowan in /Users/chaowan/Downloads/myblog-master)
2024-01-20 16:47:09.924  INFO 50497 --- [main] com.dreamchaser.Application : The following profiles are active: server
2024-01-20 16:47:10.965  INFO 50497 --- [main] org.springframework.boot.web.embedded.tomcat.TomcatWebServer : Tomcat initialized with port(s): 9090 (http)
2024-01-20 16:47:10.969  INFO 50497 --- [main] org.apache.catalina.core.StandardService : Starting service [Tomcat]
2024-01-20 16:47:10.971  INFO 50497 --- [main] org.apache.catalina.core.StandardEngine : Starting Servlet engine: [Apache Tomcat/9.0.36]
2024-01-20 16:47:11.011  INFO 50497 --- [main] org.apache.catalina.core.ContainerBase.[Tomcat].[localhost].[/] : Initializing Spring embedded WebApplicationContext
2024-01-20 16:47:11.012  INFO 50497 --- [main] org.springframework.boot.web.servlet.context.ServletWebServerApplicationContext : Root WebApplicationContext: initialization completed in 1056 ms
2024-01-20 16:47:11.112  INFO 50497 --- [main] com.alibaba.druid.spring.boot.autoconfigure.DruidDataSourceAutoConfigure : Init DruidDataSource
2024-01-20 16:47:11.211  INFO 50497 --- [main] com.alibaba.druid.pool.DruidDataSource : {dataSource-1} inited
2024-01-20 16:47:11.792  INFO 50497 --- [main] org.springframework.scheduling.concurrent.ThreadPoolTaskExecutor : Initializing ExecutorService 'applicationTaskExecutor'
2024-01-20 16:47:11.856  INFO 50497 --- [main] org.springframework.boot.autoconfigure.web.servlet.WelcomePageHandlerMapping : Adding welcome page template: index
2024-01-20 16:47:12.013  INFO 50497 --- [main] org.springframework.boot.web.embedded.tomcat.TomcatWebServer : Tomcat started on port(s): 9090 (http) with context path ''
2024-01-20 16:47:12.024  INFO 50497 --- [main] com.dreamchaser.Application : Started Application in 2.481 seconds (JVM running for 2.915)
2024-01-20 16:47:22.590  INFO 50497 --- [http-nio-9090-exec-1] org.apache.catalina.core.ContainerBase.[Tomcat].[localhost].[/] : Initializing Spring DispatcherServlet 'dispatcherServlet'
2024-01-20 16:47:22.593  INFO 50497 --- [http-nio-9090-exec-1] org.springframework.web.servlet.DispatcherServlet : Initializing Servlet 'dispatcherServlet'
2024-01-20 16:47:22.602  INFO 50497 --- [http-nio-9090-exec-1] org.springframework.web.servlet.DispatcherServlet : Completed initialization in 8 ms
2024-01-20 16:47:22.648  INFO 50497 --- [http-nio-9090-exec-1] com.dreamchaser.aop.WebLogAspect : ################URL : http://localhost:9090/user/login
2024-01-20 16:47:22.649  INFO 50497 --- [http-nio-9090-exec-1] com.dreamchaser.aop.WebLogAspect : ################HTTP_METHOD : POST
2024-01-20 16:47:22.649  INFO 50497 --- [http-nio-9090-exec-1] com.dreamchaser.aop.WebLogAspect : ################IP : 0:0:0:0:0:0:0:1
2024-01-20 16:47:22.649  INFO 50497 --- [http-nio-9090-exec-1] com.dreamchaser.aop.WebLogAspect : ################THE ARGS OF THE CONTROLLER : [{name=admin, password=admin}, org.apache.catalina.session.StandardSessionFacade@6627c57f]
2024-01-20 16:47:22.650  INFO 50497 --- [http-nio-9090-exec-1] com.dreamchaser.aop.WebLogAspect : ################CLASS_METHOD : com.dreamchaser.controller.UserController.loginUser
2024-01-20 16:47:24.487  INFO 50497 --- [http-nio-9090-exec-2] com.dreamchaser.aop.WebLogAspect : ################URL : http://localhost:9090/admin/blogs
2024-01-20 16:47:24.488  INFO 50497 --- [http-nio-9090-exec-2] com.dreamchaser.aop.WebLogAspect : ################HTTP_METHOD : GET
2024-01-20 16:47:24.488  INFO 50497 --- [http-nio-9090-exec-2] com.dreamchaser.aop.WebLogAspect : ################IP : 0:0:0:0:0:0:0:1
2024-01-20 16:47:24.488  INFO 50497 --- [http-nio-9090-exec-2] com.dreamchaser.aop.WebLogAspect : ################THE ARGS OF THE CONTROLLER : []
2024-01-20 16:47:24.488  INFO 50497 --- [http-nio-9090-exec-2] com.dreamchaser.aop.WebLogAspect : ################CLASS_METHOD : com.dreamchaser.controller.PageController.blogs
2024-01-20 16:47:32.858  INFO 50497 --- [http-nio-9090-exec-3] com.dreamchaser.aop.WebLogAspect : ################URL : http://localhost:9090/admin/blog-input
2024-01-20 16:47:32.862  INFO 50497 --- [http-nio-9090-exec-3] com.dreamchaser.aop.WebLogAspect : ################HTTP_METHOD : GET
2024-01-20 16:47:32.862  INFO 50497 --- [http-nio-9090-exec-3] com.dreamchaser.aop.WebLogAspect : ################IP : 0:0:0:0:0:0:0:1
2024-01-20 16:47:32.862  INFO 50497 --- [http-nio-9090-exec-3] com.dreamchaser.aop.WebLogAspect : ################THE ARGS OF THE CONTROLLER : []
2024-01-20 16:47:32.862  INFO 50497 --- [http-nio-9090-exec-3] com.dreamchaser.aop.WebLogAspect : ################CLASS_METHOD : com.dreamchaser.controller.PageController.blog_input
2024-01-20 16:47:34.629  INFO 50497 --- [http-nio-9090-exec-10] com.dreamchaser.aop.WebLogAspect : ################URL : http://localhost:9090/admin/blogs
2024-01-20 16:47:34.631  INFO 50497 --- [http-nio-9090-exec-10] com.dreamchaser.aop.WebLogAspect : ################HTTP_METHOD : GET
2024-01-20 16:47:34.632  INFO 50497 --- [http-nio-9090-exec-10] com.dreamchaser.aop.WebLogAspect : ################IP : 0:0:0:0:0:0:0:1
2024-01-20 16:47:34.632  INFO 50497 --- [http-nio-9090-exec-10] com.dreamchaser.aop.WebLogAspect : ################THE ARGS OF THE CONTROLLER : []
2024-01-20 16:47:34.632  INFO 50497 --- [http-nio-9090-exec-10] com.dreamchaser.aop.WebLogAspect : ################CLASS_METHOD : com.dreamchaser.controller.PageController.blogs
2024-01-20 16:47:36.840  INFO 50497 --- [http-nio-9090-exec-7] com.dreamchaser.aop.WebLogAspect : ################URL : http://localhost:9090/admin/blogs
2024-01-20 16:47:36.843  INFO 50497 --- [http-nio-9090-exec-7] com.dreamchaser.aop.WebLogAspect : ################HTTP_METHOD : GET
2024-01-20 16:47:36.844  INFO 50497 --- [http-nio-9090-exec-7] com.dreamchaser.aop.WebLogAspect : ################IP : 0:0:0:0:0:0:0:1
2024-01-20 16:47:36.845  INFO 50497 --- [http-nio-9090-exec-7] com.dreamchaser.aop.WebLogAspect : ################THE ARGS OF THE CONTROLLER : []
2024-01-20 16:47:36.845  INFO 50497 --- [http-nio-9090-exec-7] com.dreamchaser.aop.WebLogAspect : ################CLASS_METHOD : com.dreamchaser.controller.PageController.blogs
2024-01-20 16:47:45.000  INFO 50497 --- [http-nio-9090-exec-6] com.dreamchaser.aop.WebLogAspect : ################URL : http://localhost:9090/admin/types
2024-01-20 16:47:45.000  INFO 50497 --- [http-nio-9090-exec-6] com.dreamchaser.aop.WebLogAspect : ################HTTP_METHOD : GET
2024-01-20 16:47:45.001  INFO 50497 --- [http-nio-9090-exec-6] com.dreamchaser.aop.WebLogAspect : ################IP : 0:0:0:0:0:0:0:1
2024-01-20 16:47:45.001  INFO 50497 --- [http-nio-9090-exec-6] com.dreamchaser.aop.WebLogAspect : ################THE ARGS OF THE CONTROLLER : []
2024-01-20 16:47:45.001  INFO 50497 --- [http-nio-9090-exec-6] com.dreamchaser.aop.WebLogAspect : ################CLASS_METHOD : com.dreamchaser.controller.PageController.types
2024-01-20 16:47:46.604  INFO 50497 --- [http-nio-9090-exec-9] com.dreamchaser.aop.WebLogAspect : ################URL : http://localhost:9090/admin/tags
2024-01-20 16:47:46.604  INFO 50497 --- [http-nio-9090-exec-9] com.dreamchaser.aop.WebLogAspect : ################HTTP_METHOD : GET
2024-01-20 16:47:46.605  INFO 50497 --- [http-nio-9090-exec-9] com.dreamchaser.aop.WebLogAspect : ################IP : 0:0:0:0:0:0:0:1
2024-01-20 16:47:46.605  INFO 50497 --- [http-nio-9090-exec-9] com.dreamchaser.aop.WebLogAspect : ################THE ARGS OF THE CONTROLLER : []
2024-01-20 16:47:46.605  INFO 50497 --- [http-nio-9090-exec-9] com.dreamchaser.aop.WebLogAspect : ################CLASS_METHOD : com.dreamchaser.controller.PageController.tags
2024-01-20 16:47:47.822  INFO 50497 --- [http-nio-9090-exec-8] com.dreamchaser.aop.WebLogAspect : ################URL : http://localhost:9090/admin/comments
2024-01-20 16:47:47.823  INFO 50497 --- [http-nio-9090-exec-8] com.dreamchaser.aop.WebLogAspect : ################HTTP_METHOD : GET
2024-01-20 16:47:47.824  INFO 50497 --- [http-nio-9090-exec-8] com.dreamchaser.aop.WebLogAspect : ################IP : 0:0:0:0:0:0:0:1
2024-01-20 16:47:47.824  INFO 50497 --- [http-nio-9090-exec-8] com.dreamchaser.aop.WebLogAspect : ################THE ARGS OF THE CONTROLLER : []
2024-01-20 16:47:47.824  INFO 50497 --- [http-nio-9090-exec-8] com.dreamchaser.aop.WebLogAspect : ################CLASS_METHOD : com.dreamchaser.controller.PageController.comments
2024-01-20 16:47:50.117  INFO 50497 --- [http-nio-9090-exec-1] com.dreamchaser.aop.WebLogAspect : ################URL : http://localhost:9090/admin/tags
2024-01-20 16:47:50.120  INFO 50497 --- [http-nio-9090-exec-1] com.dreamchaser.aop.WebLogAspect : ################HTTP_METHOD : GET
2024-01-20 16:47:50.120  INFO 50497 --- [http-nio-9090-exec-1] com.dreamchaser.aop.WebLogAspect : ################IP : 0:0:0:0:0:0:0:1
2024-01-20 16:47:50.120  INFO 50497 --- [http-nio-9090-exec-1] com.dreamchaser.aop.WebLogAspect : ################THE ARGS OF THE CONTROLLER : []
2024-01-20 16:47:50.120  INFO 50497 --- [http-nio-9090-exec-1] com.dreamchaser.aop.WebLogAspect : ################CLASS_METHOD : com.dreamchaser.controller.PageController.tags
2024-01-20 16:47:51.226  INFO 50497 --- [http-nio-9090-exec-2] com.dreamchaser.aop.WebLogAspect : ################URL : http://localhost:9090/admin/types
2024-01-20 16:47:51.226  INFO 50497 --- [http-nio-9090-exec-2] com.dreamchaser.aop.WebLogAspect : ################HTTP_METHOD : GET
2024-01-20 16:47:51.226  INFO 50497 --- [http-nio-9090-exec-2] com.dreamchaser.aop.WebLogAspect : ################IP : 0:0:0:0:0:0:0:1
2024-01-20 16:47:51.226  INFO 50497 --- [http-nio-9090-exec-2] com.dreamchaser.aop.WebLogAspect : ################THE ARGS OF THE CONTROLLER : []
2024-01-20 16:47:51.227  INFO 50497 --- [http-nio-9090-exec-2] com.dreamchaser.aop.WebLogAspect : ################CLASS_METHOD : com.dreamchaser.controller.PageController.types
2024-01-20 16:47:52.574  INFO 50497 --- [http-nio-9090-exec-3] com.dreamchaser.aop.WebLogAspect : ################URL : http://localhost:9090/admin/blogs
2024-01-20 16:47:52.574  INFO 50497 --- [http-nio-9090-exec-3] com.dreamchaser.aop.WebLogAspect : ################HTTP_METHOD : GET
2024-01-20 16:47:52.574  INFO 50497 --- [http-nio-9090-exec-3] com.dreamchaser.aop.WebLogAspect : ################IP : 0:0:0:0:0:0:0:1
2024-01-20 16:47:52.574  INFO 50497 --- [http-nio-9090-exec-3] com.dreamchaser.aop.WebLogAspect : ################THE ARGS OF THE CONTROLLER : []
2024-01-20 16:47:52.574  INFO 50497 --- [http-nio-9090-exec-3] com.dreamchaser.aop.WebLogAspect : ################CLASS_METHOD : com.dreamchaser.controller.PageController.blogs
2024-01-20 16:47:54.045  INFO 50497 --- [http-nio-9090-exec-4] com.dreamchaser.aop.WebLogAspect : ################URL : http://localhost:9090/admin/types-input
2024-01-20 16:47:54.045  INFO 50497 --- [http-nio-9090-exec-4] com.dreamchaser.aop.WebLogAspect : ################HTTP_METHOD : GET
2024-01-20 16:47:54.045  INFO 50497 --- [http-nio-9090-exec-4] com.dreamchaser.aop.WebLogAspect : ################IP : 0:0:0:0:0:0:0:1
2024-01-20 16:47:54.045  INFO 50497 --- [http-nio-9090-exec-4] com.dreamchaser.aop.WebLogAspect : ################THE ARGS OF THE CONTROLLER : []
2024-01-20 16:47:54.046  INFO 50497 --- [http-nio-9090-exec-4] com.dreamchaser.aop.WebLogAspect : ################CLASS_METHOD : com.dreamchaser.controller.PageController.types_input
2024-01-20 16:47:56.058  INFO 50497 --- [http-nio-9090-exec-5] com.dreamchaser.aop.WebLogAspect : ################URL : http://localhost:9090/user/logout
2024-01-20 16:47:56.059  INFO 50497 --- [http-nio-9090-exec-5] com.dreamchaser.aop.WebLogAspect : ################HTTP_METHOD : GET
2024-01-20 16:47:56.060  INFO 50497 --- [http-nio-9090-exec-5] com.dreamchaser.aop.WebLogAspect : ################IP : 0:0:0:0:0:0:0:1
2024-01-20 16:47:56.061  INFO 50497 --- [http-nio-9090-exec-5] com.dreamchaser.aop.WebLogAspect : ################THE ARGS OF THE CONTROLLER : [org.apache.catalina.session.StandardSessionFacade@6627c57f]
2024-01-20 16:47:56.061  INFO 50497 --- [http-nio-9090-exec-5] com.dreamchaser.aop.WebLogAspect : ################CLASS_METHOD : com.dreamchaser.controller.UserController.logOut
2024-01-20 16:48:24.628  INFO 50497 --- [http-nio-9090-exec-7] com.dreamchaser.aop.WebLogAspect : ################URL : http://localhost:9090/login
2024-01-20 16:48:24.630  INFO 50497 --- [http-nio-9090-exec-7] com.dreamchaser.aop.WebLogAspect : ################HTTP_METHOD : GET
2024-01-20 16:48:24.630  INFO 50497 --- [http-nio-9090-exec-7] com.dreamchaser.aop.WebLogAspect : ################IP : 0:0:0:0:0:0:0:1
2024-01-20 16:48:24.630  INFO 50497 --- [http-nio-9090-exec-7] com.dreamchaser.aop.WebLogAspect : ################THE ARGS OF THE CONTROLLER : []
2024-01-20 16:48:24.630  INFO 50497 --- [http-nio-9090-exec-7] com.dreamchaser.aop.WebLogAspect : ################CLASS_METHOD : com.dreamchaser.controller.PageController.login
2024-01-20 16:48:27.129  INFO 50497 --- [http-nio-9090-exec-6] com.dreamchaser.aop.WebLogAspect : ################URL : http://localhost:9090/user/login
2024-01-20 16:48:27.132  INFO 50497 --- [http-nio-9090-exec-6] com.dreamchaser.aop.WebLogAspect : ################HTTP_METHOD : POST
2024-01-20 16:48:27.132  INFO 50497 --- [http-nio-9090-exec-6] com.dreamchaser.aop.WebLogAspect : ################IP : 0:0:0:0:0:0:0:1
2024-01-20 16:48:27.132  INFO 50497 --- [http-nio-9090-exec-6] com.dreamchaser.aop.WebLogAspect : ################THE ARGS OF THE CONTROLLER : [{name=admin, password=admin}, org.apache.catalina.session.StandardSessionFacade@1c097265]
2024-01-20 16:48:27.132  INFO 50497 --- [http-nio-9090-exec-6] com.dreamchaser.aop.WebLogAspect : ################CLASS_METHOD : com.dreamchaser.controller.UserController.loginUser
2024-01-20 16:48:27.253  INFO 50497 --- [http-nio-9090-exec-9] com.dreamchaser.aop.WebLogAspect : ################URL : http://localhost:9090/admin/blogs
2024-01-20 16:48:27.254  INFO 50497 --- [http-nio-9090-exec-9] com.dreamchaser.aop.WebLogAspect : ################HTTP_METHOD : GET
2024-01-20 16:48:27.254  INFO 50497 --- [http-nio-9090-exec-9] com.dreamchaser.aop.WebLogAspect : ################IP : 0:0:0:0:0:0:0:1
2024-01-20 16:48:27.254  INFO 50497 --- [http-nio-9090-exec-9] com.dreamchaser.aop.WebLogAspect : ################THE ARGS OF THE CONTROLLER : []
2024-01-20 16:48:27.254  INFO 50497 --- [http-nio-9090-exec-9] com.dreamchaser.aop.WebLogAspect : ################CLASS_METHOD : com.dreamchaser.controller.PageController.blogs
2024-01-20 16:48:33.815  INFO 50497 --- [http-nio-9090-exec-8] com.dreamchaser.aop.WebLogAspect : ################URL : http://localhost:9090/user/logout
2024-01-20 16:48:33.816  INFO 50497 --- [http-nio-9090-exec-8] com.dreamchaser.aop.WebLogAspect : ################HTTP_METHOD : GET
2024-01-20 16:48:33.816  INFO 50497 --- [http-nio-9090-exec-8] com.dreamchaser.aop.WebLogAspect : ################IP : 0:0:0:0:0:0:0:1
2024-01-20 16:48:33.816  INFO 50497 --- [http-nio-9090-exec-8] com.dreamchaser.aop.WebLogAspect : ################THE ARGS OF THE CONTROLLER : [org.apache.catalina.session.StandardSessionFacade@1c097265]
2024-01-20 16:48:33.816  INFO 50497 --- [http-nio-9090-exec-8] com.dreamchaser.aop.WebLogAspect : ################CLASS_METHOD : com.dreamchaser.controller.UserController.logOut
2024-01-20 16:48:40.110  INFO 50497 --- [http-nio-9090-exec-5] com.dreamchaser.aop.WebLogAspect : ################URL : http://localhost:9090/login
2024-01-20 16:48:40.110  INFO 50497 --- [http-nio-9090-exec-5] com.dreamchaser.aop.WebLogAspect : ################HTTP_METHOD : GET
2024-01-20 16:48:40.110  INFO 50497 --- [http-nio-9090-exec-5] com.dreamchaser.aop.WebLogAspect : ################IP : 0:0:0:0:0:0:0:1
2024-01-20 16:48:40.111  INFO 50497 --- [http-nio-9090-exec-5] com.dreamchaser.aop.WebLogAspect : ################THE ARGS OF THE CONTROLLER : []
2024-01-20 16:48:40.111  INFO 50497 --- [http-nio-9090-exec-5] com.dreamchaser.aop.WebLogAspect : ################CLASS_METHOD : com.dreamchaser.controller.PageController.login
2024-01-20 16:48:41.895  INFO 50497 --- [http-nio-9090-exec-10] com.dreamchaser.aop.WebLogAspect : ################URL : http://localhost:9090/user/login
2024-01-20 16:48:41.896  INFO 50497 --- [http-nio-9090-exec-10] com.dreamchaser.aop.WebLogAspect : ################HTTP_METHOD : POST
2024-01-20 16:48:41.896  INFO 50497 --- [http-nio-9090-exec-10] com.dreamchaser.aop.WebLogAspect : ################IP : 0:0:0:0:0:0:0:1
2024-01-20 16:48:41.896  INFO 50497 --- [http-nio-9090-exec-10] com.dreamchaser.aop.WebLogAspect : ################THE ARGS OF THE CONTROLLER : [{name=admin, password=admin}, org.apache.catalina.session.StandardSessionFacade@22a8cecd]
2024-01-20 16:48:41.897  INFO 50497 --- [http-nio-9090-exec-10] com.dreamchaser.aop.WebLogAspect : ################CLASS_METHOD : com.dreamchaser.controller.UserController.loginUser
2024-01-20 16:48:42.001  INFO 50497 --- [http-nio-9090-exec-7] com.dreamchaser.aop.WebLogAspect : ################URL : http://localhost:9090/admin/blogs
2024-01-20 16:48:42.002  INFO 50497 --- [http-nio-9090-exec-7] com.dreamchaser.aop.WebLogAspect : ################HTTP_METHOD : GET
2024-01-20 16:48:42.002  INFO 50497 --- [http-nio-9090-exec-7] com.dreamchaser.aop.WebLogAspect : ################IP : 0:0:0:0:0:0:0:1
2024-01-20 16:48:42.002  INFO 50497 --- [http-nio-9090-exec-7] com.dreamchaser.aop.WebLogAspect : ################THE ARGS OF THE CONTROLLER : []
2024-01-20 16:48:42.002  INFO 50497 --- [http-nio-9090-exec-7] com.dreamchaser.aop.WebLogAspect : ################CLASS_METHOD : com.dreamchaser.controller.PageController.blogs
2024-01-20 16:48:48.794  INFO 50497 --- [http-nio-9090-exec-6] com.dreamchaser.aop.WebLogAspect : ################URL : http://localhost:9090/admin/types
2024-01-20 16:48:48.795  INFO 50497 --- [http-nio-9090-exec-6] com.dreamchaser.aop.WebLogAspect : ################HTTP_METHOD : GET
2024-01-20 16:48:48.795  INFO 50497 --- [http-nio-9090-exec-6] com.dreamchaser.aop.WebLogAspect : ################IP : 0:0:0:0:0:0:0:1
2024-01-20 16:48:48.795  INFO 50497 --- [http-nio-9090-exec-6] com.dreamchaser.aop.WebLogAspect : ################THE ARGS OF THE CONTROLLER : []
2024-01-20 16:48:48.795  INFO 50497 --- [http-nio-9090-exec-6] com.dreamchaser.aop.WebLogAspect : ################CLASS_METHOD : com.dreamchaser.controller.PageController.types
2024-01-20 16:48:50.189  INFO 50497 --- [http-nio-9090-exec-9] com.dreamchaser.aop.WebLogAspect : ################URL : http://localhost:9090/admin/tags
2024-01-20 16:48:50.189  INFO 50497 --- [http-nio-9090-exec-9] com.dreamchaser.aop.WebLogAspect : ################HTTP_METHOD : GET
2024-01-20 16:48:50.189  INFO 50497 --- [http-nio-9090-exec-9] com.dreamchaser.aop.WebLogAspect : ################IP : 0:0:0:0:0:0:0:1
2024-01-20 16:48:50.189  INFO 50497 --- [http-nio-9090-exec-9] com.dreamchaser.aop.WebLogAspect : ################THE ARGS OF THE CONTROLLER : []
2024-01-20 16:48:50.190  INFO 50497 --- [http-nio-9090-exec-9] com.dreamchaser.aop.WebLogAspect : ################CLASS_METHOD : com.dreamchaser.controller.PageController.tags
2024-01-20 16:48:51.486  INFO 50497 --- [http-nio-9090-exec-8] com.dreamchaser.aop.WebLogAspect : ################URL : http://localhost:9090/admin/comments
2024-01-20 16:48:51.488  INFO 50497 --- [http-nio-9090-exec-8] com.dreamchaser.aop.WebLogAspect : ################HTTP_METHOD : GET
2024-01-20 16:48:51.488  INFO 50497 --- [http-nio-9090-exec-8] com.dreamchaser.aop.WebLogAspect : ################IP : 0:0:0:0:0:0:0:1
2024-01-20 16:48:51.488  INFO 50497 --- [http-nio-9090-exec-8] com.dreamchaser.aop.WebLogAspect : ################THE ARGS OF THE CONTROLLER : []
2024-01-20 16:48:51.488  INFO 50497 --- [http-nio-9090-exec-8] com.dreamchaser.aop.WebLogAspect : ################CLASS_METHOD : com.dreamchaser.controller.PageController.comments
2024-01-20 16:48:56.253  INFO 50497 --- [http-nio-9090-exec-4] com.dreamchaser.aop.WebLogAspect : ################URL : http://localhost:9090/admin/blogs
2024-01-20 16:48:56.258  INFO 50497 --- [http-nio-9090-exec-4] com.dreamchaser.aop.WebLogAspect : ################HTTP_METHOD : GET
2024-01-20 16:48:56.258  INFO 50497 --- [http-nio-9090-exec-4] com.dreamchaser.aop.WebLogAspect : ################IP : 0:0:0:0:0:0:0:1
2024-01-20 16:48:56.258  INFO 50497 --- [http-nio-9090-exec-4] com.dreamchaser.aop.WebLogAspect : ################THE ARGS OF THE CONTROLLER : []
2024-01-20 16:48:56.258  INFO 50497 --- [http-nio-9090-exec-4] com.dreamchaser.aop.WebLogAspect : ################CLASS_METHOD : com.dreamchaser.controller.PageController.blogs
